T077C 4064:552 SEGGER J-Link V4.98e Log File (0000ms, 19439ms total)
T077C 4064:552 DLL Compiled: May  5 2015 11:00:52 (0000ms, 19439ms total)
T077C 4064:552 Logging started @ 2016-05-05 21:45 (0000ms, 19439ms total)
T077C 4064:580 JLINK_ExecCommand("Device = AT91SAM4SD32C", ...)Device "ATSAM4SD32C" selected.  returns 0x00 (0001ms, 19440ms total)
T077C 4064:616 JLINK_ExecCommand("ProjectFile = T:\12.02859-2\Entregas\11 - INTERRUPCAO_PIO\jlink.config", ...)  returns 0x00 (0001ms, 19441ms total)
T077C 4064:626 JLINK_ExecCommand("Device = AT91SAM4SD32C", ...)Device "ATSAM4SD32C" selected.  returns 0x00 (0001ms, 19442ms total)
T077C 4064:627 JLINK_TIF_Select(JLINKARM_TIF_JTAG)  returns 0x00 (0002ms, 19444ms total)
T077C 4064:629 JLINK_GetIdData(...) >0x2F8 JTAG>TotalIRLen = 4, IRPrint = 0x01 >0x30 JTAG> >0x210 JTAG> >0x70 JTAG> >0x40 JTAG> >0x40 JTAG> >0x40 JTAG> >0x48 JTAG> >0x78 JTAG> >0x40 JTAG> >0x30 JTAG> >0x40 JTAG> >0x40 JTAG> >0x30 JTAG> >0x40 JTAG> >0x48 JTAG>Found Cortex-M4 r0p1, Little endian. -- CPU_WriteMem(4 bytes @ 0xE0002000) -- CPU_ReadMem(4 bytes @ 0xE000EDF0) -- CPU_ReadMem(4 bytes @ 0xE0002000)FPUnit: 6 code (BP) slots and 2 literal slots -- CPU_ReadMem(4 bytes @ 0xE000EDFC)
 -- CPU_ReadMem(4 bytes @ 0xE0001000) -- CPU_WriteMem(4 bytes @ 0xE0001000) -- CPU_ReadMem(4 bytes @ 0xE000ED88) -- CPU_WriteMem(4 bytes @ 0xE000ED88) -- CPU_ReadMem(4 bytes @ 0xE000ED88) -- CPU_WriteMem(4 bytes @ 0xE000ED88)CoreSight components:ROMTbl 0 @ E00FF000 -- CPU_ReadMem(16 bytes @ 0xE00FF000) -- CPU_ReadMem(16 bytes @ 0xE000EFF0) -- CPU_ReadMem(16 bytes @ 0xE000EFE0)ROMTbl 0 [0]: FFF0F000, CID: B105E00D, PID: 000BB000 SCS -- CPU_ReadMem(16 bytes @ 0xE0001FF0)
 -- CPU_ReadMem(16 bytes @ 0xE0001FE0)ROMTbl 0 [1]: FFF02000, CID: B105E00D, PID: 003BB002 DWT -- CPU_ReadMem(16 bytes @ 0xE0002FF0) -- CPU_ReadMem(16 bytes @ 0xE0002FE0)ROMTbl 0 [2]: FFF03000, CID: B105E00D, PID: 002BB003 FPB -- CPU_ReadMem(16 bytes @ 0xE0000FF0) -- CPU_ReadMem(16 bytes @ 0xE0000FE0)ROMTbl 0 [3]: FFF01000, CID: B105E00D, PID: 003BB001 ITM -- CPU_ReadMem(16 bytes @ 0xE00FF010) -- CPU_ReadMem(16 bytes @ 0xE0040FF0) -- CPU_ReadMem(16 bytes @ 0xE0040FE0)
ROMTbl 0 [4]: FFF41000, CID: B105900D, PID: 000BB9A1 TPIU ScanLen=4 NumDevices=1 aId[0]=0x4BA00477 aIrRead[0]=0 aScanLen[0]=0 aScanRead[0]=0 (0044ms, 19488ms total)
T077C 4064:673 JLINK_ConfigJTAG(IRPre = 0, DRPre = 0) (0000ms, 19488ms total)
T077C 4064:673 JLINK_SetSpeed(1000) (0001ms, 19489ms total)
T077C 4064:674 JLINK_ResetPullsRESET(OFF) (0000ms, 19489ms total)
T077C 4064:674 JLINK_Connect() >0x2F8 JTAG>TotalIRLen = 4, IRPrint = 0x01 >0x30 JTAG> >0x210 JTAG> >0x70 JTAG> >0x40 JTAG> >0x40 JTAG> >0x40 JTAG> >0x48 JTAG> >0x78 JTAG> >0x40 JTAG> >0x30 JTAG> >0x40 JTAG> >0x40 JTAG> >0x30 JTAG> >0x40 JTAG> >0x48 JTAG>Found Cortex-M4 r0p1, Little endian. -- CPU_WriteMem(4 bytes @ 0xE0002000) -- CPU_ReadMem(4 bytes @ 0xE000EDF0) -- CPU_ReadMem(4 bytes @ 0xE0002000)FPUnit: 6 code (BP) slots and 2 literal slots -- CPU_ReadMem(4 bytes @ 0xE000EDFC)
 -- CPU_ReadMem(4 bytes @ 0xE0001000) -- CPU_WriteMem(4 bytes @ 0xE0001000) -- CPU_ReadMem(4 bytes @ 0xE000ED88) -- CPU_WriteMem(4 bytes @ 0xE000ED88) -- CPU_ReadMem(4 bytes @ 0xE000ED88) -- CPU_WriteMem(4 bytes @ 0xE000ED88)CoreSight components:ROMTbl 0 @ E00FF000 -- CPU_ReadMem(16 bytes @ 0xE00FF000) -- CPU_ReadMem(16 bytes @ 0xE000EFF0) -- CPU_ReadMem(16 bytes @ 0xE000EFE0)ROMTbl 0 [0]: FFF0F000, CID: B105E00D, PID: 000BB000 SCS -- CPU_ReadMem(16 bytes @ 0xE0001FF0)
 -- CPU_ReadMem(16 bytes @ 0xE0001FE0)ROMTbl 0 [1]: FFF02000, CID: B105E00D, PID: 003BB002 DWT -- CPU_ReadMem(16 bytes @ 0xE0002FF0) -- CPU_ReadMem(16 bytes @ 0xE0002FE0)ROMTbl 0 [2]: FFF03000, CID: B105E00D, PID: 002BB003 FPB -- CPU_ReadMem(16 bytes @ 0xE0000FF0) -- CPU_ReadMem(16 bytes @ 0xE0000FE0)ROMTbl 0 [3]: FFF01000, CID: B105E00D, PID: 003BB001 ITM -- CPU_ReadMem(16 bytes @ 0xE00FF010) -- CPU_ReadMem(16 bytes @ 0xE0040FF0) -- CPU_ReadMem(16 bytes @ 0xE0040FE0)
ROMTbl 0 [4]: FFF41000, CID: B105900D, PID: 000BB9A1 TPIU  returns 0x00 (0035ms, 19524ms total)
T077C 4064:709 JLINK_GetDebugInfo(0x100) -- Value=0xE00FF003  returns 0x00 (0001ms, 19525ms total)
T077C 4064:710 JLINK_ReadMem (0xE00FFFF0, 0x0010 Bytes, ...) -- CPU is running -- CPU_ReadMem(16 bytes @ 0xE00FFFF0) - Data: 0D 00 00 00 10 00 00 00 05 00 00 00 B1 00 00 00  returns 0x00 (0001ms, 19526ms total)
T077C 4064:711 JLINK_ReadMem (0xE00FFFD0, 0x0020 Bytes, ...) -- CPU is running -- CPU_ReadMem(32 bytes @ 0xE00FFFD0) - Data: 04 00 00 00 00 00 00 00 00 00 00 00 00 00 00 00 ...  returns 0x00 (0002ms, 19528ms total)
T077C 4064:713 JLINK_ReadMemU32(0xE00FF000, 0x0001 Items, ...) -- CPU is running -- CPU_ReadMem(4 bytes @ 0xE00FF000) - Data: 03 F0 F0 FF  returns 0x01 (0001ms, 19529ms total)
T077C 4064:714 JLINK_ReadMem (0xE000EFF0, 0x0010 Bytes, ...) -- CPU is running -- CPU_ReadMem(16 bytes @ 0xE000EFF0) - Data: 0D 00 00 00 E0 00 00 00 05 00 00 00 B1 00 00 00  returns 0x00 (0001ms, 19530ms total)
T077C 4064:716 JLINK_ReadMem (0xE000EFD0, 0x0020 Bytes, ...) -- CPU is running -- CPU_ReadMem(32 bytes @ 0xE000EFD0) - Data: 04 00 00 00 00 00 00 00 00 00 00 00 00 00 00 00 ...  returns 0x00 (0001ms, 19532ms total)
T077C 4064:717 JLINK_ReadMemU32(0xE00FF004, 0x0001 Items, ...) -- CPU is running -- CPU_ReadMem(4 bytes @ 0xE00FF004) - Data: 03 20 F0 FF  returns 0x01 (0002ms, 19534ms total)
T077C 4064:719 JLINK_ReadMem (0xE0001FF0, 0x0010 Bytes, ...) -- CPU is running -- CPU_ReadMem(16 bytes @ 0xE0001FF0) - Data: 0D 00 00 00 E0 00 00 00 05 00 00 00 B1 00 00 00  returns 0x00 (0002ms, 19536ms total)
T077C 4064:721 JLINK_ReadMem (0xE0001FD0, 0x0020 Bytes, ...) -- CPU is running -- CPU_ReadMem(32 bytes @ 0xE0001FD0) - Data: 04 00 00 00 00 00 00 00 00 00 00 00 00 00 00 00 ...  returns 0x00 (0001ms, 19537ms total)
T077C 4064:722 JLINK_ReadMemU32(0xE00FF008, 0x0001 Items, ...) -- CPU is running -- CPU_ReadMem(4 bytes @ 0xE00FF008) - Data: 03 30 F0 FF  returns 0x01 (0002ms, 19539ms total)
T077C 4064:724 JLINK_ReadMem (0xE0002FF0, 0x0010 Bytes, ...) -- CPU is running -- CPU_ReadMem(16 bytes @ 0xE0002FF0) - Data: 0D 00 00 00 E0 00 00 00 05 00 00 00 B1 00 00 00  returns 0x00 (0001ms, 19540ms total)
T077C 4064:725 JLINK_ReadMem (0xE0002FD0, 0x0020 Bytes, ...) -- CPU is running -- CPU_ReadMem(32 bytes @ 0xE0002FD0) - Data: 04 00 00 00 00 00 00 00 00 00 00 00 00 00 00 00 ...  returns 0x00 (0002ms, 19542ms total)
T077C 4064:727 JLINK_ReadMemU32(0xE00FF00C, 0x0001 Items, ...) -- CPU is running -- CPU_ReadMem(4 bytes @ 0xE00FF00C) - Data: 03 10 F0 FF  returns 0x01 (0001ms, 19543ms total)
T077C 4064:728 JLINK_ReadMem (0xE0000FF0, 0x0010 Bytes, ...) -- CPU is running -- CPU_ReadMem(16 bytes @ 0xE0000FF0) - Data: 0D 00 00 00 E0 00 00 00 05 00 00 00 B1 00 00 00  returns 0x00 (0001ms, 19544ms total)
T077C 4064:729 JLINK_ReadMem (0xE0000FD0, 0x0020 Bytes, ...) -- CPU is running -- CPU_ReadMem(32 bytes @ 0xE0000FD0) - Data: 04 00 00 00 00 00 00 00 00 00 00 00 00 00 00 00 ...  returns 0x00 (0002ms, 19546ms total)
T077C 4064:731 JLINK_ReadMemU32(0xE00FF010, 0x0001 Items, ...) -- CPU is running -- CPU_ReadMem(4 bytes @ 0xE00FF010) - Data: 03 10 F4 FF  returns 0x01 (0001ms, 19547ms total)
T077C 4064:732 JLINK_ReadMem (0xE0040FF0, 0x0010 Bytes, ...) -- CPU is running -- CPU_ReadMem(16 bytes @ 0xE0040FF0) - Data: 0D 00 00 00 90 00 00 00 05 00 00 00 B1 00 00 00  returns 0x00 (0001ms, 19548ms total)
T077C 4064:733 JLINK_ReadMem (0xE0040FD0, 0x0020 Bytes, ...) -- CPU is running -- CPU_ReadMem(32 bytes @ 0xE0040FD0) - Data: 04 00 00 00 00 00 00 00 00 00 00 00 00 00 00 00 ...  returns 0x00 (0002ms, 19550ms total)
T077C 4064:735 JLINK_ReadMemU32(0xE00FF014, 0x0001 Items, ...) -- CPU is running -- CPU_ReadMem(4 bytes @ 0xE00FF014) - Data: 02 20 F4 FF  returns 0x01 (0001ms, 19551ms total)
T077C 4064:736 JLINK_ReadMemU32(0xE00FF018, 0x0001 Items, ...) -- CPU is running -- CPU_ReadMem(4 bytes @ 0xE00FF018) - Data: 00 00 00 00  returns 0x01 (0001ms, 19552ms total)
T077C 4064:737 JLINK_ReadMem (0xE0001000, 0x0004 Bytes, ...) -- CPU is running -- CPU_ReadMem(4 bytes @ 0xE0001000) - Data: 01 00 00 40  returns 0x00 (0001ms, 19553ms total)
T077C 4064:738 JLINK_ReadMem (0xE0001000, 0x0004 Bytes, ...) -- CPU is running -- CPU_ReadMem(4 bytes @ 0xE0001000) - Data: 01 00 00 40  returns 0x00 (0002ms, 19555ms total)
T077C 4064:740 JLINK_ReadMem (0xE0001028, 0x0004 Bytes, ...) -- CPU is running -- CPU_ReadMem(4 bytes @ 0xE0001028) - Data: 00 00 00 00  returns 0x00 (0001ms, 19556ms total)
T077C 4064:741 JLINK_WriteMem(0xE0001028, 0x0004 Bytes, ...) - Data: 00 01 00 00 -- CPU is running -- CPU_WriteMem(4 bytes @ 0xE0001028)  returns 0x04 (0001ms, 19557ms total)
T077C 4064:742 JLINK_ReadMem (0xE0001028, 0x0004 Bytes, ...) -- CPU is running -- CPU_ReadMem(4 bytes @ 0xE0001028) - Data: 00 00 00 00  returns 0x00 (0001ms, 19558ms total)
T077C 4064:743 JLINK_ReadMem (0xE0001038, 0x0004 Bytes, ...) -- CPU is running -- CPU_ReadMem(4 bytes @ 0xE0001038) - Data: 00 02 00 00  returns 0x00 (0001ms, 19559ms total)
T077C 4064:744 JLINK_WriteMem(0xE0001038, 0x0004 Bytes, ...) - Data: 00 03 00 00 -- CPU is running -- CPU_WriteMem(4 bytes @ 0xE0001038)  returns 0x04 (0001ms, 19560ms total)
T077C 4064:745 JLINK_ReadMem (0xE0001038, 0x0004 Bytes, ...) -- CPU is running -- CPU_ReadMem(4 bytes @ 0xE0001038) - Data: 00 03 00 00  returns 0x00 (0001ms, 19561ms total)
T077C 4064:746 JLINK_ReadMem (0xE0001048, 0x0004 Bytes, ...) -- CPU is running -- CPU_ReadMem(4 bytes @ 0xE0001048) - Data: 00 00 00 00  returns 0x00 (0001ms, 19562ms total)
T077C 4064:747 JLINK_WriteMem(0xE0001048, 0x0004 Bytes, ...) - Data: 00 01 00 00 -- CPU is running -- CPU_WriteMem(4 bytes @ 0xE0001048)  returns 0x04 (0001ms, 19563ms total)
T077C 4064:748 JLINK_ReadMem (0xE0001048, 0x0004 Bytes, ...) -- CPU is running -- CPU_ReadMem(4 bytes @ 0xE0001048) - Data: 00 00 00 00  returns 0x00 (0001ms, 19564ms total)
T077C 4064:749 JLINK_ReadMem (0xE0001058, 0x0004 Bytes, ...) -- CPU is running -- CPU_ReadMem(4 bytes @ 0xE0001058) - Data: 00 00 00 00  returns 0x00 (0001ms, 19565ms total)
T077C 4064:750 JLINK_WriteMem(0xE0001058, 0x0004 Bytes, ...) - Data: 00 01 00 00 -- CPU is running -- CPU_WriteMem(4 bytes @ 0xE0001058)  returns 0x04 (0002ms, 19567ms total)
T077C 4064:752 JLINK_ReadMem (0xE0001058, 0x0004 Bytes, ...) -- CPU is running -- CPU_ReadMem(4 bytes @ 0xE0001058) - Data: 00 00 00 00  returns 0x00 (0001ms, 19568ms total)
T077C 4064:753 JLINK_ReadMem (0xE0001024, 0x0004 Bytes, ...) -- CPU is running -- CPU_ReadMem(4 bytes @ 0xE0001024) - Data: 00 00 00 00  returns 0x00 (0001ms, 19569ms total)
T077C 4064:754 JLINK_WriteMem(0xE0001024, 0x0004 Bytes, ...) - Data: 1F 00 00 00 -- CPU is running -- CPU_WriteMem(4 bytes @ 0xE0001024)  returns 0x04 (0001ms, 19570ms total)
T077C 4064:755 JLINK_ReadMem (0xE0001024, 0x0004 Bytes, ...) -- CPU is running -- CPU_ReadMem(4 bytes @ 0xE0001024) - Data: 0F 00 00 00  returns 0x00 (0001ms, 19571ms total)
T077C 4064:756 JLINK_ReadMem (0xE0001034, 0x0004 Bytes, ...) -- CPU is running -- CPU_ReadMem(4 bytes @ 0xE0001034) - Data: 00 00 00 00  returns 0x00 (0002ms, 19573ms total)
T077C 4064:758 JLINK_WriteMem(0xE0001034, 0x0004 Bytes, ...) - Data: 1F 00 00 00 -- CPU is running -- CPU_WriteMem(4 bytes @ 0xE0001034)  returns 0x04 (0001ms, 19574ms total)
T077C 4064:759 JLINK_ReadMem (0xE0001034, 0x0004 Bytes, ...) -- CPU is running -- CPU_ReadMem(4 bytes @ 0xE0001034) - Data: 0F 00 00 00  returns 0x00 (0001ms, 19575ms total)
T077C 4064:760 JLINK_ReadMem (0xE0001044, 0x0004 Bytes, ...) -- CPU is running -- CPU_ReadMem(4 bytes @ 0xE0001044) - Data: 00 00 00 00  returns 0x00 (0001ms, 19576ms total)
T077C 4064:761 JLINK_WriteMem(0xE0001044, 0x0004 Bytes, ...) - Data: 1F 00 00 00 -- CPU is running -- CPU_WriteMem(4 bytes @ 0xE0001044)  returns 0x04 (0001ms, 19577ms total)
T077C 4064:762 JLINK_ReadMem (0xE0001044, 0x0004 Bytes, ...) -- CPU is running -- CPU_ReadMem(4 bytes @ 0xE0001044) - Data: 0F 00 00 00  returns 0x00 (0001ms, 19578ms total)
T077C 4064:763 JLINK_ReadMem (0xE0001054, 0x0004 Bytes, ...) -- CPU is running -- CPU_ReadMem(4 bytes @ 0xE0001054) - Data: 00 00 00 00  returns 0x00 (0002ms, 19580ms total)
T077C 4064:765 JLINK_WriteMem(0xE0001054, 0x0004 Bytes, ...) - Data: 1F 00 00 00 -- CPU is running -- CPU_WriteMem(4 bytes @ 0xE0001054)  returns 0x04 (0001ms, 19581ms total)
T077C 4064:766 JLINK_ReadMem (0xE0001054, 0x0004 Bytes, ...) -- CPU is running -- CPU_ReadMem(4 bytes @ 0xE0001054) - Data: 0F 00 00 00  returns 0x00 (0001ms, 19582ms total)
T077C 4064:767 JLINK_ReadMem (0xE0001028, 0x0004 Bytes, ...) -- CPU is running -- CPU_ReadMem(4 bytes @ 0xE0001028) - Data: 00 00 00 00  returns 0x00 (0001ms, 19583ms total)
T077C 4064:768 JLINK_ReadMem (0xE0001038, 0x0004 Bytes, ...) -- CPU is running -- CPU_ReadMem(4 bytes @ 0xE0001038) - Data: 00 03 00 00  returns 0x00 (0001ms, 19584ms total)
T077C 4064:769 JLINK_ReadMem (0xE0001048, 0x0004 Bytes, ...) -- CPU is running -- CPU_ReadMem(4 bytes @ 0xE0001048) - Data: 00 00 00 00  returns 0x00 (0001ms, 19585ms total)
T077C 4064:770 JLINK_ReadMem (0xE0001058, 0x0004 Bytes, ...) -- CPU is running -- CPU_ReadMem(4 bytes @ 0xE0001058) - Data: 00 00 00 00  returns 0x00 (0001ms, 19586ms total)
T077C 4064:771 JLINK_WriteMem(0xE0001020, 0x0004 Bytes, ...) - Data: 00 00 00 00 -- CPU is running -- CPU_WriteMem(4 bytes @ 0xE0001020)  returns 0x04 (0001ms, 19587ms total)
T077C 4064:772 JLINK_WriteMem(0xE0001024, 0x0004 Bytes, ...) - Data: 00 00 00 00 -- CPU is running -- CPU_WriteMem(4 bytes @ 0xE0001024)  returns 0x04 (0001ms, 19588ms total)
T077C 4064:773 JLINK_WriteMem(0xE0001028, 0x0004 Bytes, ...) - Data: 00 00 00 00 -- CPU is running -- CPU_WriteMem(4 bytes @ 0xE0001028)  returns 0x04 (0001ms, 19589ms total)
T077C 4064:774 JLINK_WriteMem(0xE0001030, 0x0004 Bytes, ...) - Data: 00 00 00 00 -- CPU is running -- CPU_WriteMem(4 bytes @ 0xE0001030)  returns 0x04 (0001ms, 19590ms total)
T077C 4064:775 JLINK_WriteMem(0xE0001034, 0x0004 Bytes, ...) - Data: 00 00 00 00 -- CPU is running -- CPU_WriteMem(4 bytes @ 0xE0001034)  returns 0x04 (0001ms, 19591ms total)
T077C 4064:776 JLINK_WriteMem(0xE0001038, 0x0004 Bytes, ...) - Data: 00 00 00 00 -- CPU is running -- CPU_WriteMem(4 bytes @ 0xE0001038)  returns 0x04 (0001ms, 19592ms total)
T077C 4064:777 JLINK_WriteMem(0xE0001040, 0x0004 Bytes, ...) - Data: 00 00 00 00 -- CPU is running -- CPU_WriteMem(4 bytes @ 0xE0001040)  returns 0x04 (0001ms, 19593ms total)
T077C 4064:778 JLINK_WriteMem(0xE0001044, 0x0004 Bytes, ...) - Data: 00 00 00 00 -- CPU is running -- CPU_WriteMem(4 bytes @ 0xE0001044)  returns 0x04 (0001ms, 19594ms total)
T077C 4064:779 JLINK_WriteMem(0xE0001048, 0x0004 Bytes, ...) - Data: 00 00 00 00 -- CPU is running -- CPU_WriteMem(4 bytes @ 0xE0001048)  returns 0x04 (0001ms, 19595ms total)
T077C 4064:780 JLINK_WriteMem(0xE0001050, 0x0004 Bytes, ...) - Data: 00 00 00 00 -- CPU is running -- CPU_WriteMem(4 bytes @ 0xE0001050)  returns 0x04 (0001ms, 19596ms total)
T077C 4064:781 JLINK_WriteMem(0xE0001054, 0x0004 Bytes, ...) - Data: 00 00 00 00 -- CPU is running -- CPU_WriteMem(4 bytes @ 0xE0001054)  returns 0x04 (0001ms, 19597ms total)
T077C 4064:782 JLINK_WriteMem(0xE0001058, 0x0004 Bytes, ...) - Data: 00 00 00 00 -- CPU is running -- CPU_WriteMem(4 bytes @ 0xE0001058)  returns 0x04 (0001ms, 19598ms total)
T077C 4064:783 JLINK_Halt()  returns 0x00 (0008ms, 19606ms total)
T077C 4064:791 JLINK_WriteMem(0x400E0A04, 0x0004 Bytes, ...) - Data: 0B 01 00 5A -- CPU_WriteMem(4 bytes @ 0x400E0A04)  returns 0x04 (0001ms, 19607ms total)
T077C 4064:792 JLINK_ReadMem (0x400E0A08, 0x0004 Bytes, ...) -- CPU_ReadMem(4 bytes @ 0x400E0A08) - Data: 01 00 00 00  returns 0x00 (0001ms, 19608ms total)
T077C 4064:793 JLINK_WriteMem(0x400E0A04, 0x0004 Bytes, ...) - Data: 0C 02 00 5A -- CPU_WriteMem(4 bytes @ 0x400E0A04)  returns 0x04 (0001ms, 19609ms total)
T077C 4064:794 JLINK_ReadMem (0x400E0A08, 0x0004 Bytes, ...) -- CPU_ReadMem(4 bytes @ 0x400E0A08) - Data: 01 00 00 00  returns 0x00 (0001ms, 19610ms total)
T077C 4064:795 JLINK_Reset() -- CPU_ReadMem(16 bytes @ 0x20000000) -- CPU_WriteMem(16 bytes @ 0x20000000) -- CPU_ReadMem(4 bytes @ 0xE000EDFC) -- CPU_WriteMem(4 bytes @ 0xE000EDFC) -- CPU_ReadMem(4 bytes @ 0xE0001000) -- CPU_WriteMem(4 bytes @ 0xE000EDFC) -- CPU_WriteMem(16 bytes @ 0x20000000) -- CPU_WriteMem(4 bytes @ 0xE0002000) -- CPU_ReadMem(4 bytes @ 0xE000EDFC) -- CPU_ReadMem(4 bytes @ 0xE0001000) (0041ms, 19651ms total)
T077C 4064:837 JLINK_JTAG_GetDeviceID(DeviceIndex = 0)  returns 0x4BA00477 (0000ms, 19651ms total)
T077C 4064:837 JLINK_ReadMemU32(0x400E0740, 0x0001 Items, ...) -- CPU_ReadMem(4 bytes @ 0x400E0740) - Data: E0 0E A7 29  returns 0x01 (0002ms, 19653ms total)
T077C 4064:839 JLINK_ReadMemU32(0x400E0744, 0x0001 Items, ...) -- CPU_ReadMem(4 bytes @ 0x400E0744) - Data: 00 00 00 00  returns 0x01 (0001ms, 19654ms total)
T077C 4064:840 JLINK_WriteMem(0x400E0A04, 0x0004 Bytes, ...) - Data: 05 00 00 5A -- CPU_WriteMem(4 bytes @ 0x400E0A04)  returns 0x04 (0001ms, 19655ms total)
T077C 4064:841 JLINK_WriteMem(0x400E0C04, 0x0004 Bytes, ...) - Data: 05 00 00 5A -- CPU_WriteMem(4 bytes @ 0x400E0C04)  returns 0x04 (0001ms, 19656ms total)
T077C 4064:842 JLINK_ReadMem (0x400E0A08, 0x0004 Bytes, ...) -- CPU_ReadMem(4 bytes @ 0x400E0A08) - Data: 00 00 00 00  returns 0x00 (0001ms, 19657ms total)
T077C 4064:844 JLINK_ReadMem (0x400E0A08, 0x0004 Bytes, ...) -- CPU_ReadMem(4 bytes @ 0x400E0A08) - Data: 00 00 00 00  returns 0x00 (0001ms, 19658ms total)
T1A70 4064:847 JLINK_IsHalted()  returns TRUE (0000ms, 19658ms total)
T1A70 4064:847 JLINK_GetMOEs(...) -- CPU_ReadMem(4 bytes @ 0xE000ED30) -- CPU_WriteMem(4 bytes @ 0xE000ED30)  returns 0x01 (0002ms, 19660ms total)
T077C 4064:849 JLINK_ReadMem (0x400E0A08, 0x0004 Bytes, ...) -- CPU_ReadMem(4 bytes @ 0x400E0A08) - Data: 00 00 00 00  returns 0x00 (0001ms, 19661ms total)
T1A70 4064:850 JLINK_ReadReg(R15 (PC))  returns 0x00400AA0 (0000ms, 19661ms total)
T077C 4064:866 JLINK_ReadMem (0x400E0A08, 0x0004 Bytes, ...) -- CPU_ReadMem(4 bytes @ 0x400E0A08) - Data: 00 00 00 00  returns 0x00 (0001ms, 19662ms total)
T077C 4064:931 JLINK_ReadMem (0x400E0A08, 0x0004 Bytes, ...) -- CPU_ReadMem(4 bytes @ 0x400E0A08) - Data: 00 00 00 00  returns 0x00 (0001ms, 19663ms total)
T1A70 4065:050 JLINK_IsHalted()  returns TRUE (0000ms, 19663ms total)
T077C 4065:188 JLINK_ReadMem (0x400E0A08, 0x0004 Bytes, ...) -- CPU_ReadMem(4 bytes @ 0x400E0A08) - Data: 00 00 00 00  returns 0x00 (0001ms, 19664ms total)
T1A70 4065:250 JLINK_IsHalted()  returns TRUE (0000ms, 19664ms total)
T1A70 4065:450 JLINK_IsHalted()  returns TRUE (0000ms, 19664ms total)
T1A70 4065:651 JLINK_IsHalted()  returns TRUE (0000ms, 19664ms total)
T1A70 4065:851 JLINK_IsHalted()  returns TRUE (0000ms, 19664ms total)
T1A70 4066:051 JLINK_IsHalted()  returns TRUE (0001ms, 19665ms total)
T077C 4066:189 JLINK_ReadMem (0x400E0A08, 0x0004 Bytes, ...) -- CPU_ReadMem(4 bytes @ 0x400E0A08) - Data: 00 00 00 00  returns 0x00 (0001ms, 19665ms total)
T077C 4066:190 JLINK_ReadMem (0x400E0C08, 0x0004 Bytes, ...) -- CPU_ReadMem(4 bytes @ 0x400E0C08) - Data: 00 00 00 00  returns 0x00 (0002ms, 19667ms total)
T077C 4066:193 JLINK_ReadMem (0x400E0C08, 0x0004 Bytes, ...) -- CPU_ReadMem(4 bytes @ 0x400E0C08) - Data: 00 00 00 00  returns 0x00 (0001ms, 19668ms total)
T077C 4066:198 JLINK_ReadMem (0x400E0C08, 0x0004 Bytes, ...) -- CPU_ReadMem(4 bytes @ 0x400E0C08) - Data: 00 00 00 00  returns 0x00 (0001ms, 19669ms total)
T077C 4066:215 JLINK_ReadMem (0x400E0C08, 0x0004 Bytes, ...) -- CPU_ReadMem(4 bytes @ 0x400E0C08) - Data: 00 00 00 00  returns 0x00 (0001ms, 19670ms total)
T1A70 4066:252 JLINK_IsHalted()  returns TRUE (0000ms, 19670ms total)
T077C 4066:280 JLINK_ReadMem (0x400E0C08, 0x0004 Bytes, ...) -- CPU_ReadMem(4 bytes @ 0x400E0C08) - Data: 00 00 00 00  returns 0x00 (0001ms, 19671ms total)
T1A70 4066:452 JLINK_IsHalted()  returns TRUE (0000ms, 19671ms total)
T077C 4066:537 JLINK_ReadMem (0x400E0C08, 0x0004 Bytes, ...) -- CPU_ReadMem(4 bytes @ 0x400E0C08) - Data: 00 00 00 00  returns 0x00 (0001ms, 19672ms total)
T1A70 4066:652 JLINK_IsHalted()  returns TRUE (0001ms, 19673ms total)
T1A70 4066:853 JLINK_IsHalted()  returns TRUE (0000ms, 19672ms total)
T1A70 4067:053 JLINK_IsHalted()  returns TRUE (0000ms, 19672ms total)
T1A70 4067:253 JLINK_IsHalted()  returns TRUE (0001ms, 19673ms total)
T1A70 4067:454 JLINK_IsHalted()  returns TRUE (0000ms, 19672ms total)
T077C 4067:538 JLINK_ReadMem (0x400E0C08, 0x0004 Bytes, ...) -- CPU_ReadMem(4 bytes @ 0x400E0C08) - Data: 00 00 00 00  returns 0x00 (0001ms, 19673ms total)
T077C 4067:539 JLINK_ReadMem (0x400E0A08, 0x0004 Bytes, ...) -- CPU_ReadMem(4 bytes @ 0x400E0A08) - Data: 00 00 00 00  returns 0x00 (0002ms, 19675ms total)
T077C 4067:542 JLINK_ReadMem (0x400E0A08, 0x0004 Bytes, ...) -- CPU_ReadMem(4 bytes @ 0x400E0A08) - Data: 00 00 00 00  returns 0x00 (0001ms, 19676ms total)
T077C 4067:547 JLINK_ReadMem (0x400E0A08, 0x0004 Bytes, ...) -- CPU_ReadMem(4 bytes @ 0x400E0A08) - Data: 00 00 00 00  returns 0x00 (0001ms, 19677ms total)
T077C 4067:564 JLINK_ReadMem (0x400E0A08, 0x0004 Bytes, ...) -- CPU_ReadMem(4 bytes @ 0x400E0A08) - Data: 00 00 00 00  returns 0x00 (0001ms, 19678ms total)
T077C 4067:629 JLINK_ReadMem (0x400E0A08, 0x0004 Bytes, ...) -- CPU_ReadMem(4 bytes @ 0x400E0A08) - Data: 00 00 00 00  returns 0x00 (0001ms, 19679ms total)
T1A70 4067:654 JLINK_IsHalted()  returns TRUE (0000ms, 19679ms total)
T1A70 4067:854 JLINK_IsHalted()  returns TRUE (0002ms, 19681ms total)
T077C 4067:886 JLINK_ReadMem (0x400E0A08, 0x0004 Bytes, ...) -- CPU_ReadMem(4 bytes @ 0x400E0A08) - Data: 00 00 00 00  returns 0x00 (0001ms, 19680ms total)
T1A70 4068:056 JLINK_IsHalted()  returns TRUE (0000ms, 19680ms total)
T1A70 4068:256 JLINK_IsHalted()  returns TRUE (0000ms, 19680ms total)
T1A70 4068:456 JLINK_IsHalted()  returns TRUE (0001ms, 19681ms total)
T1A70 4068:657 JLINK_IsHalted()  returns TRUE (0000ms, 19680ms total)
T1A70 4068:857 JLINK_IsHalted()  returns TRUE (0000ms, 19680ms total)
T077C 4068:887 JLINK_ReadMem (0x400E0A08, 0x0004 Bytes, ...) -- CPU_ReadMem(4 bytes @ 0x400E0A08) - Data: 00 00 00 00  returns 0x00 (0001ms, 19681ms total)
T077C 4068:888 JLINK_ReadMem (0x400E0C08, 0x0004 Bytes, ...) -- CPU_ReadMem(4 bytes @ 0x400E0C08) - Data: 00 00 00 00  returns 0x00 (0001ms, 19682ms total)
T077C 4068:890 JLINK_ReadMem (0x400E0C08, 0x0004 Bytes, ...) -- CPU_ReadMem(4 bytes @ 0x400E0C08) - Data: 00 00 00 00  returns 0x00 (0001ms, 19683ms total)
T077C 4068:895 JLINK_ReadMem (0x400E0C08, 0x0004 Bytes, ...) -- CPU_ReadMem(4 bytes @ 0x400E0C08) - Data: 00 00 00 00  returns 0x00 (0001ms, 19684ms total)
T077C 4068:912 JLINK_ReadMem (0x400E0C08, 0x0004 Bytes, ...) -- CPU_ReadMem(4 bytes @ 0x400E0C08) - Data: 00 00 00 00  returns 0x00 (0001ms, 19685ms total)
T077C 4068:977 JLINK_ReadMem (0x400E0C08, 0x0004 Bytes, ...) -- CPU_ReadMem(4 bytes @ 0x400E0C08) - Data: 00 00 00 00  returns 0x00 (0001ms, 19686ms total)
T1A70 4069:057 JLINK_IsHalted()  returns TRUE (0001ms, 19687ms total)
T077C 4069:234 JLINK_ReadMem (0x400E0C08, 0x0004 Bytes, ...) -- CPU_ReadMem(4 bytes @ 0x400E0C08) - Data: 00 00 00 00  returns 0x00 (0001ms, 19687ms total)
T1A70 4069:258 JLINK_IsHalted()  returns TRUE (0000ms, 19687ms total)
T1A70 4069:458 JLINK_IsHalted()  returns TRUE (0000ms, 19687ms total)
T1A70 4069:658 JLINK_IsHalted()  returns TRUE (0001ms, 19688ms total)
T1A70 4069:859 JLINK_IsHalted()  returns TRUE (0000ms, 19687ms total)
T1A70 4070:059 JLINK_IsHalted()  returns TRUE (0000ms, 19687ms total)
T077C 4070:235 JLINK_ReadMem (0x400E0C08, 0x0004 Bytes, ...) -- CPU_ReadMem(4 bytes @ 0x400E0C08) - Data: 01 00 00 00  returns 0x00 (0004ms, 19691ms total)
T077C 4070:239 JLINK_ReadMem (0x400E0A08, 0x0004 Bytes, ...) -- CPU_ReadMem(4 bytes @ 0x400E0A08) - Data: 01 00 00 00  returns 0x00 (0002ms, 19693ms total)
T1A70 4070:259 JLINK_IsHalted()  returns TRUE (0001ms, 19694ms total)
T077C 4070:261 JLINK_ResetPullsRESET(ON) (0000ms, 19693ms total)
T077C 4070:261 JLINK_ResetNoHalt() >0x2F8 JTAG>TotalIRLen = 4, IRPrint = 0x01 >0x30 JTAG> >0x210 JTAG> >0x70 JTAG> >0x40 JTAG> >0x40 JTAG> >0x40 JTAG> >0x48 JTAG> >0x78 JTAG> >0x40 JTAG> >0x30 JTAG> >0x40 JTAG> >0x40 JTAG> >0x30 JTAG> >0x40 JTAG> >0x48 JTAG>Found Cortex-M4 r0p1, Little endian. -- CPU_WriteMem(4 bytes @ 0xE0002000) -- CPU_ReadMem(4 bytes @ 0xE000EDF0) -- CPU_ReadMem(4 bytes @ 0xE0002000)FPUnit: 6 code (BP) slots and 2 literal slots -- CPU_ReadMem(4 bytes @ 0xE000EDFC)
 -- CPU_ReadMem(4 bytes @ 0xE0001000) -- CPU_ReadMem(4 bytes @ 0xE000ED88) -- CPU_WriteMem(4 bytes @ 0xE000ED88) -- CPU_ReadMem(4 bytes @ 0xE000ED88) -- CPU_WriteMem(4 bytes @ 0xE000ED88)CoreSight components:ROMTbl 0 @ E00FF000 -- CPU_ReadMem(16 bytes @ 0xE00FF000) -- CPU_ReadMem(16 bytes @ 0xE000EFF0) -- CPU_ReadMem(16 bytes @ 0xE000EFE0)ROMTbl 0 [0]: FFF0F000, CID: B105E00D, PID: 000BB000 SCS -- CPU_WriteMem(4 bytes @ 0xE0001000) -- CPU_ReadMem(16 bytes @ 0xE0001FF0)
 -- CPU_ReadMem(16 bytes @ 0xE0001FE0)ROMTbl 0 [1]: FFF02000, CID: B105E00D, PID: 003BB002 DWT -- CPU_ReadMem(16 bytes @ 0xE0002FF0) -- CPU_ReadMem(16 bytes @ 0xE0002FE0)ROMTbl 0 [2]: FFF03000, CID: B105E00D, PID: 002BB003 FPB -- CPU_ReadMem(16 bytes @ 0xE0000FF0) -- CPU_ReadMem(16 bytes @ 0xE0000FE0)ROMTbl 0 [3]: FFF01000, CID: B105E00D, PID: 003BB001 ITM -- CPU_ReadMem(16 bytes @ 0xE00FF010) -- CPU_ReadMem(16 bytes @ 0xE0040FF0) -- CPU_ReadMem(16 bytes @ 0xE0040FE0)
ROMTbl 0 [4]: FFF41000, CID: B105900D, PID: 000BB9A1 TPIU
                JLINK_Reset() -- CPU_ReadMem(16 bytes @ 0x20000000) -- CPU_WriteMem(16 bytes @ 0x20000000) -- CPU_ReadMem(4 bytes @ 0xE000EDFC) -- CPU_WriteMem(4 bytes @ 0xE000EDFC) -- CPU_ReadMem(4 bytes @ 0xE0001000) -- CPU_WriteMem(4 bytes @ 0xE0001004) -- CPU_WriteMem(4 bytes @ 0xE000EDFC) -- CPU_WriteMem(16 bytes @ 0x20000000) -- CPU_WriteMem(4 bytes @ 0xE0002000) -- CPU_ReadMem(4 bytes @ 0xE000EDFC) -- CPU_ReadMem(4 bytes @ 0xE0001000) (0042ms, 0042ms total)
                JLINK_Go() -- CPU_ReadMem(4 bytes @ 0xE0001000) -- CPU_WriteMem(4 bytes @ 0xE0001004) (0003ms, 0045ms total)
               (0091ms, 19784ms total)
T077C 4070:354 JLINK_ExecCommand("ProjectFile = T:\12.02859-2\Entregas\11 - INTERRUPCAO_PIO\jlink.config", ...)  returns 0x00 (0001ms, 19785ms total)
T077C 4070:375 JLINK_ExecCommand("Device = AT91SAM4SD32C", ...)Device "ATSAM4SD32C" selected.  returns 0x00 (0001ms, 19786ms total)
T077C 4070:376 JLINK_TIF_Select(JLINKARM_TIF_JTAG)  returns 0x00 (0000ms, 19786ms total)
T077C 4070:376 JLINK_GetIdData(...) ScanLen=4 NumDevices=1 aId[0]=0x4BA00477 aIrRead[0]=0 aScanLen[0]=0 aScanRead[0]=0 (0000ms, 19786ms total)
T077C 4070:376 JLINK_ConfigJTAG(IRPre = 0, DRPre = 0) (0000ms, 19786ms total)
T077C 4070:376 JLINK_SetSpeed(4000) (0001ms, 19787ms total)
T077C 4070:377 JLINK_ResetPullsRESET(OFF) (0000ms, 19787ms total)
T077C 4070:377 JLINK_Connect() >0x2F8 JTAG>TotalIRLen = 4, IRPrint = 0x01 >0x30 JTAG> >0x210 JTAG> >0x70 JTAG> >0x40 JTAG> >0x40 JTAG> >0x40 JTAG> >0x48 JTAG> >0x78 JTAG> >0x40 JTAG> >0x30 JTAG> >0x40 JTAG> >0x40 JTAG> >0x30 JTAG> >0x40 JTAG> >0x48 JTAG>Found Cortex-M4 r0p1, Little endian. -- CPU_WriteMem(4 bytes @ 0xE0002000) -- CPU_ReadMem(4 bytes @ 0xE000EDF0) -- CPU_ReadMem(4 bytes @ 0xE0002000)FPUnit: 6 code (BP) slots and 2 literal slots -- CPU_ReadMem(4 bytes @ 0xE000EDFC)
 -- CPU_ReadMem(4 bytes @ 0xE0001000) -- CPU_WriteMem(4 bytes @ 0xE0001000) -- CPU_ReadMem(4 bytes @ 0xE000ED88) -- CPU_WriteMem(4 bytes @ 0xE000ED88) -- CPU_ReadMem(4 bytes @ 0xE000ED88) -- CPU_WriteMem(4 bytes @ 0xE000ED88)CoreSight components:ROMTbl 0 @ E00FF000 -- CPU_ReadMem(16 bytes @ 0xE00FF000) -- CPU_ReadMem(16 bytes @ 0xE000EFF0) -- CPU_ReadMem(16 bytes @ 0xE000EFE0)ROMTbl 0 [0]: FFF0F000, CID: B105E00D, PID: 000BB000 SCS -- CPU_ReadMem(16 bytes @ 0xE0001FF0)
 -- CPU_ReadMem(16 bytes @ 0xE0001FE0)ROMTbl 0 [1]: FFF02000, CID: B105E00D, PID: 003BB002 DWT -- CPU_ReadMem(16 bytes @ 0xE0002FF0) -- CPU_ReadMem(16 bytes @ 0xE0002FE0)ROMTbl 0 [2]: FFF03000, CID: B105E00D, PID: 002BB003 FPB -- CPU_ReadMem(16 bytes @ 0xE0000FF0) -- CPU_ReadMem(16 bytes @ 0xE0000FE0)ROMTbl 0 [3]: FFF01000, CID: B105E00D, PID: 003BB001 ITM -- CPU_ReadMem(16 bytes @ 0xE00FF010) -- CPU_ReadMem(16 bytes @ 0xE0040FF0) -- CPU_ReadMem(16 bytes @ 0xE0040FE0)
ROMTbl 0 [4]: FFF41000, CID: B105900D, PID: 000BB9A1 TPIU  returns 0x00 (0034ms, 19821ms total)
T077C 4070:411 JLINK_WriteMem(0xE0001020, 0x0004 Bytes, ...) - Data: 00 00 00 00 -- CPU is running -- CPU_WriteMem(4 bytes @ 0xE0001020)  returns 0x04 (0002ms, 19823ms total)
T077C 4070:413 JLINK_WriteMem(0xE0001024, 0x0004 Bytes, ...) - Data: 00 00 00 00 -- CPU is running -- CPU_WriteMem(4 bytes @ 0xE0001024)  returns 0x04 (0001ms, 19824ms total)
T077C 4070:414 JLINK_WriteMem(0xE0001028, 0x0004 Bytes, ...) - Data: 00 00 00 00 -- CPU is running -- CPU_WriteMem(4 bytes @ 0xE0001028)  returns 0x04 (0001ms, 19825ms total)
T077C 4070:415 JLINK_WriteMem(0xE0001030, 0x0004 Bytes, ...) - Data: 00 00 00 00 -- CPU is running -- CPU_WriteMem(4 bytes @ 0xE0001030)  returns 0x04 (0001ms, 19826ms total)
T077C 4070:416 JLINK_WriteMem(0xE0001034, 0x0004 Bytes, ...) - Data: 00 00 00 00 -- CPU is running -- CPU_WriteMem(4 bytes @ 0xE0001034)  returns 0x04 (0001ms, 19827ms total)
T077C 4070:417 JLINK_WriteMem(0xE0001038, 0x0004 Bytes, ...) - Data: 00 00 00 00 -- CPU is running -- CPU_WriteMem(4 bytes @ 0xE0001038)  returns 0x04 (0001ms, 19828ms total)
T077C 4070:418 JLINK_WriteMem(0xE0001040, 0x0004 Bytes, ...) - Data: 00 00 00 00 -- CPU is running -- CPU_WriteMem(4 bytes @ 0xE0001040)  returns 0x04 (0001ms, 19829ms total)
T077C 4070:419 JLINK_WriteMem(0xE0001044, 0x0004 Bytes, ...) - Data: 00 00 00 00 -- CPU is running -- CPU_WriteMem(4 bytes @ 0xE0001044)  returns 0x04 (0001ms, 19830ms total)
T077C 4070:420 JLINK_WriteMem(0xE0001048, 0x0004 Bytes, ...) - Data: 00 00 00 00 -- CPU is running -- CPU_WriteMem(4 bytes @ 0xE0001048)  returns 0x04 (0001ms, 19831ms total)
T077C 4070:421 JLINK_WriteMem(0xE0001050, 0x0004 Bytes, ...) - Data: 00 00 00 00 -- CPU is running -- CPU_WriteMem(4 bytes @ 0xE0001050)  returns 0x04 (0001ms, 19832ms total)
T077C 4070:422 JLINK_WriteMem(0xE0001054, 0x0004 Bytes, ...) - Data: 00 00 00 00 -- CPU is running -- CPU_WriteMem(4 bytes @ 0xE0001054)  returns 0x04 (0000ms, 19832ms total)
T077C 4070:422 JLINK_WriteMem(0xE0001058, 0x0004 Bytes, ...) - Data: 00 00 00 00 -- CPU is running -- CPU_WriteMem(4 bytes @ 0xE0001058)  returns 0x04 (0001ms, 19833ms total)
T077C 4070:423 JLINK_Halt()  returns 0x00 (0005ms, 19838ms total)
T077C 4070:428 JLINK_WriteMem(0x400E0A04, 0x0004 Bytes, ...) - Data: 0B 01 00 5A -- CPU_WriteMem(4 bytes @ 0x400E0A04)  returns 0x04 (0001ms, 19839ms total)
T077C 4070:429 JLINK_ReadMem (0x400E0A08, 0x0004 Bytes, ...) -- CPU_ReadMem(4 bytes @ 0x400E0A08) - Data: 01 00 00 00  returns 0x00 (0001ms, 19840ms total)
T077C 4070:430 JLINK_WriteMem(0x400E0A04, 0x0004 Bytes, ...) - Data: 0C 02 00 5A -- CPU_WriteMem(4 bytes @ 0x400E0A04)  returns 0x04 (0001ms, 19841ms total)
T077C 4070:431 JLINK_ReadMem (0x400E0A08, 0x0004 Bytes, ...) -- CPU_ReadMem(4 bytes @ 0x400E0A08) - Data: 01 00 00 00  returns 0x00 (0001ms, 19842ms total)
T077C 4070:432 JLINK_Reset() -- CPU_ReadMem(16 bytes @ 0x20000000) -- CPU_WriteMem(16 bytes @ 0x20000000) -- CPU_ReadMem(4 bytes @ 0xE000EDFC) -- CPU_WriteMem(4 bytes @ 0xE000EDFC) -- CPU_ReadMem(4 bytes @ 0xE0001000) -- CPU_WriteMem(4 bytes @ 0xE000EDFC) -- CPU_WriteMem(16 bytes @ 0x20000000) -- CPU_WriteMem(4 bytes @ 0xE0002000) -- CPU_ReadMem(4 bytes @ 0xE000EDFC) -- CPU_ReadMem(4 bytes @ 0xE0001000) (0028ms, 19870ms total)
T077C 4070:462 JLINK_JTAG_GetDeviceID(DeviceIndex = 0)  returns 0x4BA00477 (0000ms, 19870ms total)
T077C 4070:462 JLINK_ReadMemU32(0x400E0740, 0x0001 Items, ...) -- CPU_ReadMem(4 bytes @ 0x400E0740) - Data: E0 0E A7 29  returns 0x01 (0001ms, 19871ms total)
T077C 4070:463 JLINK_ReadMemU32(0x400E0744, 0x0001 Items, ...) -- CPU_ReadMem(4 bytes @ 0x400E0744) - Data: 00 00 00 00  returns 0x01 (0001ms, 19872ms total)
T077C 4070:467 JLINK_BeginDownload(Flags = 0x00) (0000ms, 19872ms total)
T077C 4070:467 JLINK_WriteMem(0x00400000, 0x110C Bytes, ...) - Data: C8 34 00 20 A1 0A 40 00 69 0B 40 00 69 0B 40 00 ...  returns 0x110C (0000ms, 19872ms total)
T077C 4070:467 JLINK_WriteMem(0x0040110C, 0x0430 Bytes, ...) - Data: 00 09 3D 00 00 00 00 00 00 00 00 00 F4 02 00 20 ...  returns 0x430 (0001ms, 19873ms total)
T0CF0 4070:484 JLINK_IsHalted()  returns TRUE (0000ms, 19873ms total)
T0CF0 4070:484 JLINK_GetMOEs(...) -- CPU_ReadMem(4 bytes @ 0xE000ED30) -- CPU_WriteMem(4 bytes @ 0xE000ED30)  returns 0x01 (0001ms, 19874ms total)
T0CF0 4070:485 JLINK_ReadReg(R15 (PC)) -- -------------------------------------- -- Start of determining dirty areas in flash cache -- End of determining dirty areas -- Start of preparing flash programming -- Calculating RAM usage -- RAM usage = 2884 Bytes -- Preserving registers -- Preparing memory -- Determining CPU clock frequency -- CPU clock frequency: 4118 kHz -- CPU frequency = 4118 kHz -- Preparing target -- Downloading RAMCode -- Using alternate TurboMode RAMCode -- Checking target RAM
 -- Preparing RAMCode -- End of preparing flash programmingCPU is running at low speed (4118 kHz). -- CPU is running at 4118 kHz. -- Start of comparing flash -- Read back was estimated as fastest method -- Comparing range 0x400000 - 0x4015FF (11 Sectors, 5 KB), using multi-block CRC calculation -- CPU is running -- CPU_ReadMem(512 bytes @ 0x00400000) -- CPU is running -- CPU_ReadMem(512 bytes @ 0x00400200) -- CPU is running -- CPU_ReadMem(512 bytes @ 0x00400400) -- CPU is running
 -- CPU_ReadMem(512 bytes @ 0x00400600) -- CPU is running -- CPU_ReadMem(512 bytes @ 0x00400800) -- CPU is running -- CPU_ReadMem(512 bytes @ 0x00400A00) -- CPU is running -- CPU_ReadMem(512 bytes @ 0x00400C00) -- CPU is running -- CPU_ReadMem(512 bytes @ 0x00400E00) -- CPU is running -- CPU_ReadMem(512 bytes @ 0x00401000) -- CPU is running -- CPU_ReadMem(512 bytes @ 0x00401200) -- CPU is running -- CPU_ReadMem(512 bytes @ 0x00401400) -- CRC does not match for sectors 0-10 -- End of comparing flash
 -- Start of erasing sectors -- End of erasing sectors -- Start of flash programming -- Programming range 0x00400000 - 0x004015FF (011 Sectors, 5 KB) -- End of flash programming -- Flash programming performed for 1 range (5632 bytes) -- 0x400000 - 0x4015FF (011 Sectors, 5 KB) -- Start of verifying flash -- Checksum calculation was estimated as fastest method -- End of verifying flash -- Start of restoring -- Restore RAMCode -- Restore content of target memory -- Restore target -- Restore memory
 -- Restore content of registers -- End of restoring -- Total time needed: 0.236s (Prepare: 0.088s, Compare: 0.051s, Erase: 0.000s, Program: 0.086s, Verify: 0.002s, Restore: 0.007s)  returns 0xFFFFFFFE (0243ms, 20117ms total)
T1364 4070:837 JLINK_Halt()  returns 0x00 (0000ms, 20117ms total)
T1364 4070:837 JLINK_ReadReg(R15 (PC))  returns 0xFFFFFFFE (0000ms, 20117ms total)
T1364 4070:838 JLINK_ReadReg(R13 (SP))  returns 0xFFFFFFFC (0000ms, 20118ms total)
T0CF0 4070:928 JLINK_IsHalted()  returns TRUE (0000ms, 20118ms total)
T1364 4071:007 JLINK_ReadReg(R0)  returns 0x400E1400 (0002ms, 20120ms total)
T1364 4071:009 JLINK_ReadReg(R1)  returns 0x40C00000 (0000ms, 20120ms total)
T1364 4071:009 JLINK_ReadReg(R2)  returns 0xA5000005 (0000ms, 20120ms total)
T1364 4071:009 JLINK_ReadReg(R3)  returns 0x00000000 (0000ms, 20120ms total)
T1364 4071:009 JLINK_ReadReg(R4)  returns 0x00400795 (0000ms, 20120ms total)
T1364 4071:009 JLINK_ReadReg(R5)  returns 0xAC3EE8DE (0000ms, 20120ms total)
T1364 4071:009 JLINK_ReadReg(R6)  returns 0x43879C59 (0000ms, 20120ms total)
T1364 4071:009 JLINK_ReadReg(R7)  returns 0x200034A0 (0000ms, 20120ms total)
T1364 4071:009 JLINK_ReadReg(R8)  returns 0x929E2684 (0000ms, 20120ms total)
T1364 4071:009 JLINK_ReadReg(R9)  returns 0x25290B43 (0000ms, 20120ms total)
T1364 4071:009 JLINK_ReadReg(R10)  returns 0x935319DF (0000ms, 20120ms total)
T1364 4071:009 JLINK_ReadReg(R11)  returns 0x22BEAD46 (0000ms, 20120ms total)
T1364 4071:009 JLINK_ReadReg(R12)  returns 0x8BD0386A (0000ms, 20120ms total)
T1364 4071:009 JLINK_ReadReg(R13 (SP))  returns 0xFFFFFFFC (0000ms, 20120ms total)
T1364 4071:009 JLINK_ReadReg(R14)  returns 0xFFFFFFFF (0000ms, 20120ms total)
T1364 4071:009 JLINK_ReadReg(R15 (PC))  returns 0xFFFFFFFE (0000ms, 20120ms total)
T1364 4071:009 JLINK_ReadReg(XPSR)  returns 0x01000000 (0000ms, 20120ms total)
T1364 4071:009 JLINK_ReadReg(MSP)  returns 0xFFFFFFFC (0001ms, 20121ms total)
T1364 4071:010 JLINK_ReadReg(PSP)  returns 0xB64D0864 (0000ms, 20121ms total)
T1364 4071:010 JLINK_ReadReg(PRIMASK)  returns 0x00000000 (0000ms, 20121ms total)
T1364 4071:010 JLINK_ReadReg(BASEPRI)  returns 0x00000000 (0000ms, 20121ms total)
T1364 4071:010 JLINK_ReadReg(FAULTMASK)  returns 0x00000000 (0000ms, 20121ms total)
T1364 4071:010 JLINK_ReadReg(CONTROL)  returns 0x00000000 (0000ms, 20121ms total)
T1364 4071:051 JLINK_EndDownload()  returns 0x00 (0000ms, 20121ms total)
T1364 4071:051 JLINK_Reset() -- CPU_ReadMem(16 bytes @ 0x20000000) -- CPU_WriteMem(16 bytes @ 0x20000000) -- CPU_ReadMem(4 bytes @ 0xE000EDFC) -- CPU_WriteMem(4 bytes @ 0xE000EDFC) -- CPU_ReadMem(4 bytes @ 0xE0001000) -- CPU_WriteMem(4 bytes @ 0xE000EDFC) -- CPU_WriteMem(16 bytes @ 0x20000000) -- CPU_WriteMem(4 bytes @ 0xE0002000) -- CPU_ReadMem(4 bytes @ 0xE000EDFC) -- CPU_ReadMem(4 bytes @ 0xE0001000) (0027ms, 20148ms total)
T0CF0 4071:078 JLINK_IsHalted()  returns TRUE (0000ms, 20148ms total)
T0CF0 4071:078 JLINK_GetMOEs(...) -- CPU_ReadMem(4 bytes @ 0xE000ED30) -- CPU_WriteMem(4 bytes @ 0xE000ED30)  returns 0x01 (0001ms, 20149ms total)
T0CF0 4071:079 JLINK_ReadReg(R15 (PC))  returns 0x00400AA0 (0000ms, 20149ms total)
T1364 4071:088 JLINK_ReadReg(R15 (PC))  returns 0x00400AA0 (0000ms, 20149ms total)
T1364 4071:088 JLINK_ReadReg(R13 (SP))  returns 0x200034C8 (0000ms, 20149ms total)
T1364 4071:096 JLINK_ReadMemHW(0x00400AA0, 0x0004 Bytes, ...) -- CPU_ReadMem(4 bytes @ 0x00400AA0) - Data: 80 B5 84 B0  returns 0x00 (0001ms, 20150ms total)
T1364 4071:158 JLINK_ReadMemHW(0x00400ECC, 0x0001 Bytes, ...) -- CPU_ReadMem(1 bytes @ 0x00400ECC) - Data: 90  returns 0x00 (0001ms, 20151ms total)
T1364 4071:220 JLINK_ReadReg(R15 (PC))  returns 0x00400AA0 (0000ms, 20151ms total)
T1364 4071:220 JLINK_GetNumBPUnits(Type = 0xFFFFFF02)  returns 0x06 (0000ms, 20151ms total)
T1364 4071:220 JLINK_SetBPEx(Addr = 0x00400ECC, Type = 0xFFFFFF02)  returns 0x00000001 (0000ms, 20151ms total)
T1364 4071:220 JLINK_GetBPInfo(BPHandle = 1)  returns 0x00 (0000ms, 20151ms total)
T1364 4071:220 JLINK_Go() -- CPU_ReadMem(4 bytes @ 0xE0001000) -- CPU_WriteMem(4 bytes @ 0xE0002008) -- CPU_WriteMem(4 bytes @ 0xE000200C) -- CPU_WriteMem(4 bytes @ 0xE0002010) -- CPU_WriteMem(4 bytes @ 0xE0002014) -- CPU_WriteMem(4 bytes @ 0xE0002018) -- CPU_WriteMem(4 bytes @ 0xE000201C) -- CPU_WriteMem(4 bytes @ 0xE0001004) (0006ms, 20157ms total)
T0CF0 4071:226 JLINK_IsHalted()  returns FALSE (0001ms, 20158ms total)
T0CF0 4071:247 JLINK_IsHalted()  returns TRUE (0004ms, 20161ms total)
T0CF0 4071:251 JLINK_GetMOEs(...) -- CPU_ReadMem(4 bytes @ 0xE000ED30) -- CPU_WriteMem(4 bytes @ 0xE000ED30)  returns 0x01 (0002ms, 20159ms total)
T0CF0 4071:253 JLINK_ReadReg(R15 (PC))  returns 0x00400ECC (0000ms, 20159ms total)
T0CF0 4071:253 JLINK_GetBPInfo(BPHandle = 1)  returns 0x00 (0000ms, 20159ms total)
T0CF0 4071:253 JLINK_ClrBPEx(BPHandle = 0x00000001)  returns 0x00 (0000ms, 20159ms total)
T1364 4071:256 JLINK_ReadReg(R15 (PC))  returns 0x00400ECC (0000ms, 20159ms total)
T1364 4071:256 JLINK_ReadReg(R13 (SP))  returns 0x200034B0 (0000ms, 20159ms total)
T1364 4071:257 JLINK_ReadMemHW(0x00400ECC, 0x0004 Bytes, ...) -- CPU_ReadMem(4 bytes @ 0x00400ECC) - Data: 90 B5 83 B0  returns 0x00 (0001ms, 20160ms total)
T1364 4071:271 JLINK_ReadReg(R15 (PC))  returns 0x00400ECC (0000ms, 20160ms total)
T1364 4071:271 JLINK_Go() -- CPU_ReadMem(4 bytes @ 0xE0001000) -- CPU_WriteMem(4 bytes @ 0xE0002008) (0002ms, 20162ms total)
T0CF0 4071:273 JLINK_IsHalted()  returns FALSE (0001ms, 20163ms total)
T0CF0 4071:315 JLINK_IsHalted()  returns FALSE (0001ms, 20163ms total)
T0CF0 4071:476 JLINK_IsHalted()  returns FALSE (0001ms, 20163ms total)
T0CF0 4072:117 JLINK_IsHalted()  returns FALSE (0001ms, 20163ms total)
T0CF0 4072:759 JLINK_IsHalted()  returns FALSE (0001ms, 20163ms total)
T0CF0 4073:400 JLINK_IsHalted()  returns FALSE (0001ms, 20163ms total)
T0CF0 4074:041 JLINK_IsHalted()  returns FALSE (0001ms, 20163ms total)
T0CF0 4074:682 JLINK_IsHalted()  returns FALSE (0001ms, 20163ms total)
T0CF0 4075:323 JLINK_IsHalted()  returns FALSE (0001ms, 20163ms total)
T0CF0 4075:964 JLINK_IsHalted()  returns FALSE (0001ms, 20163ms total)
T0CF0 4076:605 JLINK_IsHalted()  returns FALSE (0001ms, 20163ms total)
T0CF0 4077:247 JLINK_IsHalted()  returns FALSE (0002ms, 20164ms total)
T0CF0 4077:889 JLINK_IsHalted()  returns FALSE (0001ms, 20163ms total)
T0CF0 4078:530 JLINK_IsHalted()  returns FALSE (0001ms, 20163ms total)
T0CF0 4079:172 JLINK_IsHalted()  returns FALSE (0001ms, 20163ms total)
T0CF0 4079:813 JLINK_IsHalted()  returns FALSE (0001ms, 20163ms total)
T0CF0 4080:454 JLINK_IsHalted()  returns FALSE (0001ms, 20163ms total)
T0CF0 4081:095 JLINK_IsHalted()  returns FALSE (0001ms, 20163ms total)
T0CF0 4081:736 JLINK_IsHalted()  returns FALSE (0001ms, 20163ms total)
T0CF0 4082:377 JLINK_IsHalted()  returns FALSE (0001ms, 20163ms total)
T0CF0 4083:018 JLINK_IsHalted()  returns FALSE (0001ms, 20163ms total)
T0CF0 4083:659 JLINK_IsHalted()  returns FALSE (0001ms, 20163ms total)
T0CF0 4084:300 JLINK_IsHalted()  returns FALSE (0001ms, 20163ms total)
T0CF0 4084:941 JLINK_IsHalted()  returns FALSE (0001ms, 20163ms total)
T0CF0 4085:582 JLINK_IsHalted()  returns FALSE (0001ms, 20163ms total)
T0CF0 4086:223 JLINK_IsHalted()  returns FALSE (0001ms, 20163ms total)
T0CF0 4086:864 JLINK_IsHalted()  returns FALSE (0001ms, 20163ms total)
T0CF0 4087:505 JLINK_IsHalted()  returns FALSE (0001ms, 20163ms total)
T0CF0 4088:146 JLINK_IsHalted()  returns FALSE (0001ms, 20163ms total)
T0CF0 4088:787 JLINK_IsHalted()  returns FALSE (0001ms, 20163ms total)
T0CF0 4089:428 JLINK_IsHalted()  returns FALSE (0001ms, 20163ms total)
T0CF0 4090:069 JLINK_IsHalted()  returns FALSE (0001ms, 20163ms total)
T0CF0 4090:710 JLINK_IsHalted()  returns FALSE (0000ms, 20162ms total)
T12DC 4090:967 JLINK_EMU_GetList(InterfaceMask = 0x00000001, MaxInfos = 0x00000032) [0]: USB, S/N: 28012462  returns 0x01 (0001ms, 20163ms total)
T0CF0 4091:350 JLINK_IsHalted()  returns FALSE (0001ms, 20164ms total)
T0CF0 4091:991 JLINK_IsHalted()  returns FALSE (0001ms, 20164ms total)
T12DC 4092:276 JLINK_EMU_GetList(InterfaceMask = 0x00000001, MaxInfos = 0x00000032) [0]: USB, S/N: 28012462  returns 0x01 (0001ms, 20164ms total)
T0CF0 4092:632 JLINK_IsHalted()  returns FALSE (0002ms, 20166ms total)
T0CF0 4093:274 JLINK_IsHalted()  returns FALSE (0001ms, 20165ms total)
T12DC 4093:586 JLINK_EMU_GetList(InterfaceMask = 0x00000001, MaxInfos = 0x00000032) [0]: USB, S/N: 28012462  returns 0x01 (0001ms, 20165ms total)
T0CF0 4093:915 JLINK_IsHalted()  returns FALSE (0001ms, 20166ms total)
T0CF0 4094:556 JLINK_IsHalted()  returns FALSE (0001ms, 20166ms total)
T12DC 4094:899 JLINK_EMU_GetList(InterfaceMask = 0x00000001, MaxInfos = 0x00000032) [0]: USB, S/N: 28012462  returns 0x01 (0002ms, 20167ms total)
T0CF0 4095:197 JLINK_IsHalted()  returns FALSE (0001ms, 20168ms total)
T0CF0 4095:838 JLINK_IsHalted()  returns FALSE (0001ms, 20168ms total)
T12DC 4096:209 JLINK_EMU_GetList(InterfaceMask = 0x00000001, MaxInfos = 0x00000032) [0]: USB, S/N: 28012462  returns 0x01 (0001ms, 20168ms total)
T0CF0 4096:480 JLINK_IsHalted()  returns FALSE (0001ms, 20169ms total)
T0CF0 4097:121 JLINK_IsHalted()  returns FALSE (0001ms, 20169ms total)
T12DC 4097:522 JLINK_EMU_GetList(InterfaceMask = 0x00000001, MaxInfos = 0x00000032) [0]: USB, S/N: 28012462  returns 0x01 (0003ms, 20171ms total)
T0CF0 4097:762 JLINK_IsHalted()  returns FALSE (0002ms, 20173ms total)
T0CF0 4098:404 JLINK_IsHalted()  returns FALSE (0001ms, 20172ms total)
T12DC 4098:832 JLINK_EMU_GetList(InterfaceMask = 0x00000001, MaxInfos = 0x00000032) [0]: USB, S/N: 28012462  returns 0x01 (0002ms, 20173ms total)
T0CF0 4099:045 JLINK_IsHalted()  returns FALSE (0001ms, 20174ms total)
T0CF0 4099:686 JLINK_IsHalted()  returns FALSE (0001ms, 20174ms total)
T12DC 4100:147 JLINK_EMU_GetList(InterfaceMask = 0x00000001, MaxInfos = 0x00000032) [0]: USB, S/N: 28012462  returns 0x01 (0001ms, 20174ms total)
T0CF0 4100:327 JLINK_IsHalted()  returns FALSE (0001ms, 20175ms total)
T0CF0 4100:968 JLINK_IsHalted()  returns FALSE (0001ms, 20175ms total)
T12DC 4101:460 JLINK_EMU_GetList(InterfaceMask = 0x00000001, MaxInfos = 0x00000032) [0]: USB, S/N: 28012462  returns 0x01 (0002ms, 20176ms total)
T0CF0 4101:609 JLINK_IsHalted()  returns FALSE (0001ms, 20177ms total)
T0CF0 4102:250 JLINK_IsHalted()  returns FALSE (0001ms, 20177ms total)
T12DC 4102:774 JLINK_EMU_GetList(InterfaceMask = 0x00000001, MaxInfos = 0x00000032) [0]: USB, S/N: 28012462  returns 0x01 (0000ms, 20176ms total)
T0CF0 4102:891 JLINK_IsHalted()  returns FALSE (0001ms, 20177ms total)
T0CF0 4103:532 JLINK_IsHalted()  returns FALSE (0001ms, 20177ms total)
T12DC 4104:086 JLINK_EMU_GetList(InterfaceMask = 0x00000001, MaxInfos = 0x00000032) [0]: USB, S/N: 28012462  returns 0x01 (0003ms, 20179ms total)
T0CF0 4104:173 JLINK_IsHalted()  returns FALSE (0001ms, 20180ms total)
T0CF0 4104:814 JLINK_IsHalted()  returns FALSE (0001ms, 20180ms total)
T12DC 4105:419 JLINK_EMU_GetList(InterfaceMask = 0x00000001, MaxInfos = 0x00000032) [0]: USB, S/N: 28012462  returns 0x01 (0002ms, 20181ms total)
T0CF0 4105:455 JLINK_IsHalted()  returns FALSE (0001ms, 20182ms total)
T0CF0 4106:096 JLINK_IsHalted()  returns FALSE (0001ms, 20182ms total)
T12DC 4106:733 JLINK_EMU_GetList(InterfaceMask = 0x00000001, MaxInfos = 0x00000032) [0]: USB, S/N: 28012462  returns 0x01 (0001ms, 20182ms total)
T0CF0 4106:737 JLINK_IsHalted()  returns FALSE (0001ms, 20183ms total)
T0CF0 4107:378 JLINK_IsHalted()  returns FALSE (0001ms, 20183ms total)
T0CF0 4108:019 JLINK_IsHalted()  returns FALSE (0001ms, 20183ms total)
T12DC 4108:047 JLINK_EMU_GetList(InterfaceMask = 0x00000001, MaxInfos = 0x00000032) [0]: USB, S/N: 28012462  returns 0x01 (0002ms, 20184ms total)
T0CF0 4108:660 JLINK_IsHalted()  returns FALSE (0001ms, 20185ms total)
T0CF0 4109:301 JLINK_IsHalted()  returns FALSE (0001ms, 20185ms total)
T12DC 4109:357 JLINK_EMU_GetList(InterfaceMask = 0x00000001, MaxInfos = 0x00000032) [0]: USB, S/N: 28012462  returns 0x01 (0002ms, 20186ms total)
T0CF0 4109:942 JLINK_IsHalted()  returns FALSE (0001ms, 20187ms total)
T0CF0 4110:583 JLINK_IsHalted()  returns FALSE (0001ms, 20187ms total)
T12DC 4110:674 JLINK_EMU_GetList(InterfaceMask = 0x00000001, MaxInfos = 0x00000032) [0]: USB, S/N: 28012462  returns 0x01 (0002ms, 20188ms total)
T0CF0 4111:224 JLINK_IsHalted()  returns FALSE (0001ms, 20189ms total)
T0CF0 4111:865 JLINK_IsHalted()  returns FALSE (0001ms, 20189ms total)
T12DC 4111:989 JLINK_EMU_GetList(InterfaceMask = 0x00000001, MaxInfos = 0x00000032) [0]: USB, S/N: 28012462  returns 0x01 (0002ms, 20190ms total)
T0CF0 4112:506 JLINK_IsHalted()  returns FALSE (0001ms, 20191ms total)
T0CF0 4113:147 JLINK_IsHalted()  returns FALSE (0001ms, 20191ms total)
T12DC 4113:302 JLINK_EMU_GetList(InterfaceMask = 0x00000001, MaxInfos = 0x00000032) [0]: USB, S/N: 28012462  returns 0x01 (0002ms, 20192ms total)
T0CF0 4113:789 JLINK_IsHalted()  returns FALSE (0001ms, 20193ms total)
T0CF0 4114:430 JLINK_IsHalted()  returns FALSE (0001ms, 20193ms total)
T12DC 4114:617 JLINK_EMU_GetList(InterfaceMask = 0x00000001, MaxInfos = 0x00000032) [0]: USB, S/N: 28012462  returns 0x01 (0002ms, 20194ms total)
T0CF0 4115:071 JLINK_IsHalted()  returns FALSE (0001ms, 20195ms total)
T0CF0 4115:712 JLINK_IsHalted()  returns FALSE (0001ms, 20195ms total)
T12DC 4115:932 JLINK_EMU_GetList(InterfaceMask = 0x00000001, MaxInfos = 0x00000032) [0]: USB, S/N: 28012462  returns 0x01 (0002ms, 20196ms total)
T0CF0 4116:353 JLINK_IsHalted()  returns FALSE (0000ms, 20196ms total)
T0CF0 4116:993 JLINK_IsHalted()  returns FALSE (0001ms, 20197ms total)
T12DC 4117:247 JLINK_EMU_GetList(InterfaceMask = 0x00000001, MaxInfos = 0x00000032) [0]: USB, S/N: 28012462  returns 0x01 (0002ms, 20198ms total)
T0CF0 4117:634 JLINK_IsHalted()  returns FALSE (0001ms, 20199ms total)
T0CF0 4118:275 JLINK_IsHalted()  returns FALSE (0001ms, 20199ms total)
T12DC 4118:561 JLINK_EMU_GetList(InterfaceMask = 0x00000001, MaxInfos = 0x00000032) [0]: USB, S/N: 28012462  returns 0x01 (0000ms, 20198ms total)
T0CF0 4118:916 JLINK_IsHalted()  returns FALSE (0001ms, 20199ms total)
T0CF0 4119:557 JLINK_IsHalted()  returns FALSE (0001ms, 20199ms total)
T12DC 4119:873 JLINK_EMU_GetList(InterfaceMask = 0x00000001, MaxInfos = 0x00000032) [0]: USB, S/N: 28012462  returns 0x01 (0002ms, 20200ms total)
T0CF0 4120:198 JLINK_IsHalted()  returns FALSE (0001ms, 20201ms total)
T0CF0 4120:839 JLINK_IsHalted()  returns FALSE (0001ms, 20201ms total)
T12DC 4121:187 JLINK_EMU_GetList(InterfaceMask = 0x00000001, MaxInfos = 0x00000032) [0]: USB, S/N: 28012462  returns 0x01 (0002ms, 20202ms total)
T0CF0 4121:480 JLINK_IsHalted()  returns FALSE (0001ms, 20203ms total)
T0CF0 4122:121 JLINK_IsHalted()  returns FALSE (0001ms, 20203ms total)
T12DC 4122:501 JLINK_EMU_GetList(InterfaceMask = 0x00000001, MaxInfos = 0x00000032) [0]: USB, S/N: 28012462  returns 0x01 (0002ms, 20204ms total)
T0CF0 4122:762 JLINK_IsHalted()  returns FALSE (0001ms, 20205ms total)
T0CF0 4123:403 JLINK_IsHalted()  returns FALSE (0001ms, 20205ms total)
T12DC 4123:815 JLINK_EMU_GetList(InterfaceMask = 0x00000001, MaxInfos = 0x00000032) [0]: USB, S/N: 28012462  returns 0x01 (0001ms, 20205ms total)
T0CF0 4124:044 JLINK_IsHalted()  returns FALSE (0001ms, 20206ms total)
T0CF0 4124:685 JLINK_IsHalted()  returns FALSE (0005ms, 20210ms total)
T12DC 4125:128 JLINK_EMU_GetList(InterfaceMask = 0x00000001, MaxInfos = 0x00000032) [0]: USB, S/N: 28012462  returns 0x01 (0002ms, 20207ms total)
T0CF0 4125:330 JLINK_IsHalted()  returns FALSE (0001ms, 20208ms total)
T0CF0 4125:971 JLINK_IsHalted()  returns FALSE (0001ms, 20208ms total)
T12DC 4126:436 JLINK_EMU_GetList(InterfaceMask = 0x00000001, MaxInfos = 0x00000032) [0]: USB, S/N: 28012462  returns 0x01 (0002ms, 20209ms total)
T0CF0 4126:612 JLINK_IsHalted()  returns FALSE (0001ms, 20210ms total)
