T01F8 4480:601 SEGGER J-Link V5.10 Log File (0001ms, 17568ms total)
T01F8 4480:601 DLL Compiled: Nov 27 2015 17:01:28 (0001ms, 17568ms total)
T01F8 4480:601 Logging started @ 2016-06-02 21:21 (0001ms, 17568ms total)
T01F8 4480:624 JLINK_ExecCommand("Device = AT91SAM4SD32C", ...)Device "ATSAM4SD32C" selected.  returns 0x00 (0001ms, 17569ms total)
T01F8 4480:661 JLINK_ExecCommand("ProjectFile = C:\Users\Felipe Montagneri\Documents\ARM - Atmel\Microcontroladores e Sistemas Embarcados\14 - DAC\14-ADC\14-ADC\jlink.config", ...)  returns 0x00 (0001ms, 17570ms total)
T01F8 4480:682 JLINK_ExecCommand("Device = AT91SAM4SD32C", ...)Device "ATSAM4SD32C" selected.  returns 0x00 (0001ms, 17571ms total)
T01F8 4480:683 JLINK_TIF_Select(JLINKARM_TIF_JTAG)  returns 0x00 (0001ms, 17572ms total)
T01F8 4480:684 JLINK_GetIdData(...) >0x2F8 JTAG>TotalIRLen = 4, IRPrint = 0x01 >0x30 JTAG> >0x210 JTAG> >0x70 JTAG> >0x40 JTAG> >0x40 JTAG> >0x40 JTAG> >0x48 JTAG> >0x78 JTAG> >0x40 JTAG> >0x30 JTAG> >0x40 JTAG> >0x40 JTAG> >0x30 JTAG> >0x40 JTAG> >0x48 JTAG>Found Cortex-M4 r0p1, Little endian. -- CPU_ReadMem(4 bytes @ 0xE000EDF0) -- CPU_ReadMem(4 bytes @ 0xE0002000)FPUnit: 6 code (BP) slots and 2 literal slots -- CPU_ReadMem(4 bytes @ 0xE000EDFC) -- CPU_ReadMem(4 bytes @ 0xE0001000)
 -- CPU_WriteMem(4 bytes @ 0xE0001000) -- CPU_ReadMem(4 bytes @ 0xE000ED88) -- CPU_WriteMem(4 bytes @ 0xE000ED88) -- CPU_ReadMem(4 bytes @ 0xE000ED88) -- CPU_WriteMem(4 bytes @ 0xE000ED88)CoreSight components:ROMTbl 0 @ E00FF000 -- CPU_ReadMem(16 bytes @ 0xE00FF000) -- CPU_ReadMem(16 bytes @ 0xE000EFF0) -- CPU_ReadMem(16 bytes @ 0xE000EFE0)ROMTbl 0 [0]: FFF0F000, CID: B105E00D, PID: 000BB000 SCS -- CPU_ReadMem(16 bytes @ 0xE0001FF0) -- CPU_ReadMem(16 bytes @ 0xE0001FE0)
ROMTbl 0 [1]: FFF02000, CID: B105E00D, PID: 003BB002 DWT -- CPU_ReadMem(16 bytes @ 0xE0002FF0) -- CPU_ReadMem(16 bytes @ 0xE0002FE0)ROMTbl 0 [2]: FFF03000, CID: B105E00D, PID: 002BB003 FPB -- CPU_ReadMem(16 bytes @ 0xE0000FF0) -- CPU_ReadMem(16 bytes @ 0xE0000FE0)ROMTbl 0 [3]: FFF01000, CID: B105E00D, PID: 003BB001 ITM -- CPU_ReadMem(16 bytes @ 0xE00FF010) -- CPU_ReadMem(16 bytes @ 0xE0040FF0) -- CPU_ReadMem(16 bytes @ 0xE0040FE0)ROMTbl 0 [4]: FFF41000, CID: B105900D, PID: 000BB9A1 TPIU ScanLen=4
 NumDevices=1 aId[0]=0x4BA00477 aIrRead[0]=0 aScanLen[0]=0 aScanRead[0]=0 (0029ms, 17601ms total)
T01F8 4480:713 JLINK_ConfigJTAG(IRPre = 0, DRPre = 0) (0000ms, 17601ms total)
T01F8 4480:713 JLINK_SetSpeed(4000) (0000ms, 17601ms total)
T01F8 4480:713 JLINK_ResetPullsRESET(OFF) (0000ms, 17601ms total)
T01F8 4480:713 JLINK_Connect() >0x2F8 JTAG>TotalIRLen = 4, IRPrint = 0x01 >0x30 JTAG> >0x210 JTAG> >0x70 JTAG> >0x40 JTAG> >0x40 JTAG> >0x40 JTAG> >0x48 JTAG> >0x78 JTAG> >0x40 JTAG> >0x30 JTAG> >0x40 JTAG> >0x40 JTAG> >0x30 JTAG> >0x40 JTAG> >0x48 JTAG>Found Cortex-M4 r0p1, Little endian. -- CPU_ReadMem(4 bytes @ 0xE000EDF0) -- CPU_ReadMem(4 bytes @ 0xE0002000)FPUnit: 6 code (BP) slots and 2 literal slots -- CPU_ReadMem(4 bytes @ 0xE000EDFC) -- CPU_ReadMem(4 bytes @ 0xE0001000)
 -- CPU_WriteMem(4 bytes @ 0xE0001000) -- CPU_ReadMem(4 bytes @ 0xE000ED88) -- CPU_WriteMem(4 bytes @ 0xE000ED88) -- CPU_ReadMem(4 bytes @ 0xE000ED88) -- CPU_WriteMem(4 bytes @ 0xE000ED88)CoreSight components:ROMTbl 0 @ E00FF000 -- CPU_ReadMem(16 bytes @ 0xE00FF000) -- CPU_ReadMem(16 bytes @ 0xE000EFF0) -- CPU_ReadMem(16 bytes @ 0xE000EFE0)ROMTbl 0 [0]: FFF0F000, CID: B105E00D, PID: 000BB000 SCS -- CPU_ReadMem(16 bytes @ 0xE0001FF0) -- CPU_ReadMem(16 bytes @ 0xE0001FE0)
ROMTbl 0 [1]: FFF02000, CID: B105E00D, PID: 003BB002 DWT -- CPU_ReadMem(16 bytes @ 0xE0002FF0) -- CPU_ReadMem(16 bytes @ 0xE0002FE0)ROMTbl 0 [2]: FFF03000, CID: B105E00D, PID: 002BB003 FPB -- CPU_ReadMem(16 bytes @ 0xE0000FF0) -- CPU_ReadMem(16 bytes @ 0xE0000FE0)ROMTbl 0 [3]: FFF01000, CID: B105E00D, PID: 003BB001 ITM -- CPU_ReadMem(16 bytes @ 0xE00FF010) -- CPU_ReadMem(16 bytes @ 0xE0040FF0) -- CPU_ReadMem(16 bytes @ 0xE0040FE0)ROMTbl 0 [4]: FFF41000, CID: B105900D, PID: 000BB9A1 TPIU  returns 0x00
 (0018ms, 17619ms total)
T01F8 4480:731 JLINK_Halt()  returns 0x00 (0003ms, 17622ms total)
T01F8 4480:734 JLINK_WriteMem(0x400E0A04, 0x0004 Bytes, ...) - Data: 0B 01 00 5A -- CPU_WriteMem(4 bytes @ 0x400E0A04)  returns 0x04 (0001ms, 17623ms total)
T01F8 4480:735 JLINK_ReadMem (0x400E0A08, 0x0004 Bytes, ...) -- CPU_ReadMem(4 bytes @ 0x400E0A08) - Data: 01 00 00 00  returns 0x00 (0000ms, 17623ms total)
T01F8 4480:735 JLINK_WriteMem(0x400E0A04, 0x0004 Bytes, ...) - Data: 0C 02 00 5A -- CPU_WriteMem(4 bytes @ 0x400E0A04)  returns 0x04 (0001ms, 17624ms total)
T01F8 4480:736 JLINK_ReadMem (0x400E0A08, 0x0004 Bytes, ...) -- CPU_ReadMem(4 bytes @ 0x400E0A08) - Data: 01 00 00 00  returns 0x00 (0000ms, 17624ms total)
T01F8 4480:736 JLINK_Reset() -- CPU_ReadMem(16 bytes @ 0x20000000) -- CPU_WriteMem(16 bytes @ 0x20000000) -- CPU_ReadMem(4 bytes @ 0xE000EDFC) -- CPU_WriteMem(4 bytes @ 0xE000EDFC) -- CPU_ReadMem(4 bytes @ 0xE0001000) -- CPU_WriteMem(4 bytes @ 0xE000EDFC) -- CPU_WriteMem(16 bytes @ 0x20000000) -- CPU_WriteMem(4 bytes @ 0xE0002000) -- CPU_ReadMem(4 bytes @ 0xE000EDFC) -- CPU_ReadMem(4 bytes @ 0xE0001000) (0023ms, 17647ms total)
T01F8 4480:761 JLINK_JTAG_GetDeviceID(DeviceIndex = 0)  returns 0x4BA00477 (0000ms, 17647ms total)
T01F8 4480:761 JLINK_ReadMemU32(0x400E0740, 0x0001 Items, ...) -- CPU_ReadMem(4 bytes @ 0x400E0740) - Data: E0 0E A7 29  returns 0x01 (0000ms, 17647ms total)
T01F8 4480:761 JLINK_ReadMemU32(0x400E0744, 0x0001 Items, ...) -- CPU_ReadMem(4 bytes @ 0x400E0744) - Data: 00 00 00 00  returns 0x01 (0001ms, 17648ms total)
T01F8 4480:762 JLINK_WriteMem(0x400E0A04, 0x0004 Bytes, ...) - Data: 05 00 00 5A -- CPU_WriteMem(4 bytes @ 0x400E0A04)  returns 0x04 (0001ms, 17649ms total)
T01F8 4480:763 JLINK_WriteMem(0x400E0C04, 0x0004 Bytes, ...) - Data: 05 00 00 5A -- CPU_WriteMem(4 bytes @ 0x400E0C04)  returns 0x04 (0000ms, 17649ms total)
T01F8 4480:763 JLINK_ReadMem (0x400E0A08, 0x0004 Bytes, ...) -- CPU_ReadMem(4 bytes @ 0x400E0A08) - Data: 00 00 00 00  returns 0x00 (0001ms, 17650ms total)
T01F8 4480:766 JLINK_ReadMem (0x400E0A08, 0x0004 Bytes, ...) -- CPU_ReadMem(4 bytes @ 0x400E0A08) - Data: 00 00 00 00  returns 0x00 (0000ms, 17650ms total)
T01F8 4480:770 JLINK_ReadMem (0x400E0A08, 0x0004 Bytes, ...) -- CPU_ReadMem(4 bytes @ 0x400E0A08) - Data: 00 00 00 00  returns 0x00 (0000ms, 17650ms total)
T1978 4480:770 JLINK_IsHalted()  returns TRUE (0000ms, 17650ms total)
T1978 4480:770 JLINK_GetMOEs(...) -- CPU_ReadMem(4 bytes @ 0xE000ED30) -- CPU_WriteMem(4 bytes @ 0xE000ED30)  returns 0x01 (0001ms, 17651ms total)
T1978 4480:771 JLINK_ReadReg(R15 (PC))  returns 0x00402130 (0000ms, 17651ms total)
T01F8 4480:786 JLINK_ReadMem (0x400E0A08, 0x0004 Bytes, ...) -- CPU_ReadMem(4 bytes @ 0x400E0A08) - Data: 00 00 00 00  returns 0x00 (0000ms, 17651ms total)
T01F8 4480:851 JLINK_ReadMem (0x400E0A08, 0x0004 Bytes, ...) -- CPU_ReadMem(4 bytes @ 0x400E0A08) - Data: 00 00 00 00  returns 0x00 (0000ms, 17651ms total)
T1978 4480:971 JLINK_IsHalted()  returns TRUE (0000ms, 17651ms total)
T01F8 4481:108 JLINK_ReadMem (0x400E0A08, 0x0004 Bytes, ...) -- CPU_ReadMem(4 bytes @ 0x400E0A08) - Data: 00 00 00 00  returns 0x00 (0000ms, 17651ms total)
T1978 4481:172 JLINK_IsHalted()  returns TRUE (0000ms, 17651ms total)
T1978 4481:373 JLINK_IsHalted()  returns TRUE (0000ms, 17651ms total)
T1978 4481:574 JLINK_IsHalted()  returns TRUE (0000ms, 17651ms total)
T1978 4481:774 JLINK_IsHalted()  returns TRUE (0000ms, 17651ms total)
T1978 4481:974 JLINK_IsHalted()  returns TRUE (0000ms, 17651ms total)
T01F8 4482:108 JLINK_ReadMem (0x400E0A08, 0x0004 Bytes, ...) -- CPU_ReadMem(4 bytes @ 0x400E0A08) - Data: 00 00 00 00  returns 0x00 (0000ms, 17651ms total)
T01F8 4482:109 JLINK_ReadMem (0x400E0C08, 0x0004 Bytes, ...) -- CPU_ReadMem(4 bytes @ 0x400E0C08) - Data: 00 00 00 00  returns 0x00 (0001ms, 17652ms total)
T01F8 4482:111 JLINK_ReadMem (0x400E0C08, 0x0004 Bytes, ...) -- CPU_ReadMem(4 bytes @ 0x400E0C08) - Data: 00 00 00 00  returns 0x00 (0000ms, 17652ms total)
T01F8 4482:115 JLINK_ReadMem (0x400E0C08, 0x0004 Bytes, ...) -- CPU_ReadMem(4 bytes @ 0x400E0C08) - Data: 00 00 00 00  returns 0x00 (0000ms, 17652ms total)
T01F8 4482:131 JLINK_ReadMem (0x400E0C08, 0x0004 Bytes, ...) -- CPU_ReadMem(4 bytes @ 0x400E0C08) - Data: 00 00 00 00  returns 0x00 (0000ms, 17652ms total)
T1978 4482:175 JLINK_IsHalted()  returns TRUE (0000ms, 17652ms total)
T01F8 4482:196 JLINK_ReadMem (0x400E0C08, 0x0004 Bytes, ...) -- CPU_ReadMem(4 bytes @ 0x400E0C08) - Data: 00 00 00 00  returns 0x00 (0000ms, 17652ms total)
T1978 4482:376 JLINK_IsHalted()  returns TRUE (0000ms, 17652ms total)
T01F8 4482:453 JLINK_ReadMem (0x400E0C08, 0x0004 Bytes, ...) -- CPU_ReadMem(4 bytes @ 0x400E0C08) - Data: 00 00 00 00  returns 0x00 (0000ms, 17652ms total)
T1978 4482:577 JLINK_IsHalted()  returns TRUE (0001ms, 17653ms total)
T1978 4482:779 JLINK_IsHalted()  returns TRUE (0000ms, 17652ms total)
T1978 4482:979 JLINK_IsHalted()  returns TRUE (0000ms, 17652ms total)
T1978 4483:179 JLINK_IsHalted()  returns TRUE (0000ms, 17652ms total)
T1978 4483:380 JLINK_IsHalted()  returns TRUE (0000ms, 17652ms total)
T01F8 4483:454 JLINK_ReadMem (0x400E0C08, 0x0004 Bytes, ...) -- CPU_ReadMem(4 bytes @ 0x400E0C08) - Data: 00 00 00 00  returns 0x00 (0000ms, 17652ms total)
T01F8 4483:455 JLINK_ReadMem (0x400E0A08, 0x0004 Bytes, ...) -- CPU_ReadMem(4 bytes @ 0x400E0A08) - Data: 00 00 00 00  returns 0x00 (0000ms, 17652ms total)
T01F8 4483:457 JLINK_ReadMem (0x400E0A08, 0x0004 Bytes, ...) -- CPU_ReadMem(4 bytes @ 0x400E0A08) - Data: 00 00 00 00  returns 0x00 (0000ms, 17652ms total)
T01F8 4483:463 JLINK_ReadMem (0x400E0A08, 0x0004 Bytes, ...) -- CPU_ReadMem(4 bytes @ 0x400E0A08) - Data: 00 00 00 00  returns 0x00 (0000ms, 17652ms total)
T01F8 4483:479 JLINK_ReadMem (0x400E0A08, 0x0004 Bytes, ...) -- CPU_ReadMem(4 bytes @ 0x400E0A08) - Data: 00 00 00 00  returns 0x00 (0000ms, 17652ms total)
T01F8 4483:544 JLINK_ReadMem (0x400E0A08, 0x0004 Bytes, ...) -- CPU_ReadMem(4 bytes @ 0x400E0A08) - Data: 00 00 00 00  returns 0x00 (0000ms, 17652ms total)
T1978 4483:581 JLINK_IsHalted()  returns TRUE (0000ms, 17652ms total)
T1978 4483:781 JLINK_IsHalted()  returns TRUE (0000ms, 17652ms total)
T01F8 4483:800 JLINK_ReadMem (0x400E0A08, 0x0004 Bytes, ...) -- CPU_ReadMem(4 bytes @ 0x400E0A08) - Data: 00 00 00 00  returns 0x00 (0000ms, 17652ms total)
T1978 4483:982 JLINK_IsHalted()  returns TRUE (0000ms, 17652ms total)
T1978 4484:182 JLINK_IsHalted()  returns TRUE (0000ms, 17652ms total)
T1978 4484:382 JLINK_IsHalted()  returns TRUE (0000ms, 17652ms total)
T1978 4484:583 JLINK_IsHalted()  returns TRUE (0000ms, 17652ms total)
T1978 4484:784 JLINK_IsHalted()  returns TRUE (0000ms, 17652ms total)
T01F8 4484:801 JLINK_ReadMem (0x400E0A08, 0x0004 Bytes, ...) -- CPU_ReadMem(4 bytes @ 0x400E0A08) - Data: 00 00 00 00  returns 0x00 (0000ms, 17652ms total)
T01F8 4484:802 JLINK_ReadMem (0x400E0C08, 0x0004 Bytes, ...) -- CPU_ReadMem(4 bytes @ 0x400E0C08) - Data: 00 00 00 00  returns 0x00 (0000ms, 17652ms total)
T01F8 4484:804 JLINK_ReadMem (0x400E0C08, 0x0004 Bytes, ...) -- CPU_ReadMem(4 bytes @ 0x400E0C08) - Data: 00 00 00 00  returns 0x00 (0000ms, 17652ms total)
T01F8 4484:809 JLINK_ReadMem (0x400E0C08, 0x0004 Bytes, ...) -- CPU_ReadMem(4 bytes @ 0x400E0C08) - Data: 00 00 00 00  returns 0x00 (0000ms, 17652ms total)
T01F8 4484:825 JLINK_ReadMem (0x400E0C08, 0x0004 Bytes, ...) -- CPU_ReadMem(4 bytes @ 0x400E0C08) - Data: 00 00 00 00  returns 0x00 (0001ms, 17653ms total)
T01F8 4484:890 JLINK_ReadMem (0x400E0C08, 0x0004 Bytes, ...) -- CPU_ReadMem(4 bytes @ 0x400E0C08) - Data: 00 00 00 00  returns 0x00 (0001ms, 17654ms total)
T1978 4484:984 JLINK_IsHalted()  returns TRUE (0000ms, 17654ms total)
T01F8 4485:148 JLINK_ReadMem (0x400E0C08, 0x0004 Bytes, ...) -- CPU_ReadMem(4 bytes @ 0x400E0C08) - Data: 00 00 00 00  returns 0x00 (0000ms, 17654ms total)
T1978 4485:185 JLINK_IsHalted()  returns TRUE (0000ms, 17654ms total)
T1978 4485:385 JLINK_IsHalted()  returns TRUE (0000ms, 17654ms total)
T1978 4485:585 JLINK_IsHalted()  returns TRUE (0000ms, 17654ms total)
T1978 4485:786 JLINK_IsHalted()  returns TRUE (0000ms, 17654ms total)
T1978 4485:987 JLINK_IsHalted()  returns TRUE (0000ms, 17654ms total)
T01F8 4486:148 JLINK_ReadMem (0x400E0C08, 0x0004 Bytes, ...) -- CPU_ReadMem(4 bytes @ 0x400E0C08) - Data: 01 00 00 00  returns 0x00 (0000ms, 17654ms total)
T01F8 4486:148 JLINK_ReadMem (0x400E0A08, 0x0004 Bytes, ...) -- CPU_ReadMem(4 bytes @ 0x400E0A08) - Data: 01 00 00 00  returns 0x00 (0001ms, 17655ms total)
T1978 4486:187 JLINK_IsHalted()  returns TRUE (0000ms, 17655ms total)
T01F8 4486:189 JLINK_ResetPullsRESET(ON) (0000ms, 17655ms total)
T01F8 4486:189 JLINK_ResetNoHalt() >0x2F8 JTAG>TotalIRLen = 4, IRPrint = 0x01 >0x30 JTAG> >0x210 JTAG> >0x70 JTAG> >0x40 JTAG> >0x40 JTAG> >0x40 JTAG> >0x48 JTAG> >0x78 JTAG> >0x40 JTAG> >0x30 JTAG> >0x40 JTAG> >0x40 JTAG> >0x30 JTAG> >0x40 JTAG> >0x48 JTAG>Found Cortex-M4 r0p1, Little endian. -- CPU_ReadMem(4 bytes @ 0xE000EDF0) -- CPU_ReadMem(4 bytes @ 0xE0002000)FPUnit: 6 code (BP) slots and 2 literal slots -- CPU_ReadMem(4 bytes @ 0xE000EDFC) -- CPU_ReadMem(4 bytes @ 0xE0001000)
 -- CPU_ReadMem(4 bytes @ 0xE000ED88) -- CPU_WriteMem(4 bytes @ 0xE000ED88) -- CPU_ReadMem(4 bytes @ 0xE000ED88) -- CPU_WriteMem(4 bytes @ 0xE000ED88)CoreSight components:ROMTbl 0 @ E00FF000 -- CPU_ReadMem(16 bytes @ 0xE00FF000) -- CPU_ReadMem(16 bytes @ 0xE000EFF0) -- CPU_ReadMem(16 bytes @ 0xE000EFE0)ROMTbl 0 [0]: FFF0F000, CID: B105E00D, PID: 000BB000 SCS -- CPU_WriteMem(4 bytes @ 0xE0001000) -- CPU_ReadMem(16 bytes @ 0xE0001FF0) -- CPU_ReadMem(16 bytes @ 0xE0001FE0)
ROMTbl 0 [1]: FFF02000, CID: B105E00D, PID: 003BB002 DWT -- CPU_ReadMem(16 bytes @ 0xE0002FF0) -- CPU_ReadMem(16 bytes @ 0xE0002FE0)ROMTbl 0 [2]: FFF03000, CID: B105E00D, PID: 002BB003 FPB -- CPU_ReadMem(16 bytes @ 0xE0000FF0) -- CPU_ReadMem(16 bytes @ 0xE0000FE0)ROMTbl 0 [3]: FFF01000, CID: B105E00D, PID: 003BB001 ITM -- CPU_ReadMem(16 bytes @ 0xE00FF010) -- CPU_ReadMem(16 bytes @ 0xE0040FF0) -- CPU_ReadMem(16 bytes @ 0xE0040FE0)ROMTbl 0 [4]: FFF41000, CID: B105900D, PID: 000BB9A1 TPIU
                JLINK_Reset() -- CPU_ReadMem(16 bytes @ 0x20000000) -- CPU_WriteMem(16 bytes @ 0x20000000) -- CPU_ReadMem(4 bytes @ 0xE000EDFC) -- CPU_WriteMem(4 bytes @ 0xE000EDFC) -- CPU_ReadMem(4 bytes @ 0xE0001000) -- CPU_WriteMem(4 bytes @ 0xE0001004) -- CPU_WriteMem(4 bytes @ 0xE000EDFC) -- CPU_WriteMem(16 bytes @ 0x20000000) -- CPU_WriteMem(4 bytes @ 0xE0002000) -- CPU_ReadMem(4 bytes @ 0xE000EDFC) -- CPU_ReadMem(4 bytes @ 0xE0001000) (0026ms, 0026ms total)
                JLINK_Go() -- CPU_ReadMem(4 bytes @ 0xE0001000) -- CPU_WriteMem(4 bytes @ 0xE0001004) (0002ms, 0028ms total)
               (0052ms, 17707ms total)
T01F8 4486:242 JLINK_ExecCommand("ProjectFile = C:\Users\Felipe Montagneri\Documents\ARM - Atmel\Microcontroladores e Sistemas Embarcados\14 - DAC\14-ADC\14-ADC\jlink.config", ...)  returns 0x00 (0001ms, 17708ms total)
T01F8 4486:317 JLINK_ExecCommand("Device = AT91SAM4SD32C", ...)Device "ATSAM4SD32C" selected.  returns 0x00 (0003ms, 17711ms total)
T01F8 4486:320 JLINK_TIF_Select(JLINKARM_TIF_JTAG)  returns 0x00 (0000ms, 17711ms total)
T01F8 4486:320 JLINK_GetIdData(...) ScanLen=4 NumDevices=1 aId[0]=0x4BA00477 aIrRead[0]=0 aScanLen[0]=0 aScanRead[0]=0 (0000ms, 17711ms total)
T01F8 4486:320 JLINK_ConfigJTAG(IRPre = 0, DRPre = 0) (0000ms, 17711ms total)
T01F8 4486:320 JLINK_SetSpeed(4000) (0000ms, 17711ms total)
T01F8 4486:320 JLINK_ResetPullsRESET(OFF) (0000ms, 17711ms total)
T01F8 4486:320 JLINK_Connect() >0x2F8 JTAG>TotalIRLen = 4, IRPrint = 0x01 >0x30 JTAG> >0x210 JTAG> >0x70 JTAG> >0x40 JTAG> >0x40 JTAG> >0x40 JTAG> >0x48 JTAG> >0x78 JTAG> >0x40 JTAG> >0x30 JTAG> >0x40 JTAG> >0x40 JTAG> >0x30 JTAG> >0x40 JTAG> >0x48 JTAG>Found Cortex-M4 r0p1, Little endian. -- CPU_ReadMem(4 bytes @ 0xE000EDF0) -- CPU_ReadMem(4 bytes @ 0xE0002000)FPUnit: 6 code (BP) slots and 2 literal slots -- CPU_ReadMem(4 bytes @ 0xE000EDFC) -- CPU_ReadMem(4 bytes @ 0xE0001000)
 -- CPU_WriteMem(4 bytes @ 0xE0001000) -- CPU_ReadMem(4 bytes @ 0xE000ED88) -- CPU_WriteMem(4 bytes @ 0xE000ED88) -- CPU_ReadMem(4 bytes @ 0xE000ED88) -- CPU_WriteMem(4 bytes @ 0xE000ED88)CoreSight components:ROMTbl 0 @ E00FF000 -- CPU_ReadMem(16 bytes @ 0xE00FF000) -- CPU_ReadMem(16 bytes @ 0xE000EFF0) -- CPU_ReadMem(16 bytes @ 0xE000EFE0)ROMTbl 0 [0]: FFF0F000, CID: B105E00D, PID: 000BB000 SCS -- CPU_ReadMem(16 bytes @ 0xE0001FF0) -- CPU_ReadMem(16 bytes @ 0xE0001FE0)
ROMTbl 0 [1]: FFF02000, CID: B105E00D, PID: 003BB002 DWT -- CPU_ReadMem(16 bytes @ 0xE0002FF0) -- CPU_ReadMem(16 bytes @ 0xE0002FE0)ROMTbl 0 [2]: FFF03000, CID: B105E00D, PID: 002BB003 FPB -- CPU_ReadMem(16 bytes @ 0xE0000FF0) -- CPU_ReadMem(16 bytes @ 0xE0000FE0)ROMTbl 0 [3]: FFF01000, CID: B105E00D, PID: 003BB001 ITM -- CPU_ReadMem(16 bytes @ 0xE00FF010) -- CPU_ReadMem(16 bytes @ 0xE0040FF0) -- CPU_ReadMem(16 bytes @ 0xE0040FE0)ROMTbl 0 [4]: FFF41000, CID: B105900D, PID: 000BB9A1 TPIU  returns 0x00
 (0025ms, 17736ms total)
T01F8 4486:346 JLINK_Halt()  returns 0x00 (0003ms, 17740ms total)
T01F8 4486:349 JLINK_WriteMem(0x400E0A04, 0x0004 Bytes, ...) - Data: 0B 01 00 5A -- CPU_WriteMem(4 bytes @ 0x400E0A04)  returns 0x04 (0001ms, 17741ms total)
T01F8 4486:350 JLINK_ReadMem (0x400E0A08, 0x0004 Bytes, ...) -- CPU_ReadMem(4 bytes @ 0x400E0A08) - Data: 01 00 00 00  returns 0x00 (0001ms, 17742ms total)
T01F8 4486:351 JLINK_WriteMem(0x400E0A04, 0x0004 Bytes, ...) - Data: 0C 02 00 5A -- CPU_WriteMem(4 bytes @ 0x400E0A04)  returns 0x04 (0001ms, 17743ms total)
T01F8 4486:352 JLINK_ReadMem (0x400E0A08, 0x0004 Bytes, ...) -- CPU_ReadMem(4 bytes @ 0x400E0A08) - Data: 01 00 00 00  returns 0x00 (0001ms, 17744ms total)
T01F8 4486:353 JLINK_Reset() -- CPU_ReadMem(16 bytes @ 0x20000000) -- CPU_WriteMem(16 bytes @ 0x20000000) -- CPU_ReadMem(4 bytes @ 0xE000EDFC) -- CPU_WriteMem(4 bytes @ 0xE000EDFC) -- CPU_ReadMem(4 bytes @ 0xE0001000) -- CPU_WriteMem(4 bytes @ 0xE000EDFC) -- CPU_WriteMem(16 bytes @ 0x20000000) -- CPU_WriteMem(4 bytes @ 0xE0002000) -- CPU_ReadMem(4 bytes @ 0xE000EDFC) -- CPU_ReadMem(4 bytes @ 0xE0001000) (0025ms, 17769ms total)
T01F8 4486:382 JLINK_JTAG_GetDeviceID(DeviceIndex = 0)  returns 0x4BA00477 (0000ms, 17769ms total)
T01F8 4486:382 JLINK_ReadMemU32(0x400E0740, 0x0001 Items, ...) -- CPU_ReadMem(4 bytes @ 0x400E0740) - Data: E0 0E A7 29  returns 0x01 (0001ms, 17770ms total)
T01F8 4486:383 JLINK_ReadMemU32(0x400E0744, 0x0001 Items, ...) -- CPU_ReadMem(4 bytes @ 0x400E0744) - Data: 00 00 00 00  returns 0x01 (0000ms, 17770ms total)
T0848 4486:389 JLINK_IsHalted()  returns TRUE (0001ms, 17771ms total)
T0848 4486:391 JLINK_GetMOEs(...) -- CPU_ReadMem(4 bytes @ 0xE000ED30) -- CPU_WriteMem(4 bytes @ 0xE000ED30)  returns 0x01 (0002ms, 17772ms total)
T0848 4486:393 JLINK_ReadReg(R15 (PC))  returns 0xFFFFFFFE (0000ms, 17772ms total)
T01F8 4486:394 JLINK_BeginDownload(Flags = 0x00) (0000ms, 17772ms total)
T01F8 4486:394 JLINK_WriteMem(0x00400000, 0x4000 Bytes, ...) - Data: 58 3D 00 20 31 21 40 00 F9 21 40 00 F9 21 40 00 ...  returns 0x4000 (0002ms, 17774ms total)
T01F8 4486:396 JLINK_WriteMem(0x00404000, 0x5B04 Bytes, ...) - Data: 00 00 41 EB 04 51 41 EA 05 01 30 BD 5F EA 4C 0C ...  returns 0x5B04 (0000ms, 17774ms total)
T01F8 4486:397 JLINK_WriteMem(0x00409B04, 0x0008 Bytes, ...) - Data: D8 EF FF 7F 01 00 00 00  returns 0x08 (0000ms, 17774ms total)
T01F8 4486:397 JLINK_WriteMem(0x00409B0C, 0x0884 Bytes, ...) - Data: F0 00 00 00 40 01 00 00 00 09 3D 00 00 00 00 00 ...  returns 0x884 (0000ms, 17774ms total)
T0848 4486:593 JLINK_IsHalted()  returns TRUE (0000ms, 17774ms total)
T27F4 4486:745 JLINK_Halt()  returns 0x00 (0000ms, 17774ms total)
T27F4 4486:745 JLINK_ReadReg(R15 (PC)) -- -------------------------------------- -- Start of determining dirty areas in flash cache -- End of determining dirty areas -- Start of preparing flash programming -- Calculating RAM usage -- RAM usage = 3956 Bytes -- Preserving CPU registers -- Preparing memory -- Determining CPU clock frequency -- CPU clock frequency: 4121 kHz -- CPU frequency = 4121 kHz -- Preparing target -- Downloading RAMCode -- Checking target RAM -- Preparing RAMCode
 -- End of preparing flash programming -- CPU is running at 90000 kHz. -- Start of comparing flash -- CRC check was estimated as fastest method -- Comparing range 0x400000 - 0x403FFF (32 Sectors, 16 KB), using multi-block CRC calculation -- CRC does not match for sectors 0-31 -- Comparing range 0x404000 - 0x40AFFF (7 Sectors, 28 KB), using multi-block CRC calculation -- CRC does not match for sectors 0-6 -- End of comparing flash -- Start of erasing sectors -- End of erasing sectors
 -- Start of flash programming -- Programming range 0x00400000 - 0x00403FFF (032 Sectors, 16 KB) -- Programming range 0x00404000 - 0x0040AFFF (007 Sectors, 28 KB) -- End of flash programming -- 0x400000 - 0x403FFF (032 Sectors, 16 KB) -- 0x404000 - 0x40AFFF (007 Sectors, 28 KB) -- Start of verifying flash -- Checksum calculation was estimated as fastest method -- Checksum calculation was estimated as fastest method -- End of verifying flash -- Start of restoring -- Restore RAMCode
 -- Restore content of target memory -- Restore target -- Restore memory -- Restoring CPU registers -- End of restoring -- Flash programming performed for 2 ranges (45056 bytes) -- Total time needed: 0.546s (Prepare: 0.236s, Compare: 0.011s, Erase: 0.000s, Program: 0.230s, Verify: 0.011s, Restore: 0.056s)  returns 0xFFFFFFFE (0552ms, 18326ms total)
T0848 4487:297 JLINK_IsHalted()  returns TRUE (0000ms, 18326ms total)
T27F4 4487:297 JLINK_ReadReg(R13 (SP))  returns 0xFFFFFFFC (0000ms, 18326ms total)
T0848 4487:497 JLINK_IsHalted()  returns TRUE (0000ms, 18326ms total)
T27F4 4487:566 JLINK_ReadReg(R0)  returns 0x400E1400 (0000ms, 18326ms total)
T27F4 4487:566 JLINK_ReadReg(R1)  returns 0x40C00000 (0000ms, 18326ms total)
T27F4 4487:566 JLINK_ReadReg(R2)  returns 0xA5000005 (0000ms, 18326ms total)
T27F4 4487:566 JLINK_ReadReg(R3)  returns 0x00000000 (0000ms, 18326ms total)
T27F4 4487:567 JLINK_ReadReg(R4)  returns 0x004013D5 (0000ms, 18327ms total)
T27F4 4487:567 JLINK_ReadReg(R5)  returns 0x0000008E (0000ms, 18327ms total)
T27F4 4487:567 JLINK_ReadReg(R6)  returns 0x000000FF (0000ms, 18327ms total)
T27F4 4487:567 JLINK_ReadReg(R7)  returns 0x20003D30 (0000ms, 18327ms total)
T27F4 4487:567 JLINK_ReadReg(R8)  returns 0x0000000A (0000ms, 18327ms total)
T27F4 4487:567 JLINK_ReadReg(R9)  returns 0x00000000 (0000ms, 18327ms total)
T27F4 4487:567 JLINK_ReadReg(R10)  returns 0xFFFFFFFF (0000ms, 18327ms total)
T27F4 4487:567 JLINK_ReadReg(R11)  returns 0x20003C2F (0000ms, 18327ms total)
T27F4 4487:567 JLINK_ReadReg(R12)  returns 0x00000000 (0000ms, 18327ms total)
T27F4 4487:567 JLINK_ReadReg(R13 (SP))  returns 0xFFFFFFFC (0000ms, 18327ms total)
T27F4 4487:567 JLINK_ReadReg(R14)  returns 0xFFFFFFFF (0000ms, 18327ms total)
T27F4 4487:567 JLINK_ReadReg(R15 (PC))  returns 0xFFFFFFFE (0000ms, 18327ms total)
T27F4 4487:567 JLINK_ReadReg(XPSR)  returns 0x01000000 (0000ms, 18327ms total)
T27F4 4487:567 JLINK_ReadReg(MSP)  returns 0xFFFFFFFC (0000ms, 18327ms total)
T27F4 4487:567 JLINK_ReadReg(PSP)  returns 0xB74D086C (0000ms, 18327ms total)
T27F4 4487:567 JLINK_ReadReg(PRIMASK)  returns 0x00000000 (0000ms, 18327ms total)
T27F4 4487:567 JLINK_ReadReg(BASEPRI)  returns 0x00000000 (0000ms, 18327ms total)
T27F4 4487:567 JLINK_ReadReg(FAULTMASK)  returns 0x00000000 (0000ms, 18327ms total)
T27F4 4487:567 JLINK_ReadReg(CONTROL)  returns 0x00000000 (0000ms, 18327ms total)
T27F4 4487:621 JLINK_EndDownload()  returns 0x00 (0000ms, 18327ms total)
T27F4 4487:621 JLINK_Reset() -- CPU_ReadMem(16 bytes @ 0x20000000) -- CPU_WriteMem(16 bytes @ 0x20000000) -- CPU_ReadMem(4 bytes @ 0xE000EDFC) -- CPU_WriteMem(4 bytes @ 0xE000EDFC) -- CPU_ReadMem(4 bytes @ 0xE0001000) -- CPU_WriteMem(4 bytes @ 0xE000EDFC) -- CPU_WriteMem(16 bytes @ 0x20000000) -- CPU_WriteMem(4 bytes @ 0xE0002000) -- CPU_ReadMem(4 bytes @ 0xE000EDFC) -- CPU_ReadMem(4 bytes @ 0xE0001000) (0025ms, 18352ms total)
T0848 4487:646 JLINK_IsHalted()  returns TRUE (0000ms, 18352ms total)
T0848 4487:646 JLINK_GetMOEs(...) -- CPU_ReadMem(4 bytes @ 0xE000ED30) -- CPU_WriteMem(4 bytes @ 0xE000ED30)  returns 0x01 (0001ms, 18353ms total)
T0848 4487:647 JLINK_ReadReg(R15 (PC))  returns 0x00402130 (0000ms, 18353ms total)
T27F4 4487:656 JLINK_ReadReg(R15 (PC))  returns 0x00402130 (0000ms, 18353ms total)
T27F4 4487:656 JLINK_ReadReg(R13 (SP))  returns 0x20003D58 (0000ms, 18353ms total)
T27F4 4487:680 JLINK_ReadMemHW(0x00402130, 0x0004 Bytes, ...) -- CPU_ReadMem(4 bytes @ 0x00402130) - Data: 80 B5 84 B0  returns 0x00 (0001ms, 18354ms total)
T0848 4487:849 JLINK_IsHalted()  returns TRUE (0000ms, 18354ms total)
T27F4 4487:881 JLINK_ReadMemHW(0x004028F4, 0x0001 Bytes, ...) -- CPU_ReadMem(1 bytes @ 0x004028F4) - Data: B0  returns 0x00 (0001ms, 18355ms total)
T27F4 4487:944 JLINK_ReadReg(R15 (PC))  returns 0x00402130 (0001ms, 18356ms total)
T27F4 4487:945 JLINK_GetNumBPUnits(Type = 0xFFFFFF02)  returns 0x06 (0000ms, 18356ms total)
T27F4 4487:945 JLINK_SetBPEx(Addr = 0x004028F4, Type = 0xFFFFFF02)  returns 0x00000001 (0000ms, 18356ms total)
T27F4 4487:945 JLINK_GetBPInfo(BPHandle = 1)  returns 0x00 (0000ms, 18356ms total)
T27F4 4487:945 JLINK_Go() -- CPU_ReadMem(4 bytes @ 0xE0001000) -- CPU_WriteMem(4 bytes @ 0xE0002008) -- CPU_WriteMem(4 bytes @ 0xE000200C) -- CPU_WriteMem(4 bytes @ 0xE0002010) -- CPU_WriteMem(4 bytes @ 0xE0002014) -- CPU_WriteMem(4 bytes @ 0xE0002018) -- CPU_WriteMem(4 bytes @ 0xE000201C) -- CPU_WriteMem(4 bytes @ 0xE0001004) (0004ms, 18360ms total)
T0848 4487:949 JLINK_IsHalted()  returns FALSE (0001ms, 18361ms total)
T0848 4487:970 JLINK_IsHalted()  returns TRUE (0003ms, 18363ms total)
T0848 4487:973 JLINK_GetMOEs(...) -- CPU_ReadMem(4 bytes @ 0xE000ED30) -- CPU_WriteMem(4 bytes @ 0xE000ED30)  returns 0x01 (0001ms, 18361ms total)
T0848 4487:975 JLINK_ReadReg(R15 (PC))  returns 0x004028F4 (0000ms, 18362ms total)
T0848 4487:975 JLINK_WriteMem(0xE000EDFC, 0x0004 Bytes, ...) - Data: 00 00 00 01 -- CPU_WriteMem(4 bytes @ 0xE000EDFC)  returns 0x04 (0000ms, 18362ms total)
T0848 4487:975 JLINK_ReadMem (0xE0001000, 0x0004 Bytes, ...) -- CPU_ReadMem(4 bytes @ 0xE0001000) - Data: 01 00 00 40  returns 0x00 (0001ms, 18363ms total)
T0848 4487:976 JLINK_WriteMem(0xE0001000, 0x0004 Bytes, ...) - Data: 01 00 00 40  returns 0x04 (0000ms, 18363ms total)
T0848 4487:976 JLINK_WriteMem(0xE0001028, 0x0004 Bytes, ...) - Data: 00 01 00 00  returns 0x04 (0000ms, 18363ms total)
T0848 4487:976 JLINK_ReadMem (0xE0001028, 0x0004 Bytes, ...) -- CPU_WriteMem(4 bytes @ 0xE0001028) -- CPU_ReadMem(4 bytes @ 0xE0001028) - Data: 00 00 00 00  returns 0x00 (0002ms, 18365ms total)
T0848 4487:978 JLINK_WriteMem(0xE0001024, 0x0004 Bytes, ...) - Data: 1F 00 00 00  returns 0x04 (0000ms, 18365ms total)
T0848 4487:978 JLINK_ReadMem (0xE0001024, 0x0004 Bytes, ...) -- CPU_WriteMem(4 bytes @ 0xE0001024) -- CPU_ReadMem(4 bytes @ 0xE0001024) - Data: 0F 00 00 00  returns 0x00 (0001ms, 18366ms total)
T0848 4487:979 JLINK_WriteMem(0xE0001038, 0x0004 Bytes, ...) - Data: 00 01 00 00  returns 0x04 (0000ms, 18366ms total)
T0848 4487:979 JLINK_ReadMem (0xE0001038, 0x0004 Bytes, ...) -- CPU_WriteMem(4 bytes @ 0xE0001038) -- CPU_ReadMem(4 bytes @ 0xE0001038) - Data: 00 03 00 00  returns 0x00 (0001ms, 18367ms total)
T0848 4487:980 JLINK_WriteMem(0xE0001034, 0x0004 Bytes, ...) - Data: 1F 00 00 00  returns 0x04 (0000ms, 18367ms total)
T0848 4487:980 JLINK_ReadMem (0xE0001034, 0x0004 Bytes, ...) -- CPU_WriteMem(4 bytes @ 0xE0001034) -- CPU_ReadMem(4 bytes @ 0xE0001034) - Data: 0F 00 00 00  returns 0x00 (0002ms, 18369ms total)
T0848 4487:982 JLINK_WriteMem(0xE0001048, 0x0004 Bytes, ...) - Data: 00 01 00 00  returns 0x04 (0000ms, 18369ms total)
T0848 4487:982 JLINK_ReadMem (0xE0001048, 0x0004 Bytes, ...) -- CPU_WriteMem(4 bytes @ 0xE0001048) -- CPU_ReadMem(4 bytes @ 0xE0001048) - Data: 00 00 00 00  returns 0x00 (0001ms, 18370ms total)
T0848 4487:983 JLINK_WriteMem(0xE0001044, 0x0004 Bytes, ...) - Data: 1F 00 00 00  returns 0x04 (0000ms, 18370ms total)
T0848 4487:983 JLINK_ReadMem (0xE0001044, 0x0004 Bytes, ...) -- CPU_WriteMem(4 bytes @ 0xE0001044) -- CPU_ReadMem(4 bytes @ 0xE0001044) - Data: 0F 00 00 00  returns 0x00 (0002ms, 18372ms total)
T0848 4487:985 JLINK_WriteMem(0xE0001058, 0x0004 Bytes, ...) - Data: 00 01 00 00  returns 0x04 (0000ms, 18372ms total)
T0848 4487:985 JLINK_ReadMem (0xE0001058, 0x0004 Bytes, ...) -- CPU_WriteMem(4 bytes @ 0xE0001058) -- CPU_ReadMem(4 bytes @ 0xE0001058) - Data: 00 00 00 00  returns 0x00 (0001ms, 18373ms total)
T0848 4487:986 JLINK_WriteMem(0xE0001054, 0x0004 Bytes, ...) - Data: 1F 00 00 00  returns 0x04 (0000ms, 18373ms total)
T0848 4487:986 JLINK_ReadMem (0xE0001054, 0x0004 Bytes, ...) -- CPU_WriteMem(4 bytes @ 0xE0001054) -- CPU_ReadMem(4 bytes @ 0xE0001054) - Data: 0F 00 00 00  returns 0x00 (0002ms, 18375ms total)
T0848 4487:988 JLINK_WriteMem(0xE0001020, 0x0004 Bytes, ...) - Data: 00 00 00 00  returns 0x04 (0000ms, 18375ms total)
T0848 4487:988 JLINK_WriteMem(0xE0001024, 0x0004 Bytes, ...) - Data: 00 00 00 00  returns 0x04 (0000ms, 18375ms total)
T0848 4487:988 JLINK_WriteMem(0xE0001028, 0x0004 Bytes, ...) - Data: 00 00 00 00  returns 0x04 (0000ms, 18375ms total)
T0848 4487:988 JLINK_WriteMem(0xE0001030, 0x0004 Bytes, ...) - Data: 00 00 00 00  returns 0x04 (0000ms, 18375ms total)
T0848 4487:988 JLINK_WriteMem(0xE0001034, 0x0004 Bytes, ...) - Data: 00 00 00 00  returns 0x04 (0000ms, 18375ms total)
T0848 4487:988 JLINK_WriteMem(0xE0001038, 0x0004 Bytes, ...) - Data: 00 00 00 00  returns 0x04 (0000ms, 18375ms total)
T0848 4487:988 JLINK_WriteMem(0xE0001040, 0x0004 Bytes, ...) - Data: 00 00 00 00  returns 0x04 (0000ms, 18375ms total)
T0848 4487:988 JLINK_WriteMem(0xE0001044, 0x0004 Bytes, ...) - Data: 00 00 00 00  returns 0x04 (0000ms, 18375ms total)
T0848 4487:988 JLINK_WriteMem(0xE0001048, 0x0004 Bytes, ...) - Data: 00 00 00 00  returns 0x04 (0001ms, 18376ms total)
T0848 4487:989 JLINK_WriteMem(0xE0001050, 0x0004 Bytes, ...) - Data: 00 00 00 00  returns 0x04 (0000ms, 18376ms total)
T0848 4487:989 JLINK_WriteMem(0xE0001054, 0x0004 Bytes, ...) - Data: 00 00 00 00  returns 0x04 (0000ms, 18376ms total)
T0848 4487:989 JLINK_WriteMem(0xE0001058, 0x0004 Bytes, ...) - Data: 00 00 00 00  returns 0x04 (0000ms, 18376ms total)
T0848 4487:989 JLINK_GetBPInfo(BPHandle = 1)  returns 0x00 (0000ms, 18376ms total)
T0848 4487:989 JLINK_ClrBPEx(BPHandle = 0x00000001)  returns 0x00 (0000ms, 18376ms total)
T27F4 4487:991 JLINK_ReadReg(R15 (PC))  returns 0x004028F4 (0000ms, 18376ms total)
T27F4 4487:991 JLINK_ReadReg(R13 (SP))  returns 0x20003D40 (0000ms, 18376ms total)
T27F4 4487:992 JLINK_ReadMemHW(0x004028F4, 0x0004 Bytes, ...) -- CPU_ReadMem(4 bytes @ 0x004028F4) - Data: B0 B5 00 AF  returns 0x00 (0001ms, 18377ms total)
T0848 4488:189 JLINK_IsHalted()  returns TRUE (0000ms, 18377ms total)
T01F8 4488:376 JLINK_ReadReg(R0)  returns 0x00409B0C (0000ms, 18377ms total)
T01F8 4488:376 JLINK_ReadReg(R1)  returns 0x00409B08 (0000ms, 18377ms total)
T01F8 4488:376 JLINK_ReadReg(R2)  returns 0xE000ED00 (0000ms, 18377ms total)
T01F8 4488:376 JLINK_ReadReg(R3)  returns 0x004028F5 (0000ms, 18377ms total)
T01F8 4488:376 JLINK_ReadReg(R4)  returns 0x004013D5 (0000ms, 18377ms total)
T01F8 4488:376 JLINK_ReadReg(R5)  returns 0x0000008E (0000ms, 18377ms total)
T01F8 4488:376 JLINK_ReadReg(R6)  returns 0x000000FF (0000ms, 18377ms total)
T01F8 4488:376 JLINK_ReadReg(R7)  returns 0x20003D40 (0000ms, 18377ms total)
T01F8 4488:376 JLINK_ReadReg(R8)  returns 0x0000000A (0000ms, 18377ms total)
T01F8 4488:376 JLINK_ReadReg(R9)  returns 0x00000000 (0001ms, 18378ms total)
T01F8 4488:377 JLINK_ReadReg(R10)  returns 0xFFFFFFFF (0000ms, 18378ms total)
T01F8 4488:377 JLINK_ReadReg(R11)  returns 0x20003C2F (0000ms, 18378ms total)
T01F8 4488:377 JLINK_ReadReg(R12)  returns 0x00000000 (0000ms, 18378ms total)
T01F8 4488:377 JLINK_ReadReg(R13 (SP))  returns 0x20003D40 (0000ms, 18378ms total)
T01F8 4488:377 JLINK_ReadReg(R14)  returns 0x004021D1 (0000ms, 18378ms total)
T01F8 4488:377 JLINK_ReadReg(R15 (PC))  returns 0x004028F4 (0000ms, 18378ms total)
T01F8 4488:377 JLINK_ReadReg(APSR)  returns 0x60000000 (0000ms, 18378ms total)
T01F8 4488:377 JLINK_ReadReg(MSP)  returns 0x20003D40 (0000ms, 18378ms total)
T01F8 4488:377 JLINK_ReadReg(PSP)  returns 0xB74D086C (0000ms, 18378ms total)
T01F8 4488:377 JLINK_ReadReg(XPSR)  returns 0x61000000 (0000ms, 18378ms total)
T01F8 4488:377 JLINK_ReadReg(IPSR)  returns 0x00000000 (0000ms, 18378ms total)
T01F8 4488:377 JLINK_ReadReg(EPSR)  returns 0x01000000 (0000ms, 18378ms total)
T01F8 4488:377 JLINK_ReadReg(PRIMASK)  returns 0x00000000 (0000ms, 18378ms total)
T01F8 4488:377 JLINK_ReadReg(FAULTMASK)  returns 0x00000000 (0000ms, 18378ms total)
T01F8 4488:377 JLINK_ReadReg(BASEPRI)  returns 0x00000000 (0000ms, 18378ms total)
T01F8 4488:378 JLINK_ReadReg(CONTROL)  returns 0x00000000 (0000ms, 18378ms total)
T01F8 4488:378 JLINK_ReadReg(CycleCnt) -- CPU_ReadMem(4 bytes @ 0xE0001004)  returns 0x0000509F (0000ms, 18378ms total)
T0848 4488:390 JLINK_IsHalted()  returns TRUE (0000ms, 18378ms total)
T0848 4488:590 JLINK_IsHalted()  returns TRUE (0020ms, 18398ms total)
T01F8 4488:697 JLINK_ReadReg(R0)  returns 0x00409B0C (0000ms, 18378ms total)
T01F8 4488:697 JLINK_ReadReg(R1)  returns 0x00409B08 (0000ms, 18378ms total)
T01F8 4488:697 JLINK_ReadReg(R2)  returns 0xE000ED00 (0000ms, 18378ms total)
T01F8 4488:697 JLINK_ReadReg(R3)  returns 0x004028F5 (0000ms, 18378ms total)
T01F8 4488:697 JLINK_ReadReg(R4)  returns 0x004013D5 (0000ms, 18378ms total)
T01F8 4488:697 JLINK_ReadReg(R5)  returns 0x0000008E (0000ms, 18378ms total)
T01F8 4488:697 JLINK_ReadReg(R6)  returns 0x000000FF (0000ms, 18378ms total)
T01F8 4488:697 JLINK_ReadReg(R7)  returns 0x20003D40 (0000ms, 18378ms total)
T01F8 4488:697 JLINK_ReadReg(R8)  returns 0x0000000A (0000ms, 18378ms total)
T01F8 4488:697 JLINK_ReadReg(R9)  returns 0x00000000 (0000ms, 18378ms total)
T01F8 4488:697 JLINK_ReadReg(R10)  returns 0xFFFFFFFF (0000ms, 18378ms total)
T01F8 4488:697 JLINK_ReadReg(R11)  returns 0x20003C2F (0000ms, 18378ms total)
T01F8 4488:697 JLINK_ReadReg(R12)  returns 0x00000000 (0000ms, 18378ms total)
T01F8 4488:697 JLINK_ReadReg(R13 (SP))  returns 0x20003D40 (0000ms, 18378ms total)
T01F8 4488:697 JLINK_ReadReg(R14)  returns 0x004021D1 (0000ms, 18378ms total)
T01F8 4488:697 JLINK_ReadReg(R15 (PC))  returns 0x004028F4 (0000ms, 18378ms total)
T01F8 4488:697 JLINK_ReadReg(APSR)  returns 0x60000000 (0001ms, 18379ms total)
T01F8 4488:698 JLINK_ReadReg(MSP)  returns 0x20003D40 (0000ms, 18379ms total)
T01F8 4488:698 JLINK_ReadReg(PSP)  returns 0xB74D086C (0000ms, 18379ms total)
T01F8 4488:698 JLINK_ReadReg(XPSR)  returns 0x61000000 (0000ms, 18379ms total)
T01F8 4488:698 JLINK_ReadReg(IPSR)  returns 0x00000000 (0000ms, 18379ms total)
T01F8 4488:698 JLINK_ReadReg(EPSR)  returns 0x01000000 (0000ms, 18379ms total)
T01F8 4488:698 JLINK_ReadReg(PRIMASK)  returns 0x00000000 (0000ms, 18379ms total)
T01F8 4488:698 JLINK_ReadReg(FAULTMASK)  returns 0x00000000 (0000ms, 18379ms total)
T01F8 4488:698 JLINK_ReadReg(BASEPRI)  returns 0x00000000 (0000ms, 18379ms total)
T01F8 4488:698 JLINK_ReadReg(CONTROL)  returns 0x00000000 (0000ms, 18379ms total)
T01F8 4488:698 JLINK_ReadReg(CycleCnt)  returns 0x0000509F (0000ms, 18379ms total)
T01F8 4488:755 JLINK_ReadReg(R0)  returns 0x00409B0C (0000ms, 18379ms total)
T01F8 4488:755 JLINK_ReadReg(R1)  returns 0x00409B08 (0000ms, 18379ms total)
T01F8 4488:755 JLINK_ReadReg(R2)  returns 0xE000ED00 (0000ms, 18379ms total)
T01F8 4488:755 JLINK_ReadReg(R3)  returns 0x004028F5 (0000ms, 18379ms total)
T01F8 4488:755 JLINK_ReadReg(R4)  returns 0x004013D5 (0000ms, 18379ms total)
T01F8 4488:755 JLINK_ReadReg(R5)  returns 0x0000008E (0000ms, 18379ms total)
T01F8 4488:755 JLINK_ReadReg(R6)  returns 0x000000FF (0000ms, 18379ms total)
T01F8 4488:755 JLINK_ReadReg(R7)  returns 0x20003D40 (0000ms, 18379ms total)
T01F8 4488:755 JLINK_ReadReg(R8)  returns 0x0000000A (0000ms, 18379ms total)
T01F8 4488:755 JLINK_ReadReg(R9)  returns 0x00000000 (0000ms, 18379ms total)
T01F8 4488:755 JLINK_ReadReg(R10)  returns 0xFFFFFFFF (0000ms, 18379ms total)
T01F8 4488:755 JLINK_ReadReg(R11)  returns 0x20003C2F (0000ms, 18379ms total)
T01F8 4488:755 JLINK_ReadReg(R12)  returns 0x00000000 (0000ms, 18379ms total)
T01F8 4488:755 JLINK_ReadReg(R13 (SP))  returns 0x20003D40 (0000ms, 18379ms total)
T01F8 4488:756 JLINK_ReadReg(R14)  returns 0x004021D1 (0000ms, 18380ms total)
T01F8 4488:756 JLINK_ReadReg(R15 (PC))  returns 0x004028F4 (0000ms, 18380ms total)
T01F8 4488:756 JLINK_ReadReg(APSR)  returns 0x60000000 (0000ms, 18380ms total)
T01F8 4488:756 JLINK_ReadReg(MSP)  returns 0x20003D40 (0000ms, 18380ms total)
T01F8 4488:756 JLINK_ReadReg(PSP)  returns 0xB74D086C (0000ms, 18380ms total)
T01F8 4488:756 JLINK_ReadReg(XPSR)  returns 0x61000000 (0000ms, 18380ms total)
T01F8 4488:756 JLINK_ReadReg(IPSR)  returns 0x00000000 (0000ms, 18380ms total)
T01F8 4488:756 JLINK_ReadReg(EPSR)  returns 0x01000000 (0000ms, 18380ms total)
T01F8 4488:756 JLINK_ReadReg(PRIMASK)  returns 0x00000000 (0000ms, 18380ms total)
T01F8 4488:756 JLINK_ReadReg(FAULTMASK)  returns 0x00000000 (0000ms, 18380ms total)
T01F8 4488:756 JLINK_ReadReg(BASEPRI)  returns 0x00000000 (0000ms, 18380ms total)
T01F8 4488:756 JLINK_ReadReg(CONTROL)  returns 0x00000000 (0000ms, 18380ms total)
T01F8 4488:756 JLINK_ReadReg(CycleCnt)  returns 0x0000509F (0000ms, 18380ms total)
T0848 4488:811 JLINK_IsHalted()  returns TRUE (0000ms, 18380ms total)
T0848 4489:011 JLINK_IsHalted()  returns TRUE (0000ms, 18380ms total)
T0848 4489:211 JLINK_IsHalted()  returns TRUE (0000ms, 18380ms total)
T0848 4489:411 JLINK_IsHalted()  returns TRUE (0000ms, 18380ms total)
T0848 4489:611 JLINK_IsHalted()  returns TRUE (0000ms, 18380ms total)
T0848 4489:812 JLINK_IsHalted()  returns TRUE (0000ms, 18380ms total)
T0848 4490:012 JLINK_IsHalted()  returns TRUE (0000ms, 18380ms total)
T0848 4490:212 JLINK_IsHalted()  returns TRUE (0000ms, 18380ms total)
T0848 4490:414 JLINK_IsHalted()  returns TRUE (0000ms, 18380ms total)
T27F4 4490:426 JLINK_ReadReg(R15 (PC))  returns 0x004028F4 (0000ms, 18380ms total)
T27F4 4490:426 JLINK_Go() -- CPU_WriteMem(4 bytes @ 0xE0001000) -- CPU_ReadMem(4 bytes @ 0xE0001000) -- CPU_WriteMem(4 bytes @ 0xE0001020) -- CPU_WriteMem(4 bytes @ 0xE0001030) -- CPU_WriteMem(4 bytes @ 0xE0001040) -- CPU_WriteMem(4 bytes @ 0xE0001050) -- CPU_WriteMem(4 bytes @ 0xE0001024) -- CPU_WriteMem(4 bytes @ 0xE0001034) -- CPU_WriteMem(4 bytes @ 0xE0001044) -- CPU_WriteMem(4 bytes @ 0xE0001054) -- CPU_WriteMem(4 bytes @ 0xE0001028) -- CPU_WriteMem(4 bytes @ 0xE0001038)
 -- CPU_WriteMem(4 bytes @ 0xE0001048) -- CPU_WriteMem(4 bytes @ 0xE0001058) -- CPU_WriteMem(4 bytes @ 0xE0002008) (0006ms, 18386ms total)
T0848 4490:432 JLINK_IsHalted()  returns FALSE (0000ms, 18386ms total)
T0848 4490:473 JLINK_IsHalted()  returns FALSE (0000ms, 18386ms total)
T0848 4490:633 JLINK_IsHalted()  returns FALSE (0000ms, 18386ms total)
T0848 4490:834 JLINK_IsHalted()  returns FALSE (0001ms, 18387ms total)
T0848 4491:035 JLINK_IsHalted()  returns FALSE (0001ms, 18387ms total)
T0848 4491:236 JLINK_IsHalted()  returns FALSE (0001ms, 18387ms total)
T0848 4491:437 JLINK_IsHalted()  returns FALSE (0001ms, 18387ms total)
T0848 4491:638 JLINK_IsHalted()  returns FALSE (0000ms, 18386ms total)
T0848 4491:838 JLINK_IsHalted()  returns FALSE (0001ms, 18387ms total)
T0848 4492:039 JLINK_IsHalted()  returns FALSE (0001ms, 18387ms total)
T0848 4492:241 JLINK_IsHalted()  returns FALSE (0000ms, 18386ms total)
T0848 4492:441 JLINK_IsHalted()  returns FALSE (0000ms, 18386ms total)
T0848 4492:643 JLINK_IsHalted()  returns FALSE (0000ms, 18386ms total)
T0848 4492:843 JLINK_IsHalted()  returns FALSE (0000ms, 18386ms total)
T0848 4493:043 JLINK_IsHalted()  returns FALSE (0000ms, 18386ms total)
T0848 4493:243 JLINK_IsHalted()  returns FALSE (0000ms, 18386ms total)
T0848 4493:444 JLINK_IsHalted()  returns FALSE (0000ms, 18386ms total)
T0848 4493:644 JLINK_IsHalted()  returns FALSE (0000ms, 18386ms total)
T0848 4493:846 JLINK_IsHalted()  returns FALSE (0000ms, 18386ms total)
T0848 4494:047 JLINK_IsHalted()  returns FALSE (0031ms, 18417ms total)
T0848 4494:278 JLINK_IsHalted()  returns FALSE (0000ms, 18386ms total)
T0848 4494:478 JLINK_IsHalted()  returns FALSE (0000ms, 18386ms total)
T0848 4494:678 JLINK_IsHalted()  returns FALSE (0000ms, 18386ms total)
T0848 4494:878 JLINK_IsHalted()  returns FALSE (0000ms, 18386ms total)
T0848 4495:079 JLINK_IsHalted()  returns FALSE (0000ms, 18386ms total)
T0848 4495:279 JLINK_IsHalted()  returns FALSE (0000ms, 18386ms total)
T0848 4495:480 JLINK_IsHalted()  returns FALSE (0000ms, 18386ms total)
T0848 4495:681 JLINK_IsHalted()  returns FALSE (0000ms, 18386ms total)
T0848 4495:881 JLINK_IsHalted()  returns FALSE (0000ms, 18386ms total)
T0848 4496:082 JLINK_IsHalted()  returns FALSE (0000ms, 18386ms total)
T0848 4496:283 JLINK_IsHalted()  returns FALSE (0000ms, 18386ms total)
T0848 4496:483 JLINK_IsHalted()  returns FALSE (0000ms, 18386ms total)
T0848 4496:685 JLINK_IsHalted()  returns FALSE (0000ms, 18386ms total)
T0848 4496:886 JLINK_IsHalted()  returns FALSE (0000ms, 18386ms total)
T0848 4497:087 JLINK_IsHalted()  returns FALSE (0000ms, 18386ms total)
T0848 4497:287 JLINK_IsHalted()  returns FALSE (0000ms, 18386ms total)
T0848 4497:489 JLINK_IsHalted()  returns FALSE (0000ms, 18386ms total)
T0848 4497:689 JLINK_IsHalted()  returns FALSE (0000ms, 18386ms total)
T0848 4497:889 JLINK_IsHalted()  returns FALSE (0000ms, 18386ms total)
T0848 4498:090 JLINK_IsHalted()  returns FALSE (0000ms, 18386ms total)
T0848 4498:290 JLINK_IsHalted()  returns FALSE (0000ms, 18386ms total)
T0848 4498:491 JLINK_IsHalted()  returns FALSE (0000ms, 18386ms total)
T0848 4498:691 JLINK_IsHalted()  returns FALSE (0000ms, 18386ms total)
T0848 4498:892 JLINK_IsHalted()  returns FALSE (0000ms, 18386ms total)
T0848 4499:093 JLINK_IsHalted()  returns FALSE (0000ms, 18386ms total)
T0848 4499:293 JLINK_IsHalted()  returns FALSE (0000ms, 18386ms total)
T0848 4499:494 JLINK_IsHalted()  returns FALSE (0017ms, 18403ms total)
T0848 4499:713 JLINK_IsHalted()  returns FALSE (0000ms, 18386ms total)
T0848 4499:913 JLINK_IsHalted()  returns FALSE (0000ms, 18386ms total)
T0848 4500:113 JLINK_IsHalted()  returns FALSE (0000ms, 18386ms total)
T0848 4500:314 JLINK_IsHalted()  returns FALSE (0000ms, 18386ms total)
T0848 4500:514 JLINK_IsHalted()  returns FALSE (0000ms, 18386ms total)
T0848 4500:715 JLINK_IsHalted()  returns FALSE (0000ms, 18386ms total)
T0848 4500:915 JLINK_IsHalted()  returns FALSE (0000ms, 18386ms total)
T0848 4501:116 JLINK_IsHalted()  returns FALSE (0000ms, 18386ms total)
T0848 4501:316 JLINK_IsHalted()  returns FALSE (0000ms, 18386ms total)
T0848 4501:517 JLINK_IsHalted()  returns FALSE (0000ms, 18386ms total)
T0848 4501:717 JLINK_IsHalted()  returns FALSE (0000ms, 18386ms total)
T0848 4501:918 JLINK_IsHalted()  returns FALSE (0000ms, 18386ms total)
T0848 4502:119 JLINK_IsHalted()  returns FALSE (0000ms, 18386ms total)
T0848 4502:319 JLINK_IsHalted()  returns FALSE (0000ms, 18386ms total)
T0848 4502:519 JLINK_IsHalted()  returns FALSE (0000ms, 18386ms total)
T0848 4502:721 JLINK_IsHalted()  returns FALSE (0000ms, 18386ms total)
T0848 4502:922 JLINK_IsHalted()  returns FALSE (0000ms, 18386ms total)
T0848 4503:122 JLINK_IsHalted()  returns FALSE (0000ms, 18386ms total)
T0848 4503:323 JLINK_IsHalted()  returns FALSE (0000ms, 18386ms total)
T0848 4503:523 JLINK_IsHalted()  returns FALSE (0000ms, 18386ms total)
T0848 4503:723 JLINK_IsHalted()  returns FALSE (0000ms, 18386ms total)
T0848 4503:923 JLINK_IsHalted()  returns FALSE (0000ms, 18386ms total)
T0848 4504:124 JLINK_IsHalted()  returns FALSE (0000ms, 18386ms total)
T0848 4504:325 JLINK_IsHalted()  returns FALSE (0000ms, 18386ms total)
T0848 4504:525 JLINK_IsHalted()  returns FALSE (0000ms, 18386ms total)
T0848 4504:726 JLINK_IsHalted()  returns FALSE (0000ms, 18386ms total)
T0848 4504:926 JLINK_IsHalted()  returns FALSE (0000ms, 18386ms total)
T0848 4505:127 JLINK_IsHalted()  returns FALSE (0000ms, 18386ms total)
T0848 4505:327 JLINK_IsHalted()  returns FALSE (0000ms, 18386ms total)
T0848 4505:527 JLINK_IsHalted()  returns FALSE (0000ms, 18386ms total)
T0848 4505:727 JLINK_IsHalted()  returns FALSE (0000ms, 18386ms total)
T0848 4505:928 JLINK_IsHalted()  returns FALSE (0000ms, 18386ms total)
T0848 4506:129 JLINK_IsHalted()  returns FALSE (0000ms, 18386ms total)
T0848 4506:329 JLINK_IsHalted()  returns FALSE (0015ms, 18401ms total)
T0848 4506:545 JLINK_IsHalted()  returns FALSE (0000ms, 18386ms total)
T0848 4506:746 JLINK_IsHalted()  returns FALSE (0000ms, 18386ms total)
T0848 4506:947 JLINK_IsHalted()  returns FALSE (0000ms, 18386ms total)
T0848 4507:148 JLINK_IsHalted()  returns FALSE (0000ms, 18386ms total)
T0848 4507:349 JLINK_IsHalted()  returns FALSE (0000ms, 18386ms total)
T0848 4507:550 JLINK_IsHalted()  returns FALSE (0000ms, 18386ms total)
T0848 4507:751 JLINK_IsHalted()  returns FALSE (0000ms, 18386ms total)
T0848 4507:952 JLINK_IsHalted()  returns FALSE (0001ms, 18387ms total)
T0848 4508:154 JLINK_IsHalted()  returns FALSE (0000ms, 18386ms total)
T0848 4508:354 JLINK_IsHalted()  returns FALSE (0001ms, 18387ms total)
T0848 4508:555 JLINK_IsHalted()  returns FALSE (0000ms, 18386ms total)
T0848 4508:755 JLINK_IsHalted()  returns FALSE (0001ms, 18387ms total)
T0848 4508:956 JLINK_IsHalted()  returns FALSE (0001ms, 18387ms total)
T0848 4509:157 JLINK_IsHalted()  returns FALSE (0001ms, 18387ms total)
T0848 4509:358 JLINK_IsHalted()  returns FALSE (0000ms, 18386ms total)
T0848 4509:558 JLINK_IsHalted()  returns FALSE (0001ms, 18387ms total)
T0848 4509:759 JLINK_IsHalted()  returns FALSE (0001ms, 18387ms total)
T0848 4509:960 JLINK_IsHalted()  returns FALSE (0000ms, 18386ms total)
T0848 4510:161 JLINK_IsHalted()  returns FALSE (0000ms, 18386ms total)
T0848 4510:362 JLINK_IsHalted()  returns FALSE (0000ms, 18386ms total)
T0848 4510:564 JLINK_IsHalted()  returns FALSE (0000ms, 18386ms total)
T0848 4510:764 JLINK_IsHalted()  returns FALSE (0000ms, 18386ms total)
T0848 4510:964 JLINK_IsHalted()  returns FALSE (0000ms, 18386ms total)
T0848 4511:166 JLINK_IsHalted()  returns FALSE (0000ms, 18386ms total)
T0848 4511:367 JLINK_IsHalted()  returns FALSE (0000ms, 18386ms total)
T0848 4511:567 JLINK_IsHalted()  returns FALSE (0000ms, 18386ms total)
T0848 4511:768 JLINK_IsHalted()  returns FALSE (0000ms, 18386ms total)
T0848 4511:969 JLINK_IsHalted()  returns FALSE (0000ms, 18386ms total)
T0848 4512:170 JLINK_IsHalted()  returns FALSE (0000ms, 18386ms total)
T0848 4512:371 JLINK_IsHalted()  returns FALSE (0000ms, 18386ms total)
T0848 4512:571 JLINK_IsHalted()  returns FALSE (0000ms, 18386ms total)
T0848 4512:772 JLINK_IsHalted()  returns FALSE (0000ms, 18386ms total)
T0848 4512:972 JLINK_IsHalted()  returns FALSE (0000ms, 18386ms total)
T0848 4513:172 JLINK_IsHalted()  returns FALSE (0000ms, 18386ms total)
T0848 4513:372 JLINK_IsHalted()  returns FALSE (0000ms, 18386ms total)
T0848 4513:573 JLINK_IsHalted()  returns FALSE (0000ms, 18386ms total)
T0848 4513:774 JLINK_IsHalted()  returns FALSE (0000ms, 18386ms total)
T0848 4513:975 JLINK_IsHalted()  returns FALSE (0000ms, 18386ms total)
T0848 4514:175 JLINK_IsHalted()  returns FALSE (0000ms, 18386ms total)
T0848 4514:377 JLINK_IsHalted()  returns FALSE (0000ms, 18386ms total)
T0848 4514:578 JLINK_IsHalted()  returns FALSE (0000ms, 18386ms total)
T0848 4514:779 JLINK_IsHalted()  returns FALSE (0000ms, 18386ms total)
T0848 4514:980 JLINK_IsHalted()  returns FALSE (0000ms, 18386ms total)
T0848 4515:181 JLINK_IsHalted()  returns FALSE (0000ms, 18386ms total)
T0848 4515:381 JLINK_IsHalted()  returns FALSE (0000ms, 18386ms total)
T0848 4515:582 JLINK_IsHalted()  returns FALSE (0000ms, 18386ms total)
T0848 4515:784 JLINK_IsHalted()  returns FALSE (0000ms, 18386ms total)
T0848 4515:984 JLINK_IsHalted()  returns FALSE (0000ms, 18386ms total)
T0848 4516:184 JLINK_IsHalted()  returns FALSE (0000ms, 18386ms total)
T0848 4516:384 JLINK_IsHalted()  returns FALSE (0000ms, 18386ms total)
T0848 4516:585 JLINK_IsHalted()  returns FALSE (0000ms, 18386ms total)
T0848 4516:785 JLINK_IsHalted()  returns FALSE (0001ms, 18387ms total)
T0848 4516:987 JLINK_IsHalted()  returns FALSE (0000ms, 18386ms total)
T0848 4517:187 JLINK_IsHalted()  returns FALSE (0000ms, 18386ms total)
T0848 4517:388 JLINK_IsHalted()  returns FALSE (0000ms, 18386ms total)
T0848 4517:589 JLINK_IsHalted()  returns FALSE (0000ms, 18386ms total)
T0848 4517:789 JLINK_IsHalted()  returns FALSE (0000ms, 18386ms total)
T0848 4517:990 JLINK_IsHalted()  returns FALSE (0000ms, 18386ms total)
T0848 4518:190 JLINK_IsHalted()  returns FALSE (0000ms, 18386ms total)
T0848 4518:390 JLINK_IsHalted()  returns FALSE (0000ms, 18386ms total)
T0848 4518:591 JLINK_IsHalted()  returns FALSE (0043ms, 18429ms total)
T0848 4518:835 JLINK_IsHalted()  returns FALSE (0000ms, 18386ms total)
T0848 4519:036 JLINK_IsHalted()  returns FALSE (0000ms, 18386ms total)
T0848 4519:236 JLINK_IsHalted()  returns FALSE (0000ms, 18386ms total)
T0848 4519:437 JLINK_IsHalted()  returns FALSE (0002ms, 18388ms total)
T0848 4519:641 JLINK_IsHalted()  returns FALSE (0000ms, 18386ms total)
T0848 4519:842 JLINK_IsHalted()  returns FALSE (0000ms, 18386ms total)
T0848 4520:044 JLINK_IsHalted()  returns FALSE (0000ms, 18386ms total)
T0848 4520:244 JLINK_IsHalted()  returns FALSE (0000ms, 18386ms total)
T0848 4520:444 JLINK_IsHalted()  returns FALSE (0000ms, 18386ms total)
T0848 4520:645 JLINK_IsHalted()  returns FALSE (0000ms, 18386ms total)
T0848 4520:846 JLINK_IsHalted()  returns FALSE (0000ms, 18386ms total)
T0848 4521:046 JLINK_IsHalted()  returns FALSE (0000ms, 18386ms total)
T0848 4521:248 JLINK_IsHalted()  returns FALSE (0000ms, 18386ms total)
T0848 4521:449 JLINK_IsHalted()  returns FALSE (0000ms, 18386ms total)
T0848 4521:650 JLINK_IsHalted()  returns FALSE (0000ms, 18386ms total)
T0848 4521:850 JLINK_IsHalted()  returns FALSE (0001ms, 18387ms total)
T0848 4522:051 JLINK_IsHalted()  returns FALSE (0001ms, 18387ms total)
T0848 4522:252 JLINK_IsHalted()  returns FALSE (0001ms, 18387ms total)
T27F4 4522:441 JLINK_Halt()  returns 0x00 (0004ms, 18390ms total)
T0848 4522:453 JLINK_IsHalted()  returns TRUE (0000ms, 18390ms total)
T0848 4522:453 JLINK_GetMOEs(...) -- CPU_ReadMem(4 bytes @ 0xE000ED30) -- CPU_WriteMem(4 bytes @ 0xE000ED30)  returns 0x01 (0001ms, 18391ms total)
T0848 4522:454 JLINK_ReadReg(R15 (PC))  returns 0x0040290E (0000ms, 18391ms total)
T0848 4522:655 JLINK_IsHalted()  returns TRUE (0000ms, 18391ms total)
T01F8 4522:657 JLINK_ResetPullsRESET(ON) (0000ms, 18391ms total)
T01F8 4522:657 JLINK_ResetNoHalt() >0x2F8 JTAG>TotalIRLen = 4, IRPrint = 0x01 >0x30 JTAG> >0x210 JTAG> >0x70 JTAG> >0x40 JTAG> >0x40 JTAG> >0x40 JTAG> >0x48 JTAG> >0x78 JTAG> >0x40 JTAG> >0x30 JTAG> >0x40 JTAG> >0x40 JTAG> >0x30 JTAG> >0x40 JTAG> >0x48 JTAG>Found Cortex-M4 r0p1, Little endian. -- CPU_ReadMem(4 bytes @ 0xE000EDF0) -- CPU_ReadMem(4 bytes @ 0xE0002000)FPUnit: 6 code (BP) slots and 2 literal slots -- CPU_ReadMem(4 bytes @ 0xE0001000) -- CPU_ReadMem(4 bytes @ 0xE000ED88)
 -- CPU_WriteMem(4 bytes @ 0xE000ED88) -- CPU_ReadMem(4 bytes @ 0xE000ED88) -- CPU_WriteMem(4 bytes @ 0xE000ED88)CoreSight components:ROMTbl 0 @ E00FF000 -- CPU_ReadMem(16 bytes @ 0xE00FF000) -- CPU_ReadMem(16 bytes @ 0xE000EFF0) -- CPU_ReadMem(16 bytes @ 0xE000EFE0)ROMTbl 0 [0]: FFF0F000, CID: B105E00D, PID: 000BB000 SCS -- CPU_WriteMem(4 bytes @ 0xE0001000) -- CPU_ReadMem(16 bytes @ 0xE0001FF0) -- CPU_ReadMem(16 bytes @ 0xE0001FE0)ROMTbl 0 [1]: FFF02000, CID: B105E00D, PID: 003BB002 DWT
 -- CPU_ReadMem(16 bytes @ 0xE0002FF0) -- CPU_ReadMem(16 bytes @ 0xE0002FE0)ROMTbl 0 [2]: FFF03000, CID: B105E00D, PID: 002BB003 FPB -- CPU_ReadMem(16 bytes @ 0xE0000FF0) -- CPU_ReadMem(16 bytes @ 0xE0000FE0)ROMTbl 0 [3]: FFF01000, CID: B105E00D, PID: 003BB001 ITM -- CPU_ReadMem(16 bytes @ 0xE00FF010) -- CPU_ReadMem(16 bytes @ 0xE0040FF0) -- CPU_ReadMem(16 bytes @ 0xE0040FE0)ROMTbl 0 [4]: FFF41000, CID: B105900D, PID: 000BB9A1 TPIU
                JLINK_Reset() -- CPU_ReadMem(16 bytes @ 0x20000000) -- CPU_WriteMem(16 bytes @ 0x20000000) -- CPU_ReadMem(4 bytes @ 0xE000EDFC) -- CPU_WriteMem(4 bytes @ 0xE000EDFC) -- CPU_ReadMem(4 bytes @ 0xE0001000) -- CPU_WriteMem(4 bytes @ 0xE000EDFC) -- CPU_WriteMem(16 bytes @ 0x20000000) -- CPU_WriteMem(4 bytes @ 0xE0002000) -- CPU_ReadMem(4 bytes @ 0xE000EDFC) -- CPU_ReadMem(4 bytes @ 0xE0001000) (0025ms, 0025ms total)
                JLINK_Go() -- CPU_ReadMem(4 bytes @ 0xE0001000) -- CPU_WriteMem(4 bytes @ 0xE0002008) -- CPU_WriteMem(4 bytes @ 0xE000200C) -- CPU_WriteMem(4 bytes @ 0xE0002010) -- CPU_WriteMem(4 bytes @ 0xE0002014) -- CPU_WriteMem(4 bytes @ 0xE0002018) -- CPU_WriteMem(4 bytes @ 0xE000201C) -- CPU_WriteMem(4 bytes @ 0xE0001004) (0004ms, 0029ms total)
               (0051ms, 18442ms total)
T01F8 4522:723 JLINK_Close() -- CPU is running -- CPU_WriteMem(4 bytes @ 0xE0002008) -- CPU is running -- CPU_WriteMem(4 bytes @ 0xE000200C) -- CPU is running -- CPU_WriteMem(4 bytes @ 0xE0002010) -- CPU is running -- CPU_WriteMem(4 bytes @ 0xE0002014) -- CPU is running -- CPU_WriteMem(4 bytes @ 0xE0002018) -- CPU is running -- CPU_WriteMem(4 bytes @ 0xE000201C) >0x78 JTAG> >0x08 JTAG> (0008ms, 18450ms total)
T01F8 4522:723  (0009ms, 18451ms total)
T01F8 4522:723 Closed (0009ms, 18451ms total)
