T21B0 944:267 SEGGER J-Link V4.98e Log File (0001ms, 9342ms total)
T21B0 944:267 DLL Compiled: May  5 2015 11:00:52 (0001ms, 9342ms total)
T21B0 944:267 Logging started @ 2016-05-19 21:13 (0001ms, 9342ms total)
T21B0 944:278 JLINK_ExecCommand("Device = AT91SAM4SD32C", ...)Device "ATSAM4SD32C" selected.  returns 0x00 (0000ms, 9342ms total)
T21B0 944:631 JLINK_ExecCommand("ProjectFile = T:\12.02859-2\Entrega\13-LCD-TTY\Codigo\13-LCD-ILI93XX-EXAMPLE\ILI93XX_EXAMPLE1\jlink.config", ...)  returns 0x00 (0000ms, 9342ms total)
T21B0 944:643 JLINK_ExecCommand("Device = AT91SAM4SD32C", ...)Device "ATSAM4SD32C" selected.  returns 0x00 (0001ms, 9343ms total)
T21B0 944:644 JLINK_TIF_Select(JLINKARM_TIF_JTAG)  returns 0x00 (0003ms, 9346ms total)
T21B0 944:647 JLINK_GetIdData(...) >0x2F8 JTAG>TotalIRLen = 4, IRPrint = 0x01 >0x30 JTAG> >0x210 JTAG> >0x70 JTAG> >0x40 JTAG> >0x40 JTAG> >0x40 JTAG> >0x48 JTAG> >0x78 JTAG> >0x40 JTAG> >0x30 JTAG> >0x40 JTAG> >0x40 JTAG> >0x30 JTAG> >0x40 JTAG> >0x48 JTAG>Found Cortex-M4 r0p1, Little endian. -- CPU_WriteMem(4 bytes @ 0xE0002000) -- CPU_ReadMem(4 bytes @ 0xE000EDF0) -- CPU_WriteMem(4 bytes @ 0xE000EDF0) -- CPU_ReadMem(4 bytes @ 0xE0002000)FPUnit: 6 code (BP) slots and 2 literal slots
 -- CPU_ReadMem(4 bytes @ 0xE000EDFC) -- CPU_WriteMem(4 bytes @ 0xE000EDFC) -- CPU_ReadMem(4 bytes @ 0xE0001000) -- CPU_WriteMem(4 bytes @ 0xE0001000) -- CPU_ReadMem(4 bytes @ 0xE000ED88) -- CPU_WriteMem(4 bytes @ 0xE000ED88) -- CPU_ReadMem(4 bytes @ 0xE000ED88) -- CPU_WriteMem(4 bytes @ 0xE000ED88)CoreSight components:ROMTbl 0 @ E00FF000 -- CPU_ReadMem(16 bytes @ 0xE00FF000) -- CPU_ReadMem(16 bytes @ 0xE000EFF0) -- CPU_ReadMem(16 bytes @ 0xE000EFE0)
ROMTbl 0 [0]: FFF0F000, CID: B105E00D, PID: 000BB000 SCS -- CPU_ReadMem(16 bytes @ 0xE0001FF0) -- CPU_ReadMem(16 bytes @ 0xE0001FE0)ROMTbl 0 [1]: FFF02000, CID: B105E00D, PID: 003BB002 DWT -- CPU_ReadMem(16 bytes @ 0xE0002FF0) -- CPU_ReadMem(16 bytes @ 0xE0002FE0)ROMTbl 0 [2]: FFF03000, CID: B105E00D, PID: 002BB003 FPB -- CPU_ReadMem(16 bytes @ 0xE0000FF0) -- CPU_ReadMem(16 bytes @ 0xE0000FE0)ROMTbl 0 [3]: FFF01000, CID: B105E00D, PID: 003BB001 ITM -- CPU_ReadMem(16 bytes @ 0xE00FF010)
 -- CPU_ReadMem(16 bytes @ 0xE0040FF0) -- CPU_ReadMem(16 bytes @ 0xE0040FE0)ROMTbl 0 [4]: FFF41000, CID: B105900D, PID: 000BB9A1 TPIU ScanLen=4 NumDevices=1 aId[0]=0x4BA00477 aIrRead[0]=0 aScanLen[0]=0 aScanRead[0]=0 (0042ms, 9388ms total)
T21B0 944:689 JLINK_ConfigJTAG(IRPre = 0, DRPre = 0) (0000ms, 9388ms total)
T21B0 944:689 JLINK_SetSpeed(1000) (0001ms, 9389ms total)
T21B0 944:690 JLINK_ResetPullsRESET(OFF) (0000ms, 9389ms total)
T21B0 944:690 JLINK_Connect() >0x2F8 JTAG>TotalIRLen = 4, IRPrint = 0x01 >0x30 JTAG> >0x210 JTAG> >0x70 JTAG> >0x40 JTAG> >0x40 JTAG> >0x40 JTAG> >0x48 JTAG> >0x78 JTAG> >0x40 JTAG> >0x30 JTAG> >0x40 JTAG> >0x40 JTAG> >0x30 JTAG> >0x40 JTAG> >0x48 JTAG>Found Cortex-M4 r0p1, Little endian. -- CPU_WriteMem(4 bytes @ 0xE0002000) -- CPU_ReadMem(4 bytes @ 0xE000EDF0) -- CPU_ReadMem(4 bytes @ 0xE0002000)FPUnit: 6 code (BP) slots and 2 literal slots -- CPU_ReadMem(4 bytes @ 0xE000EDFC)
 -- CPU_ReadMem(4 bytes @ 0xE0001000) -- CPU_WriteMem(4 bytes @ 0xE0001000) -- CPU_ReadMem(4 bytes @ 0xE000ED88) -- CPU_WriteMem(4 bytes @ 0xE000ED88) -- CPU_ReadMem(4 bytes @ 0xE000ED88) -- CPU_WriteMem(4 bytes @ 0xE000ED88)CoreSight components:ROMTbl 0 @ E00FF000 -- CPU_ReadMem(16 bytes @ 0xE00FF000) -- CPU_ReadMem(16 bytes @ 0xE000EFF0) -- CPU_ReadMem(16 bytes @ 0xE000EFE0)ROMTbl 0 [0]: FFF0F000, CID: B105E00D, PID: 000BB000 SCS -- CPU_ReadMem(16 bytes @ 0xE0001FF0)
 -- CPU_ReadMem(16 bytes @ 0xE0001FE0)ROMTbl 0 [1]: FFF02000, CID: B105E00D, PID: 003BB002 DWT -- CPU_ReadMem(16 bytes @ 0xE0002FF0) -- CPU_ReadMem(16 bytes @ 0xE0002FE0)ROMTbl 0 [2]: FFF03000, CID: B105E00D, PID: 002BB003 FPB -- CPU_ReadMem(16 bytes @ 0xE0000FF0) -- CPU_ReadMem(16 bytes @ 0xE0000FE0)ROMTbl 0 [3]: FFF01000, CID: B105E00D, PID: 003BB001 ITM -- CPU_ReadMem(16 bytes @ 0xE00FF010) -- CPU_ReadMem(16 bytes @ 0xE0040FF0) -- CPU_ReadMem(16 bytes @ 0xE0040FE0)
ROMTbl 0 [4]: FFF41000, CID: B105900D, PID: 000BB9A1 TPIU  returns 0x00 (0034ms, 9423ms total)
T21B0 944:724 JLINK_GetDebugInfo(0x100) -- Value=0xE00FF003  returns 0x00 (0000ms, 9423ms total)
T21B0 944:725 JLINK_ReadMem (0xE00FFFF0, 0x0010 Bytes, ...) -- CPU is running -- CPU_ReadMem(16 bytes @ 0xE00FFFF0) - Data: 0D 00 00 00 10 00 00 00 05 00 00 00 B1 00 00 00  returns 0x00 (0001ms, 9425ms total)
T21B0 944:726 JLINK_ReadMem (0xE00FFFD0, 0x0020 Bytes, ...) -- CPU is running -- CPU_ReadMem(32 bytes @ 0xE00FFFD0) - Data: 04 00 00 00 00 00 00 00 00 00 00 00 00 00 00 00 ...  returns 0x00 (0002ms, 9427ms total)
T21B0 944:728 JLINK_ReadMemU32(0xE00FF000, 0x0001 Items, ...) -- CPU is running -- CPU_ReadMem(4 bytes @ 0xE00FF000) - Data: 03 F0 F0 FF  returns 0x01 (0001ms, 9428ms total)
T21B0 944:729 JLINK_ReadMem (0xE000EFF0, 0x0010 Bytes, ...) -- CPU is running -- CPU_ReadMem(16 bytes @ 0xE000EFF0) - Data: 0D 00 00 00 E0 00 00 00 05 00 00 00 B1 00 00 00  returns 0x00 (0001ms, 9429ms total)
T21B0 944:730 JLINK_ReadMem (0xE000EFD0, 0x0020 Bytes, ...) -- CPU is running -- CPU_ReadMem(32 bytes @ 0xE000EFD0) - Data: 04 00 00 00 00 00 00 00 00 00 00 00 00 00 00 00 ...  returns 0x00 (0002ms, 9431ms total)
T21B0 944:732 JLINK_ReadMemU32(0xE00FF004, 0x0001 Items, ...) -- CPU is running -- CPU_ReadMem(4 bytes @ 0xE00FF004) - Data: 03 20 F0 FF  returns 0x01 (0002ms, 9433ms total)
T21B0 944:734 JLINK_ReadMem (0xE0001FF0, 0x0010 Bytes, ...) -- CPU is running -- CPU_ReadMem(16 bytes @ 0xE0001FF0) - Data: 0D 00 00 00 E0 00 00 00 05 00 00 00 B1 00 00 00  returns 0x00 (0001ms, 9434ms total)
T21B0 944:735 JLINK_ReadMem (0xE0001FD0, 0x0020 Bytes, ...) -- CPU is running -- CPU_ReadMem(32 bytes @ 0xE0001FD0) - Data: 04 00 00 00 00 00 00 00 00 00 00 00 00 00 00 00 ...  returns 0x00 (0002ms, 9436ms total)
T21B0 944:737 JLINK_ReadMemU32(0xE00FF008, 0x0001 Items, ...) -- CPU is running -- CPU_ReadMem(4 bytes @ 0xE00FF008) - Data: 03 30 F0 FF  returns 0x01 (0001ms, 9437ms total)
T21B0 944:738 JLINK_ReadMem (0xE0002FF0, 0x0010 Bytes, ...) -- CPU is running -- CPU_ReadMem(16 bytes @ 0xE0002FF0) - Data: 0D 00 00 00 E0 00 00 00 05 00 00 00 B1 00 00 00  returns 0x00 (0001ms, 9438ms total)
T21B0 944:739 JLINK_ReadMem (0xE0002FD0, 0x0020 Bytes, ...) -- CPU is running -- CPU_ReadMem(32 bytes @ 0xE0002FD0) - Data: 04 00 00 00 00 00 00 00 00 00 00 00 00 00 00 00 ...  returns 0x00 (0002ms, 9440ms total)
T21B0 944:741 JLINK_ReadMemU32(0xE00FF00C, 0x0001 Items, ...) -- CPU is running -- CPU_ReadMem(4 bytes @ 0xE00FF00C) - Data: 03 10 F0 FF  returns 0x01 (0001ms, 9441ms total)
T21B0 944:742 JLINK_ReadMem (0xE0000FF0, 0x0010 Bytes, ...) -- CPU is running -- CPU_ReadMem(16 bytes @ 0xE0000FF0) - Data: 0D 00 00 00 E0 00 00 00 05 00 00 00 B1 00 00 00  returns 0x00 (0001ms, 9442ms total)
T21B0 944:743 JLINK_ReadMem (0xE0000FD0, 0x0020 Bytes, ...) -- CPU is running -- CPU_ReadMem(32 bytes @ 0xE0000FD0) - Data: 04 00 00 00 00 00 00 00 00 00 00 00 00 00 00 00 ...  returns 0x00 (0002ms, 9444ms total)
T21B0 944:745 JLINK_ReadMemU32(0xE00FF010, 0x0001 Items, ...) -- CPU is running -- CPU_ReadMem(4 bytes @ 0xE00FF010) - Data: 03 10 F4 FF  returns 0x01 (0001ms, 9445ms total)
T21B0 944:746 JLINK_ReadMem (0xE0040FF0, 0x0010 Bytes, ...) -- CPU is running -- CPU_ReadMem(16 bytes @ 0xE0040FF0) - Data: 0D 00 00 00 90 00 00 00 05 00 00 00 B1 00 00 00  returns 0x00 (0001ms, 9446ms total)
T21B0 944:747 JLINK_ReadMem (0xE0040FD0, 0x0020 Bytes, ...) -- CPU is running -- CPU_ReadMem(32 bytes @ 0xE0040FD0) - Data: 04 00 00 00 00 00 00 00 00 00 00 00 00 00 00 00 ...  returns 0x00 (0002ms, 9448ms total)
T21B0 944:749 JLINK_ReadMemU32(0xE00FF014, 0x0001 Items, ...) -- CPU is running -- CPU_ReadMem(4 bytes @ 0xE00FF014) - Data: 02 20 F4 FF  returns 0x01 (0001ms, 9449ms total)
T21B0 944:750 JLINK_ReadMemU32(0xE00FF018, 0x0001 Items, ...) -- CPU is running -- CPU_ReadMem(4 bytes @ 0xE00FF018) - Data: 00 00 00 00  returns 0x01 (0001ms, 9450ms total)
T21B0 944:751 JLINK_ReadMem (0xE0001000, 0x0004 Bytes, ...) -- CPU is running -- CPU_ReadMem(4 bytes @ 0xE0001000) - Data: 01 00 00 40  returns 0x00 (0001ms, 9451ms total)
T21B0 944:752 JLINK_ReadMem (0xE0001000, 0x0004 Bytes, ...) -- CPU is running -- CPU_ReadMem(4 bytes @ 0xE0001000) - Data: 01 00 00 40  returns 0x00 (0001ms, 9452ms total)
T21B0 944:753 JLINK_ReadMem (0xE0001028, 0x0004 Bytes, ...) -- CPU is running -- CPU_ReadMem(4 bytes @ 0xE0001028) - Data: 00 00 00 00  returns 0x00 (0001ms, 9453ms total)
T21B0 944:754 JLINK_WriteMem(0xE0001028, 0x0004 Bytes, ...) - Data: 00 01 00 00 -- CPU is running -- CPU_WriteMem(4 bytes @ 0xE0001028)  returns 0x04 (0001ms, 9454ms total)
T21B0 944:755 JLINK_ReadMem (0xE0001028, 0x0004 Bytes, ...) -- CPU is running -- CPU_ReadMem(4 bytes @ 0xE0001028) - Data: 00 00 00 00  returns 0x00 (0001ms, 9455ms total)
T21B0 944:756 JLINK_ReadMem (0xE0001038, 0x0004 Bytes, ...) -- CPU is running -- CPU_ReadMem(4 bytes @ 0xE0001038) - Data: 00 02 00 00  returns 0x00 (0001ms, 9456ms total)
T21B0 944:757 JLINK_WriteMem(0xE0001038, 0x0004 Bytes, ...) - Data: 00 03 00 00 -- CPU is running -- CPU_WriteMem(4 bytes @ 0xE0001038)  returns 0x04 (0001ms, 9457ms total)
T21B0 944:758 JLINK_ReadMem (0xE0001038, 0x0004 Bytes, ...) -- CPU is running -- CPU_ReadMem(4 bytes @ 0xE0001038) - Data: 00 03 00 00  returns 0x00 (0001ms, 9458ms total)
T21B0 944:759 JLINK_ReadMem (0xE0001048, 0x0004 Bytes, ...) -- CPU is running -- CPU_ReadMem(4 bytes @ 0xE0001048) - Data: 00 00 00 00  returns 0x00 (0001ms, 9459ms total)
T21B0 944:760 JLINK_WriteMem(0xE0001048, 0x0004 Bytes, ...) - Data: 00 01 00 00 -- CPU is running -- CPU_WriteMem(4 bytes @ 0xE0001048)  returns 0x04 (0001ms, 9460ms total)
T21B0 944:761 JLINK_ReadMem (0xE0001048, 0x0004 Bytes, ...) -- CPU is running -- CPU_ReadMem(4 bytes @ 0xE0001048) - Data: 00 00 00 00  returns 0x00 (0001ms, 9461ms total)
T21B0 944:762 JLINK_ReadMem (0xE0001058, 0x0004 Bytes, ...) -- CPU is running -- CPU_ReadMem(4 bytes @ 0xE0001058) - Data: 00 00 00 00  returns 0x00 (0001ms, 9462ms total)
T21B0 944:763 JLINK_WriteMem(0xE0001058, 0x0004 Bytes, ...) - Data: 00 01 00 00 -- CPU is running -- CPU_WriteMem(4 bytes @ 0xE0001058)  returns 0x04 (0001ms, 9463ms total)
T21B0 944:764 JLINK_ReadMem (0xE0001058, 0x0004 Bytes, ...) -- CPU is running -- CPU_ReadMem(4 bytes @ 0xE0001058) - Data: 00 00 00 00  returns 0x00 (0001ms, 9464ms total)
T21B0 944:765 JLINK_ReadMem (0xE0001024, 0x0004 Bytes, ...) -- CPU is running -- CPU_ReadMem(4 bytes @ 0xE0001024) - Data: 04 00 00 00  returns 0x00 (0001ms, 9465ms total)
T21B0 944:766 JLINK_WriteMem(0xE0001024, 0x0004 Bytes, ...) - Data: 1F 00 00 00 -- CPU is running -- CPU_WriteMem(4 bytes @ 0xE0001024)  returns 0x04 (0001ms, 9466ms total)
T21B0 944:767 JLINK_ReadMem (0xE0001024, 0x0004 Bytes, ...) -- CPU is running -- CPU_ReadMem(4 bytes @ 0xE0001024) - Data: 0F 00 00 00  returns 0x00 (0001ms, 9467ms total)
T21B0 944:768 JLINK_ReadMem (0xE0001034, 0x0004 Bytes, ...) -- CPU is running -- CPU_ReadMem(4 bytes @ 0xE0001034) - Data: 0F 00 00 00  returns 0x00 (0001ms, 9468ms total)
T21B0 944:769 JLINK_WriteMem(0xE0001034, 0x0004 Bytes, ...) - Data: 1F 00 00 00 -- CPU is running -- CPU_WriteMem(4 bytes @ 0xE0001034)  returns 0x04 (0001ms, 9469ms total)
T21B0 944:770 JLINK_ReadMem (0xE0001034, 0x0004 Bytes, ...) -- CPU is running -- CPU_ReadMem(4 bytes @ 0xE0001034) - Data: 0F 00 00 00  returns 0x00 (0001ms, 9470ms total)
T21B0 944:771 JLINK_ReadMem (0xE0001044, 0x0004 Bytes, ...) -- CPU is running -- CPU_ReadMem(4 bytes @ 0xE0001044) - Data: 0F 00 00 00  returns 0x00 (0001ms, 9471ms total)
T21B0 944:772 JLINK_WriteMem(0xE0001044, 0x0004 Bytes, ...) - Data: 1F 00 00 00 -- CPU is running -- CPU_WriteMem(4 bytes @ 0xE0001044)  returns 0x04 (0001ms, 9472ms total)
T21B0 944:773 JLINK_ReadMem (0xE0001044, 0x0004 Bytes, ...) -- CPU is running -- CPU_ReadMem(4 bytes @ 0xE0001044) - Data: 0F 00 00 00  returns 0x00 (0001ms, 9473ms total)
T21B0 944:774 JLINK_ReadMem (0xE0001054, 0x0004 Bytes, ...) -- CPU is running -- CPU_ReadMem(4 bytes @ 0xE0001054) - Data: 09 00 00 00  returns 0x00 (0001ms, 9474ms total)
T21B0 944:775 JLINK_WriteMem(0xE0001054, 0x0004 Bytes, ...) - Data: 1F 00 00 00 -- CPU is running -- CPU_WriteMem(4 bytes @ 0xE0001054)  returns 0x04 (0001ms, 9475ms total)
T21B0 944:776 JLINK_ReadMem (0xE0001054, 0x0004 Bytes, ...) -- CPU is running -- CPU_ReadMem(4 bytes @ 0xE0001054) - Data: 0F 00 00 00  returns 0x00 (0001ms, 9476ms total)
T21B0 944:777 JLINK_ReadMem (0xE0001028, 0x0004 Bytes, ...) -- CPU is running -- CPU_ReadMem(4 bytes @ 0xE0001028) - Data: 00 00 00 00  returns 0x00 (0001ms, 9477ms total)
T21B0 944:778 JLINK_ReadMem (0xE0001038, 0x0004 Bytes, ...) -- CPU is running -- CPU_ReadMem(4 bytes @ 0xE0001038) - Data: 00 03 00 00  returns 0x00 (0001ms, 9478ms total)
T21B0 944:779 JLINK_ReadMem (0xE0001048, 0x0004 Bytes, ...) -- CPU is running -- CPU_ReadMem(4 bytes @ 0xE0001048) - Data: 00 00 00 00  returns 0x00 (0001ms, 9479ms total)
T21B0 944:780 JLINK_ReadMem (0xE0001058, 0x0004 Bytes, ...) -- CPU is running -- CPU_ReadMem(4 bytes @ 0xE0001058) - Data: 00 00 00 00  returns 0x00 (0001ms, 9480ms total)
T21B0 944:781 JLINK_WriteMem(0xE0001020, 0x0004 Bytes, ...) - Data: 00 00 00 00 -- CPU is running -- CPU_WriteMem(4 bytes @ 0xE0001020)  returns 0x04 (0001ms, 9481ms total)
T21B0 944:782 JLINK_WriteMem(0xE0001024, 0x0004 Bytes, ...) - Data: 00 00 00 00 -- CPU is running -- CPU_WriteMem(4 bytes @ 0xE0001024)  returns 0x04 (0001ms, 9482ms total)
T21B0 944:783 JLINK_WriteMem(0xE0001028, 0x0004 Bytes, ...) - Data: 00 00 00 00 -- CPU is running -- CPU_WriteMem(4 bytes @ 0xE0001028)  returns 0x04 (0001ms, 9483ms total)
T21B0 944:784 JLINK_WriteMem(0xE0001030, 0x0004 Bytes, ...) - Data: 00 00 00 00 -- CPU is running -- CPU_WriteMem(4 bytes @ 0xE0001030)  returns 0x04 (0001ms, 9484ms total)
T21B0 944:785 JLINK_WriteMem(0xE0001034, 0x0004 Bytes, ...) - Data: 00 00 00 00 -- CPU is running -- CPU_WriteMem(4 bytes @ 0xE0001034)  returns 0x04 (0000ms, 9484ms total)
T21B0 944:786 JLINK_WriteMem(0xE0001038, 0x0004 Bytes, ...) - Data: 00 00 00 00 -- CPU is running -- CPU_WriteMem(4 bytes @ 0xE0001038)  returns 0x04 (0000ms, 9485ms total)
T21B0 944:786 JLINK_WriteMem(0xE0001040, 0x0004 Bytes, ...) - Data: 00 00 00 00 -- CPU is running -- CPU_WriteMem(4 bytes @ 0xE0001040)  returns 0x04 (0001ms, 9486ms total)
T21B0 944:787 JLINK_WriteMem(0xE0001044, 0x0004 Bytes, ...) - Data: 00 00 00 00 -- CPU is running -- CPU_WriteMem(4 bytes @ 0xE0001044)  returns 0x04 (0001ms, 9487ms total)
T21B0 944:788 JLINK_WriteMem(0xE0001048, 0x0004 Bytes, ...) - Data: 00 00 00 00 -- CPU is running -- CPU_WriteMem(4 bytes @ 0xE0001048)  returns 0x04 (0001ms, 9488ms total)
T21B0 944:789 JLINK_WriteMem(0xE0001050, 0x0004 Bytes, ...) - Data: 00 00 00 00 -- CPU is running -- CPU_WriteMem(4 bytes @ 0xE0001050)  returns 0x04 (0001ms, 9489ms total)
T21B0 944:790 JLINK_WriteMem(0xE0001054, 0x0004 Bytes, ...) - Data: 00 00 00 00 -- CPU is running -- CPU_WriteMem(4 bytes @ 0xE0001054)  returns 0x04 (0001ms, 9490ms total)
T21B0 944:791 JLINK_WriteMem(0xE0001058, 0x0004 Bytes, ...) - Data: 00 00 00 00 -- CPU is running -- CPU_WriteMem(4 bytes @ 0xE0001058)  returns 0x04 (0001ms, 9491ms total)
T21B0 944:792 JLINK_Halt()  returns 0x00 (0008ms, 9499ms total)
T21B0 944:800 JLINK_WriteMem(0x400E0A04, 0x0004 Bytes, ...) - Data: 0B 01 00 5A -- CPU_WriteMem(4 bytes @ 0x400E0A04)  returns 0x04 (0001ms, 9500ms total)
T21B0 944:801 JLINK_ReadMem (0x400E0A08, 0x0004 Bytes, ...) -- CPU_ReadMem(4 bytes @ 0x400E0A08) - Data: 01 00 00 00  returns 0x00 (0001ms, 9501ms total)
T21B0 944:802 JLINK_WriteMem(0x400E0A04, 0x0004 Bytes, ...) - Data: 0C 02 00 5A -- CPU_WriteMem(4 bytes @ 0x400E0A04)  returns 0x04 (0001ms, 9502ms total)
T21B0 944:803 JLINK_ReadMem (0x400E0A08, 0x0004 Bytes, ...) -- CPU_ReadMem(4 bytes @ 0x400E0A08) - Data: 01 00 00 00  returns 0x00 (0001ms, 9503ms total)
T21B0 944:804 JLINK_Reset() -- CPU_ReadMem(16 bytes @ 0x20000000) -- CPU_WriteMem(16 bytes @ 0x20000000) -- CPU_ReadMem(4 bytes @ 0xE000EDFC) -- CPU_WriteMem(4 bytes @ 0xE000EDFC) -- CPU_ReadMem(4 bytes @ 0xE0001000) -- CPU_WriteMem(4 bytes @ 0xE000EDFC) -- CPU_WriteMem(16 bytes @ 0x20000000) -- CPU_WriteMem(4 bytes @ 0xE0002000) -- CPU_ReadMem(4 bytes @ 0xE000EDFC) -- CPU_ReadMem(4 bytes @ 0xE0001000) (0037ms, 9540ms total)
T21B0 944:842 JLINK_JTAG_GetDeviceID(DeviceIndex = 0)  returns 0x4BA00477 (0001ms, 9541ms total)
T21B0 944:843 JLINK_ReadMemU32(0x400E0740, 0x0001 Items, ...) -- CPU_ReadMem(4 bytes @ 0x400E0740) - Data: E0 0E A7 29  returns 0x01 (0001ms, 9542ms total)
T21B0 944:844 JLINK_ReadMemU32(0x400E0744, 0x0001 Items, ...) -- CPU_ReadMem(4 bytes @ 0x400E0744) - Data: 00 00 00 00  returns 0x01 (0001ms, 9543ms total)
T21B0 944:845 JLINK_WriteMem(0x400E0A04, 0x0004 Bytes, ...) - Data: 05 00 00 5A -- CPU_WriteMem(4 bytes @ 0x400E0A04)  returns 0x04 (0001ms, 9544ms total)
T21B0 944:846 JLINK_WriteMem(0x400E0C04, 0x0004 Bytes, ...) - Data: 05 00 00 5A -- CPU_WriteMem(4 bytes @ 0x400E0C04)  returns 0x04 (0001ms, 9545ms total)
T21B0 944:847 JLINK_ReadMem (0x400E0A08, 0x0004 Bytes, ...) -- CPU_ReadMem(4 bytes @ 0x400E0A08) - Data: 00 00 00 00  returns 0x00 (0001ms, 9546ms total)
T21B0 944:849 JLINK_ReadMem (0x400E0A08, 0x0004 Bytes, ...) -- CPU_ReadMem(4 bytes @ 0x400E0A08) - Data: 00 00 00 00  returns 0x00 (0001ms, 9547ms total)
T2170 944:852 JLINK_IsHalted()  returns TRUE (0000ms, 9547ms total)
T2170 944:852 JLINK_GetMOEs(...) -- CPU_ReadMem(4 bytes @ 0xE000ED30) -- CPU_WriteMem(4 bytes @ 0xE000ED30)  returns 0x01 (0002ms, 9549ms total)
T21B0 944:854 JLINK_ReadMem (0x400E0A08, 0x0004 Bytes, ...) -- CPU_ReadMem(4 bytes @ 0x400E0A08) - Data: 00 00 00 00  returns 0x00 (0001ms, 9550ms total)
T2170 944:855 JLINK_ReadReg(R15 (PC))  returns 0xFFFFFFFE (0000ms, 9550ms total)
T21B0 944:871 JLINK_ReadMem (0x400E0A08, 0x0004 Bytes, ...) -- CPU_ReadMem(4 bytes @ 0x400E0A08) - Data: 00 00 00 00  returns 0x00 (0001ms, 9551ms total)
T21B0 944:936 JLINK_ReadMem (0x400E0A08, 0x0004 Bytes, ...) -- CPU_ReadMem(4 bytes @ 0x400E0A08) - Data: 00 00 00 00  returns 0x00 (0001ms, 9552ms total)
T2170 945:055 JLINK_IsHalted()  returns TRUE (0000ms, 9552ms total)
T21B0 945:193 JLINK_ReadMem (0x400E0A08, 0x0004 Bytes, ...) -- CPU_ReadMem(4 bytes @ 0x400E0A08) - Data: 00 00 00 00  returns 0x00 (0001ms, 9553ms total)
T2170 945:255 JLINK_IsHalted()  returns TRUE (0000ms, 9553ms total)
T2170 945:455 JLINK_IsHalted()  returns TRUE (0001ms, 9554ms total)
T2170 945:656 JLINK_IsHalted()  returns TRUE (0000ms, 9553ms total)
T2170 945:856 JLINK_IsHalted()  returns TRUE (0000ms, 9553ms total)
T2170 946:056 JLINK_IsHalted()  returns TRUE (0001ms, 9554ms total)
T21B0 946:194 JLINK_ReadMem (0x400E0A08, 0x0004 Bytes, ...) -- CPU_ReadMem(4 bytes @ 0x400E0A08) - Data: 00 00 00 00  returns 0x00 (0001ms, 9554ms total)
T21B0 946:195 JLINK_ReadMem (0x400E0C08, 0x0004 Bytes, ...) -- CPU_ReadMem(4 bytes @ 0x400E0C08) - Data: 00 00 00 00  returns 0x00 (0002ms, 9556ms total)
T21B0 946:198 JLINK_ReadMem (0x400E0C08, 0x0004 Bytes, ...) -- CPU_ReadMem(4 bytes @ 0x400E0C08) - Data: 00 00 00 00  returns 0x00 (0001ms, 9557ms total)
T21B0 946:203 JLINK_ReadMem (0x400E0C08, 0x0004 Bytes, ...) -- CPU_ReadMem(4 bytes @ 0x400E0C08) - Data: 00 00 00 00  returns 0x00 (0001ms, 9558ms total)
T21B0 946:220 JLINK_ReadMem (0x400E0C08, 0x0004 Bytes, ...) -- CPU_ReadMem(4 bytes @ 0x400E0C08) - Data: 00 00 00 00  returns 0x00 (0001ms, 9559ms total)
T2170 946:257 JLINK_IsHalted()  returns TRUE (0000ms, 9559ms total)
T21B0 946:285 JLINK_ReadMem (0x400E0C08, 0x0004 Bytes, ...) -- CPU_ReadMem(4 bytes @ 0x400E0C08) - Data: 00 00 00 00  returns 0x00 (0001ms, 9560ms total)
T2170 946:457 JLINK_IsHalted()  returns TRUE (0000ms, 9560ms total)
T21B0 946:542 JLINK_ReadMem (0x400E0C08, 0x0004 Bytes, ...) -- CPU_ReadMem(4 bytes @ 0x400E0C08) - Data: 00 00 00 00  returns 0x00 (0001ms, 9561ms total)
T2170 946:657 JLINK_IsHalted()  returns TRUE (0001ms, 9562ms total)
T2170 946:858 JLINK_IsHalted()  returns TRUE (0000ms, 9561ms total)
T2170 947:058 JLINK_IsHalted()  returns TRUE (0000ms, 9561ms total)
T2170 947:258 JLINK_IsHalted()  returns TRUE (0001ms, 9562ms total)
T2170 947:459 JLINK_IsHalted()  returns TRUE (0000ms, 9561ms total)
T21B0 947:543 JLINK_ReadMem (0x400E0C08, 0x0004 Bytes, ...) -- CPU_ReadMem(4 bytes @ 0x400E0C08) - Data: 00 00 00 00  returns 0x00 (0001ms, 9562ms total)
T21B0 947:544 JLINK_ReadMem (0x400E0A08, 0x0004 Bytes, ...) -- CPU_ReadMem(4 bytes @ 0x400E0A08) - Data: 00 00 00 00  returns 0x00 (0001ms, 9563ms total)
T21B0 947:546 JLINK_ReadMem (0x400E0A08, 0x0004 Bytes, ...) -- CPU_ReadMem(4 bytes @ 0x400E0A08) - Data: 00 00 00 00  returns 0x00 (0001ms, 9564ms total)
T21B0 947:551 JLINK_ReadMem (0x400E0A08, 0x0004 Bytes, ...) -- CPU_ReadMem(4 bytes @ 0x400E0A08) - Data: 00 00 00 00  returns 0x00 (0001ms, 9565ms total)
T21B0 947:568 JLINK_ReadMem (0x400E0A08, 0x0004 Bytes, ...) -- CPU_ReadMem(4 bytes @ 0x400E0A08) - Data: 00 00 00 00  returns 0x00 (0001ms, 9566ms total)
T21B0 947:633 JLINK_ReadMem (0x400E0A08, 0x0004 Bytes, ...) -- CPU_ReadMem(4 bytes @ 0x400E0A08) - Data: 00 00 00 00  returns 0x00 (0001ms, 9567ms total)
T2170 947:659 JLINK_IsHalted()  returns TRUE (0000ms, 9567ms total)
T2170 947:859 JLINK_IsHalted()  returns TRUE (0001ms, 9568ms total)
T21B0 947:890 JLINK_ReadMem (0x400E0A08, 0x0004 Bytes, ...) -- CPU_ReadMem(4 bytes @ 0x400E0A08) - Data: 00 00 00 00  returns 0x00 (0001ms, 9568ms total)
T2170 948:060 JLINK_IsHalted()  returns TRUE (0000ms, 9568ms total)
T2170 948:260 JLINK_IsHalted()  returns TRUE (0000ms, 9568ms total)
T2170 948:461 JLINK_IsHalted()  returns TRUE (0001ms, 9569ms total)
T2170 948:662 JLINK_IsHalted()  returns TRUE (0000ms, 9568ms total)
T2170 948:862 JLINK_IsHalted()  returns TRUE (0001ms, 9569ms total)
T21B0 948:892 JLINK_ReadMem (0x400E0A08, 0x0004 Bytes, ...) -- CPU_ReadMem(4 bytes @ 0x400E0A08) - Data: 00 00 00 00  returns 0x00 (0001ms, 9569ms total)
T21B0 948:893 JLINK_ReadMem (0x400E0C08, 0x0004 Bytes, ...) -- CPU_ReadMem(4 bytes @ 0x400E0C08) - Data: 00 00 00 00  returns 0x00 (0002ms, 9571ms total)
T21B0 948:896 JLINK_ReadMem (0x400E0C08, 0x0004 Bytes, ...) -- CPU_ReadMem(4 bytes @ 0x400E0C08) - Data: 00 00 00 00  returns 0x00 (0001ms, 9572ms total)
T21B0 948:901 JLINK_ReadMem (0x400E0C08, 0x0004 Bytes, ...) -- CPU_ReadMem(4 bytes @ 0x400E0C08) - Data: 00 00 00 00  returns 0x00 (0001ms, 9573ms total)
T21B0 948:918 JLINK_ReadMem (0x400E0C08, 0x0004 Bytes, ...) -- CPU_ReadMem(4 bytes @ 0x400E0C08) - Data: 00 00 00 00  returns 0x00 (0001ms, 9574ms total)
T21B0 948:983 JLINK_ReadMem (0x400E0C08, 0x0004 Bytes, ...) -- CPU_ReadMem(4 bytes @ 0x400E0C08) - Data: 00 00 00 00  returns 0x00 (0001ms, 9575ms total)
T2170 949:063 JLINK_IsHalted()  returns TRUE (0001ms, 9576ms total)
T21B0 949:240 JLINK_ReadMem (0x400E0C08, 0x0004 Bytes, ...) -- CPU_ReadMem(4 bytes @ 0x400E0C08) - Data: 00 00 00 00  returns 0x00 (0001ms, 9576ms total)
T2170 949:264 JLINK_IsHalted()  returns TRUE (0000ms, 9576ms total)
T2170 949:464 JLINK_IsHalted()  returns TRUE (0000ms, 9576ms total)
T2170 949:664 JLINK_IsHalted()  returns TRUE (0001ms, 9577ms total)
T2170 949:865 JLINK_IsHalted()  returns TRUE (0000ms, 9576ms total)
T2170 950:066 JLINK_IsHalted()  returns TRUE (0000ms, 9576ms total)
T21B0 950:241 JLINK_ReadMem (0x400E0C08, 0x0004 Bytes, ...) -- CPU_ReadMem(4 bytes @ 0x400E0C08) - Data: 01 00 00 00  returns 0x00 (0001ms, 9577ms total)
T21B0 950:242 JLINK_ReadMem (0x400E0A08, 0x0004 Bytes, ...) -- CPU_ReadMem(4 bytes @ 0x400E0A08) - Data: 01 00 00 00  returns 0x00 (0002ms, 9579ms total)
T2170 950:266 JLINK_IsHalted()  returns TRUE (0001ms, 9580ms total)
T21B0 950:268 JLINK_ResetPullsRESET(ON) (0000ms, 9579ms total)
T21B0 950:268 JLINK_ResetNoHalt() >0x2F8 JTAG>TotalIRLen = 4, IRPrint = 0x01 >0x30 JTAG> >0x210 JTAG> >0x70 JTAG> >0x40 JTAG> >0x40 JTAG> >0x40 JTAG> >0x48 JTAG> >0x78 JTAG> >0x40 JTAG> >0x30 JTAG> >0x40 JTAG> >0x40 JTAG> >0x30 JTAG> >0x40 JTAG> >0x48 JTAG>Found Cortex-M4 r0p1, Little endian. -- CPU_WriteMem(4 bytes @ 0xE0002000) -- CPU_ReadMem(4 bytes @ 0xE000EDF0) -- CPU_ReadMem(4 bytes @ 0xE0002000)FPUnit: 6 code (BP) slots and 2 literal slots -- CPU_ReadMem(4 bytes @ 0xE000EDFC)
 -- CPU_ReadMem(4 bytes @ 0xE0001000) -- CPU_ReadMem(4 bytes @ 0xE000ED88) -- CPU_WriteMem(4 bytes @ 0xE000ED88) -- CPU_ReadMem(4 bytes @ 0xE000ED88) -- CPU_WriteMem(4 bytes @ 0xE000ED88)CoreSight components:ROMTbl 0 @ E00FF000 -- CPU_ReadMem(16 bytes @ 0xE00FF000) -- CPU_ReadMem(16 bytes @ 0xE000EFF0) -- CPU_ReadMem(16 bytes @ 0xE000EFE0)ROMTbl 0 [0]: FFF0F000, CID: B105E00D, PID: 000BB000 SCS -- CPU_WriteMem(4 bytes @ 0xE0001000) -- CPU_ReadMem(16 bytes @ 0xE0001FF0)
 -- CPU_ReadMem(16 bytes @ 0xE0001FE0)ROMTbl 0 [1]: FFF02000, CID: B105E00D, PID: 003BB002 DWT -- CPU_ReadMem(16 bytes @ 0xE0002FF0) -- CPU_ReadMem(16 bytes @ 0xE0002FE0)ROMTbl 0 [2]: FFF03000, CID: B105E00D, PID: 002BB003 FPB -- CPU_ReadMem(16 bytes @ 0xE0000FF0) -- CPU_ReadMem(16 bytes @ 0xE0000FE0)ROMTbl 0 [3]: FFF01000, CID: B105E00D, PID: 003BB001 ITM -- CPU_ReadMem(16 bytes @ 0xE00FF010) -- CPU_ReadMem(16 bytes @ 0xE0040FF0) -- CPU_ReadMem(16 bytes @ 0xE0040FE0)
ROMTbl 0 [4]: FFF41000, CID: B105900D, PID: 000BB9A1 TPIU
                JLINK_Reset() -- CPU_ReadMem(16 bytes @ 0x20000000) -- CPU_WriteMem(16 bytes @ 0x20000000) -- CPU_ReadMem(4 bytes @ 0xE000EDFC) -- CPU_WriteMem(4 bytes @ 0xE000EDFC) -- CPU_ReadMem(4 bytes @ 0xE0001000) -- CPU_WriteMem(4 bytes @ 0xE0001004) -- CPU_WriteMem(4 bytes @ 0xE000EDFC) -- CPU_WriteMem(16 bytes @ 0x20000000) -- CPU_WriteMem(4 bytes @ 0xE0002000) -- CPU_ReadMem(4 bytes @ 0xE000EDFC) -- CPU_ReadMem(4 bytes @ 0xE0001000) (0044ms, 0044ms total)
                JLINK_Go() -- CPU_ReadMem(4 bytes @ 0xE0001000) -- CPU_WriteMem(4 bytes @ 0xE0001004) (0003ms, 0047ms total)
               (0092ms, 9671ms total)
T21B0 950:361 JLINK_ExecCommand("ProjectFile = T:\12.02859-2\Entrega\13-LCD-TTY\Codigo\13-LCD-ILI93XX-EXAMPLE\ILI93XX_EXAMPLE1\jlink.config", ...)  returns 0x00 (0000ms, 9671ms total)
T21B0 950:397 JLINK_ExecCommand("Device = AT91SAM4SD32C", ...)Device "ATSAM4SD32C" selected.  returns 0x00 (0001ms, 9672ms total)
T21B0 950:398 JLINK_TIF_Select(JLINKARM_TIF_JTAG)  returns 0x00 (0000ms, 9672ms total)
T21B0 950:398 JLINK_GetIdData(...) ScanLen=4 NumDevices=1 aId[0]=0x4BA00477 aIrRead[0]=0 aScanLen[0]=0 aScanRead[0]=0 (0000ms, 9672ms total)
T21B0 950:398 JLINK_ConfigJTAG(IRPre = 0, DRPre = 0) (0000ms, 9672ms total)
T21B0 950:398 JLINK_SetSpeed(4000) (0001ms, 9673ms total)
T21B0 950:399 JLINK_ResetPullsRESET(OFF) (0000ms, 9673ms total)
T21B0 950:399 JLINK_Connect() >0x2F8 JTAG>TotalIRLen = 4, IRPrint = 0x01 >0x30 JTAG> >0x210 JTAG> >0x70 JTAG> >0x40 JTAG> >0x40 JTAG> >0x40 JTAG> >0x48 JTAG> >0x78 JTAG> >0x40 JTAG> >0x30 JTAG> >0x40 JTAG> >0x40 JTAG> >0x30 JTAG> >0x40 JTAG> >0x48 JTAG>Found Cortex-M4 r0p1, Little endian. -- CPU_WriteMem(4 bytes @ 0xE0002000) -- CPU_ReadMem(4 bytes @ 0xE000EDF0) -- CPU_ReadMem(4 bytes @ 0xE0002000)FPUnit: 6 code (BP) slots and 2 literal slots -- CPU_ReadMem(4 bytes @ 0xE000EDFC)
 -- CPU_ReadMem(4 bytes @ 0xE0001000) -- CPU_WriteMem(4 bytes @ 0xE0001000) -- CPU_ReadMem(4 bytes @ 0xE000ED88) -- CPU_WriteMem(4 bytes @ 0xE000ED88) -- CPU_ReadMem(4 bytes @ 0xE000ED88) -- CPU_WriteMem(4 bytes @ 0xE000ED88)CoreSight components:ROMTbl 0 @ E00FF000 -- CPU_ReadMem(16 bytes @ 0xE00FF000) -- CPU_ReadMem(16 bytes @ 0xE000EFF0) -- CPU_ReadMem(16 bytes @ 0xE000EFE0)ROMTbl 0 [0]: FFF0F000, CID: B105E00D, PID: 000BB000 SCS -- CPU_ReadMem(16 bytes @ 0xE0001FF0)
 -- CPU_ReadMem(16 bytes @ 0xE0001FE0)ROMTbl 0 [1]: FFF02000, CID: B105E00D, PID: 003BB002 DWT -- CPU_ReadMem(16 bytes @ 0xE0002FF0) -- CPU_ReadMem(16 bytes @ 0xE0002FE0)ROMTbl 0 [2]: FFF03000, CID: B105E00D, PID: 002BB003 FPB -- CPU_ReadMem(16 bytes @ 0xE0000FF0) -- CPU_ReadMem(16 bytes @ 0xE0000FE0)ROMTbl 0 [3]: FFF01000, CID: B105E00D, PID: 003BB001 ITM -- CPU_ReadMem(16 bytes @ 0xE00FF010) -- CPU_ReadMem(16 bytes @ 0xE0040FF0) -- CPU_ReadMem(16 bytes @ 0xE0040FE0)
ROMTbl 0 [4]: FFF41000, CID: B105900D, PID: 000BB9A1 TPIU  returns 0x00 (0033ms, 9706ms total)
T21B0 950:432 JLINK_WriteMem(0xE0001020, 0x0004 Bytes, ...) - Data: 00 00 00 00 -- CPU is running -- CPU_WriteMem(4 bytes @ 0xE0001020)  returns 0x04 (0002ms, 9708ms total)
T21B0 950:434 JLINK_WriteMem(0xE0001024, 0x0004 Bytes, ...) - Data: 00 00 00 00 -- CPU is running -- CPU_WriteMem(4 bytes @ 0xE0001024)  returns 0x04 (0001ms, 9709ms total)
T21B0 950:435 JLINK_WriteMem(0xE0001028, 0x0004 Bytes, ...) - Data: 00 00 00 00 -- CPU is running -- CPU_WriteMem(4 bytes @ 0xE0001028)  returns 0x04 (0001ms, 9710ms total)
T21B0 950:436 JLINK_WriteMem(0xE0001030, 0x0004 Bytes, ...) - Data: 00 00 00 00 -- CPU is running -- CPU_WriteMem(4 bytes @ 0xE0001030)  returns 0x04 (0001ms, 9711ms total)
T21B0 950:437 JLINK_WriteMem(0xE0001034, 0x0004 Bytes, ...) - Data: 00 00 00 00 -- CPU is running -- CPU_WriteMem(4 bytes @ 0xE0001034)  returns 0x04 (0000ms, 9711ms total)
T21B0 950:438 JLINK_WriteMem(0xE0001038, 0x0004 Bytes, ...) - Data: 00 00 00 00 -- CPU is running -- CPU_WriteMem(4 bytes @ 0xE0001038)  returns 0x04 (0000ms, 9712ms total)
T21B0 950:438 JLINK_WriteMem(0xE0001040, 0x0004 Bytes, ...) - Data: 00 00 00 00 -- CPU is running -- CPU_WriteMem(4 bytes @ 0xE0001040)  returns 0x04 (0001ms, 9713ms total)
T21B0 950:439 JLINK_WriteMem(0xE0001044, 0x0004 Bytes, ...) - Data: 00 00 00 00 -- CPU is running -- CPU_WriteMem(4 bytes @ 0xE0001044)  returns 0x04 (0001ms, 9714ms total)
T21B0 950:440 JLINK_WriteMem(0xE0001048, 0x0004 Bytes, ...) - Data: 00 00 00 00 -- CPU is running -- CPU_WriteMem(4 bytes @ 0xE0001048)  returns 0x04 (0001ms, 9715ms total)
T21B0 950:441 JLINK_WriteMem(0xE0001050, 0x0004 Bytes, ...) - Data: 00 00 00 00 -- CPU is running -- CPU_WriteMem(4 bytes @ 0xE0001050)  returns 0x04 (0001ms, 9716ms total)
T21B0 950:442 JLINK_WriteMem(0xE0001054, 0x0004 Bytes, ...) - Data: 00 00 00 00 -- CPU is running -- CPU_WriteMem(4 bytes @ 0xE0001054)  returns 0x04 (0001ms, 9717ms total)
T21B0 950:443 JLINK_WriteMem(0xE0001058, 0x0004 Bytes, ...) - Data: 00 00 00 00 -- CPU is running -- CPU_WriteMem(4 bytes @ 0xE0001058)  returns 0x04 (0001ms, 9718ms total)
T21B0 950:444 JLINK_Halt()  returns 0x00 (0004ms, 9722ms total)
T21B0 950:448 JLINK_WriteMem(0x400E0A04, 0x0004 Bytes, ...) - Data: 0B 01 00 5A -- CPU_WriteMem(4 bytes @ 0x400E0A04)  returns 0x04 (0001ms, 9723ms total)
T21B0 950:449 JLINK_ReadMem (0x400E0A08, 0x0004 Bytes, ...) -- CPU_ReadMem(4 bytes @ 0x400E0A08) - Data: 01 00 00 00  returns 0x00 (0001ms, 9724ms total)
T21B0 950:450 JLINK_WriteMem(0x400E0A04, 0x0004 Bytes, ...) - Data: 0C 02 00 5A -- CPU_WriteMem(4 bytes @ 0x400E0A04)  returns 0x04 (0001ms, 9725ms total)
T21B0 950:451 JLINK_ReadMem (0x400E0A08, 0x0004 Bytes, ...) -- CPU_ReadMem(4 bytes @ 0x400E0A08) - Data: 01 00 00 00  returns 0x00 (0001ms, 9726ms total)
T21B0 950:452 JLINK_Reset() -- CPU_ReadMem(16 bytes @ 0x20000000) -- CPU_WriteMem(16 bytes @ 0x20000000) -- CPU_ReadMem(4 bytes @ 0xE000EDFC) -- CPU_WriteMem(4 bytes @ 0xE000EDFC) -- CPU_ReadMem(4 bytes @ 0xE0001000) -- CPU_WriteMem(4 bytes @ 0xE000EDFC) -- CPU_WriteMem(16 bytes @ 0x20000000) -- CPU_WriteMem(4 bytes @ 0xE0002000) -- CPU_ReadMem(4 bytes @ 0xE000EDFC) -- CPU_ReadMem(4 bytes @ 0xE0001000) (0028ms, 9754ms total)
T21B0 950:482 JLINK_JTAG_GetDeviceID(DeviceIndex = 0)  returns 0x4BA00477 (0000ms, 9754ms total)
T21B0 950:482 JLINK_ReadMemU32(0x400E0740, 0x0001 Items, ...) -- CPU_ReadMem(4 bytes @ 0x400E0740) - Data: E0 0E A7 29  returns 0x01 (0001ms, 9755ms total)
T21B0 950:483 JLINK_ReadMemU32(0x400E0744, 0x0001 Items, ...) -- CPU_ReadMem(4 bytes @ 0x400E0744) - Data: 00 00 00 00  returns 0x01 (0001ms, 9756ms total)
T21B0 950:487 JLINK_BeginDownload(Flags = 0x00) (0000ms, 9756ms total)
T21B0 950:487 JLINK_WriteMem(0x00400000, 0x2DF0 Bytes, ...) - Data: 00 3D 00 20 9D 11 40 00 99 11 40 00 99 11 40 00 ...  returns 0x2DF0 (0000ms, 9756ms total)
T21B0 950:487 JLINK_WriteMem(0x00402DF0, 0x084C Bytes, ...) - Data: F0 00 00 00 40 01 00 00 00 09 3D 00 00 00 00 00 ...  returns 0x84C (0000ms, 9756ms total)
T1F70 950:503 JLINK_IsHalted()  returns TRUE (0000ms, 9756ms total)
T1F70 950:503 JLINK_GetMOEs(...) -- CPU_ReadMem(4 bytes @ 0xE000ED30) -- CPU_WriteMem(4 bytes @ 0xE000ED30)  returns 0x01 (0004ms, 9760ms total)
T1F70 950:507 JLINK_ReadReg(R15 (PC)) -- -------------------------------------- -- Start of determining dirty areas in flash cache -- End of determining dirty areas -- Start of preparing flash programming -- Calculating RAM usage -- RAM usage = 2884 Bytes -- Preserving registers -- Preparing memory -- Determining CPU clock frequency -- CPU clock frequency: 4115 kHz -- CPU frequency = 4115 kHz -- Preparing target -- Downloading RAMCode -- Using alternate TurboMode RAMCode -- Checking target RAM
 -- Preparing RAMCode -- End of preparing flash programmingCPU is running at low speed (4115 kHz). -- CPU is running at 4115 kHz. -- Start of comparing flash -- Read back was estimated as fastest method -- Comparing range 0x400000 - 0x4037FF (28 Sectors, 14 KB), using multi-block CRC calculation -- CPU is running -- CPU_ReadMem(512 bytes @ 0x00400000) -- CPU is running -- CPU_ReadMem(512 bytes @ 0x00400200) -- CPU is running -- CPU_ReadMem(512 bytes @ 0x00400400) -- CPU is running
 -- CPU_ReadMem(512 bytes @ 0x00400600) -- CPU is running -- CPU_ReadMem(512 bytes @ 0x00400800) -- CPU is running -- CPU_ReadMem(512 bytes @ 0x00400A00) -- CPU is running -- CPU_ReadMem(512 bytes @ 0x00400C00) -- CPU is running -- CPU_ReadMem(512 bytes @ 0x00400E00) -- CPU is running -- CPU_ReadMem(512 bytes @ 0x00401000) -- CPU is running -- CPU_ReadMem(512 bytes @ 0x00401200) -- CPU is running -- CPU_ReadMem(512 bytes @ 0x00401400) -- CPU is running -- CPU_ReadMem(512 bytes @ 0x00401600)
 -- CPU is running -- CPU_ReadMem(512 bytes @ 0x00401800) -- CPU is running -- CPU_ReadMem(512 bytes @ 0x00401A00) -- CPU is running -- CPU_ReadMem(512 bytes @ 0x00401C00) -- CPU is running -- CPU_ReadMem(512 bytes @ 0x00401E00) -- CPU is running -- CPU_ReadMem(512 bytes @ 0x00402000) -- CPU is running -- CPU_ReadMem(512 bytes @ 0x00402200) -- CPU is running -- CPU_ReadMem(512 bytes @ 0x00402400) -- CPU is running -- CPU_ReadMem(512 bytes @ 0x00402600) -- CPU is running
 -- CPU_ReadMem(512 bytes @ 0x00402800) -- CPU is running -- CPU_ReadMem(512 bytes @ 0x00402A00) -- CPU is running -- CPU_ReadMem(512 bytes @ 0x00402C00) -- CPU is running -- CPU_ReadMem(512 bytes @ 0x00402E00) -- CPU is running -- CPU_ReadMem(512 bytes @ 0x00403000) -- CPU is running -- CPU_ReadMem(512 bytes @ 0x00403200) -- CPU is running -- CPU_ReadMem(512 bytes @ 0x00403400) -- CPU is running -- CPU_ReadMem(512 bytes @ 0x00403600) -- CRC does not match for sectors 0-27 -- End of comparing flash
 -- Start of erasing sectors -- End of erasing sectors -- Start of flash programming -- Programming range 0x00400000 - 0x004037FF (028 Sectors, 14 KB) -- End of flash programming -- Flash programming performed for 1 range (14336 bytes) -- 0x400000 - 0x4037FF (028 Sectors, 14 KB) -- Start of verifying flash -- Checksum calculation was estimated as fastest method -- End of verifying flash -- Start of restoring -- Restore RAMCode -- Restore content of target memory -- Restore target -- Restore memory
 -- Restore content of registers -- End of restoring -- Total time needed: 0.447s (Prepare: 0.085s, Compare: 0.130s, Erase: 0.000s, Program: 0.214s, Verify: 0.008s, Restore: 0.007s)  returns 0xFFFFFFFE (0452ms, 10212ms total)
T24B0 951:070 JLINK_Halt()  returns 0x00 (0001ms, 10213ms total)
T24B0 951:071 JLINK_ReadReg(R15 (PC))  returns 0xFFFFFFFE (0000ms, 10213ms total)
T24B0 951:071 JLINK_ReadReg(R13 (SP))  returns 0xFFFFFFFC (0000ms, 10213ms total)
T1F70 951:159 JLINK_IsHalted()  returns TRUE (0000ms, 10213ms total)
T24B0 951:191 JLINK_ReadReg(R0)  returns 0x400E1400 (0000ms, 10213ms total)
T24B0 951:191 JLINK_ReadReg(R1)  returns 0x40C00000 (0000ms, 10213ms total)
T24B0 951:191 JLINK_ReadReg(R2)  returns 0xA5000005 (0000ms, 10213ms total)
T24B0 951:191 JLINK_ReadReg(R3)  returns 0x00000100 (0000ms, 10213ms total)
T24B0 951:191 JLINK_ReadReg(R4)  returns 0x2000003C (0000ms, 10213ms total)
T24B0 951:191 JLINK_ReadReg(R5)  returns 0x00000000 (0000ms, 10213ms total)
T24B0 951:191 JLINK_ReadReg(R6)  returns 0x20000000 (0000ms, 10213ms total)
T24B0 951:191 JLINK_ReadReg(R7)  returns 0x0080045D (0000ms, 10213ms total)
T24B0 951:191 JLINK_ReadReg(R8)  returns 0x0080044F (0000ms, 10213ms total)
T24B0 951:191 JLINK_ReadReg(R9)  returns 0x2000003C (0000ms, 10213ms total)
T24B0 951:191 JLINK_ReadReg(R10)  returns 0x00800F34 (0000ms, 10213ms total)
T24B0 951:191 JLINK_ReadReg(R11)  returns 0x00000001 (0000ms, 10213ms total)
T24B0 951:191 JLINK_ReadReg(R12)  returns 0x00370028 (0000ms, 10213ms total)
T24B0 951:191 JLINK_ReadReg(R13 (SP))  returns 0xFFFFFFFC (0000ms, 10213ms total)
T24B0 951:191 JLINK_ReadReg(R14)  returns 0xFFFFFFFF (0000ms, 10213ms total)
T24B0 951:191 JLINK_ReadReg(R15 (PC))  returns 0xFFFFFFFE (0000ms, 10213ms total)
T24B0 951:191 JLINK_ReadReg(XPSR)  returns 0x01000000 (0000ms, 10213ms total)
T24B0 951:191 JLINK_ReadReg(MSP)  returns 0xFFFFFFFC (0001ms, 10214ms total)
T24B0 951:192 JLINK_ReadReg(PSP)  returns 0xB64D086C (0000ms, 10214ms total)
T24B0 951:192 JLINK_ReadReg(PRIMASK)  returns 0x00000000 (0000ms, 10214ms total)
T24B0 951:192 JLINK_ReadReg(BASEPRI)  returns 0x00000000 (0000ms, 10214ms total)
T24B0 951:192 JLINK_ReadReg(FAULTMASK)  returns 0x00000000 (0000ms, 10214ms total)
T24B0 951:192 JLINK_ReadReg(CONTROL)  returns 0x00000000 (0000ms, 10214ms total)
T24B0 951:224 JLINK_EndDownload()  returns 0x00 (0000ms, 10214ms total)
T24B0 951:224 JLINK_Reset() -- CPU_ReadMem(16 bytes @ 0x20000000) -- CPU_WriteMem(16 bytes @ 0x20000000) -- CPU_ReadMem(4 bytes @ 0xE000EDFC) -- CPU_WriteMem(4 bytes @ 0xE000EDFC) -- CPU_ReadMem(4 bytes @ 0xE0001000) -- CPU_WriteMem(4 bytes @ 0xE000EDFC) -- CPU_WriteMem(16 bytes @ 0x20000000) -- CPU_WriteMem(4 bytes @ 0xE0002000) -- CPU_ReadMem(4 bytes @ 0xE000EDFC) -- CPU_ReadMem(4 bytes @ 0xE0001000) (0027ms, 10241ms total)
T1F70 951:251 JLINK_IsHalted()  returns TRUE (0001ms, 10242ms total)
T1F70 951:252 JLINK_GetMOEs(...) -- CPU_ReadMem(4 bytes @ 0xE000ED30) -- CPU_WriteMem(4 bytes @ 0xE000ED30)  returns 0x01 (0001ms, 10242ms total)
T1F70 951:253 JLINK_ReadReg(R15 (PC))  returns 0x0040119C (0000ms, 10242ms total)
T24B0 951:261 JLINK_ReadReg(R15 (PC))  returns 0x0040119C (0000ms, 10242ms total)
T24B0 951:261 JLINK_ReadReg(R13 (SP))  returns 0x20003D00 (0000ms, 10242ms total)
T24B0 951:269 JLINK_ReadMemHW(0x0040119C, 0x0004 Bytes, ...) -- CPU_ReadMem(4 bytes @ 0x0040119C) - Data: 08 B5 20 4B  returns 0x00 (0001ms, 10243ms total)
T24B0 951:301 JLINK_ReadMemHW(0x0040157C, 0x0001 Bytes, ...) -- CPU_ReadMem(1 bytes @ 0x0040157C) - Data: 80  returns 0x00 (0001ms, 10244ms total)
T24B0 951:353 JLINK_ReadReg(R15 (PC))  returns 0x0040119C (0000ms, 10244ms total)
T24B0 951:353 JLINK_GetNumBPUnits(Type = 0xFFFFFF02)  returns 0x06 (0000ms, 10244ms total)
T24B0 951:353 JLINK_SetBPEx(Addr = 0x0040157C, Type = 0xFFFFFF02)  returns 0x00000001 (0000ms, 10244ms total)
T24B0 951:353 JLINK_GetBPInfo(BPHandle = 1)  returns 0x00 (0000ms, 10244ms total)
T24B0 951:354 JLINK_Go() -- CPU_ReadMem(4 bytes @ 0xE0001000) -- CPU_WriteMem(4 bytes @ 0xE0002008) -- CPU_WriteMem(4 bytes @ 0xE000200C) -- CPU_WriteMem(4 bytes @ 0xE0002010) -- CPU_WriteMem(4 bytes @ 0xE0002014) -- CPU_WriteMem(4 bytes @ 0xE0002018) -- CPU_WriteMem(4 bytes @ 0xE000201C) -- CPU_WriteMem(4 bytes @ 0xE0001004) (0004ms, 10248ms total)
T1F70 951:358 JLINK_IsHalted()  returns FALSE (0001ms, 10249ms total)
T1F70 951:379 JLINK_IsHalted()  returns TRUE (0004ms, 10252ms total)
T1F70 951:383 JLINK_GetMOEs(...) -- CPU_ReadMem(4 bytes @ 0xE000ED30) -- CPU_WriteMem(4 bytes @ 0xE000ED30)  returns 0x01 (0002ms, 10250ms total)
T1F70 951:385 JLINK_ReadReg(R15 (PC))  returns 0x0040157C (0000ms, 10250ms total)
T1F70 951:385 JLINK_GetBPInfo(BPHandle = 1)  returns 0x00 (0000ms, 10250ms total)
T1F70 951:385 JLINK_ClrBPEx(BPHandle = 0x00000001)  returns 0x00 (0000ms, 10250ms total)
T24B0 951:388 JLINK_ReadReg(R15 (PC))  returns 0x0040157C (0000ms, 10250ms total)
T24B0 951:388 JLINK_ReadReg(R13 (SP))  returns 0x20003CF8 (0000ms, 10250ms total)
T24B0 951:389 JLINK_ReadMemHW(0x0040157C, 0x0004 Bytes, ...) -- CPU_ReadMem(4 bytes @ 0x0040157C) - Data: 80 B5 84 B0  returns 0x00 (0001ms, 10251ms total)
T24B0 951:401 JLINK_ReadReg(R15 (PC))  returns 0x0040157C (0000ms, 10251ms total)
T24B0 951:401 JLINK_Go() -- CPU_ReadMem(4 bytes @ 0xE0001000) -- CPU_WriteMem(4 bytes @ 0xE0002008) (0003ms, 10254ms total)
T1F70 951:404 JLINK_IsHalted()  returns FALSE (0001ms, 10255ms total)
T1F70 951:445 JLINK_IsHalted()  returns FALSE (0001ms, 10255ms total)
T1F70 951:606 JLINK_IsHalted()  returns FALSE (0001ms, 10255ms total)
T1F70 952:247 JLINK_IsHalted()  returns FALSE (0001ms, 10255ms total)
T1F70 952:888 JLINK_IsHalted()  returns FALSE (0001ms, 10255ms total)
T1F70 953:529 JLINK_IsHalted()  returns FALSE (0001ms, 10255ms total)
T1F70 954:170 JLINK_IsHalted()  returns FALSE (0001ms, 10255ms total)
T1F70 954:811 JLINK_IsHalted()  returns FALSE (0001ms, 10255ms total)
T1F70 955:452 JLINK_IsHalted()  returns FALSE (0000ms, 10254ms total)
T1F70 956:092 JLINK_IsHalted()  returns FALSE (0001ms, 10255ms total)
T1F70 956:733 JLINK_IsHalted()  returns FALSE (0001ms, 10255ms total)
T1F70 957:374 JLINK_IsHalted()  returns FALSE (0001ms, 10255ms total)
T1F70 958:015 JLINK_IsHalted()  returns FALSE (0001ms, 10255ms total)
T1F70 958:656 JLINK_IsHalted()  returns FALSE (0001ms, 10255ms total)
T1F70 959:297 JLINK_IsHalted()  returns FALSE (0000ms, 10254ms total)
T1F70 959:938 JLINK_IsHalted()  returns FALSE (0001ms, 10255ms total)
T1F70 960:579 JLINK_IsHalted()  returns FALSE (0001ms, 10255ms total)
T1F70 961:220 JLINK_IsHalted()  returns FALSE (0001ms, 10255ms total)
T1F70 961:861 JLINK_IsHalted()  returns FALSE (0001ms, 10255ms total)
T1F70 962:540 JLINK_IsHalted()  returns FALSE (0002ms, 10256ms total)
T1F70 963:182 JLINK_IsHalted()  returns FALSE (0001ms, 10255ms total)
T1F70 963:823 JLINK_IsHalted()  returns FALSE (0001ms, 10255ms total)
T1F70 964:464 JLINK_IsHalted()  returns FALSE (0001ms, 10255ms total)
T1F70 965:105 JLINK_IsHalted()  returns FALSE (0001ms, 10255ms total)
T1F70 965:746 JLINK_IsHalted()  returns FALSE (0001ms, 10255ms total)
T1F70 966:388 JLINK_IsHalted()  returns FALSE (0001ms, 10255ms total)
T1F70 967:029 JLINK_IsHalted()  returns FALSE (0001ms, 10255ms total)
T1F70 967:670 JLINK_IsHalted()  returns FALSE (0001ms, 10255ms total)
T1F70 968:311 JLINK_IsHalted()  returns FALSE (0001ms, 10255ms total)
T1F70 968:952 JLINK_IsHalted()  returns FALSE (0001ms, 10255ms total)
T1F70 969:593 JLINK_IsHalted()  returns FALSE (0001ms, 10255ms total)
T1F70 970:234 JLINK_IsHalted()  returns FALSE (0001ms, 10255ms total)
T1F70 970:875 JLINK_IsHalted()  returns FALSE (0001ms, 10255ms total)
T1F70 971:516 JLINK_IsHalted()  returns FALSE (0001ms, 10255ms total)
T1F70 972:157 JLINK_IsHalted()  returns FALSE (0001ms, 10255ms total)
T1F70 972:798 JLINK_IsHalted()  returns FALSE (0001ms, 10255ms total)
T1F70 973:439 JLINK_IsHalted()  returns FALSE (0001ms, 10255ms total)
T1F70 974:080 JLINK_IsHalted()  returns FALSE (0001ms, 10255ms total)
T1F70 974:722 JLINK_IsHalted()  returns FALSE (0000ms, 10254ms total)
T1F70 975:362 JLINK_IsHalted()  returns FALSE (0001ms, 10255ms total)
T1F70 976:003 JLINK_IsHalted()  returns FALSE (0001ms, 10255ms total)
T1F70 976:644 JLINK_IsHalted()  returns FALSE (0001ms, 10255ms total)
T1F70 977:285 JLINK_IsHalted()  returns FALSE (0001ms, 10255ms total)
T1F70 977:926 JLINK_IsHalted()  returns FALSE (0001ms, 10255ms total)
T1F70 978:567 JLINK_IsHalted()  returns FALSE (0001ms, 10255ms total)
T1F70 979:208 JLINK_IsHalted()  returns FALSE (0001ms, 10255ms total)
T1F70 979:849 JLINK_IsHalted()  returns FALSE (0001ms, 10255ms total)
T1F70 980:490 JLINK_IsHalted()  returns FALSE (0001ms, 10255ms total)
T1F70 981:131 JLINK_IsHalted()  returns FALSE (0000ms, 10254ms total)
T1F70 981:772 JLINK_IsHalted()  returns FALSE (0001ms, 10255ms total)
T1F70 982:413 JLINK_IsHalted()  returns FALSE (0001ms, 10255ms total)
T1F70 983:054 JLINK_IsHalted()  returns FALSE (0001ms, 10255ms total)
T1F70 983:696 JLINK_IsHalted()  returns FALSE (0001ms, 10255ms total)
T1F70 984:337 JLINK_IsHalted()  returns FALSE (0001ms, 10255ms total)
T1F70 984:978 JLINK_IsHalted()  returns FALSE (0001ms, 10255ms total)
T1F70 985:619 JLINK_IsHalted()  returns FALSE (0001ms, 10255ms total)
T1F70 986:260 JLINK_IsHalted()  returns FALSE (0001ms, 10255ms total)
T1F70 986:905 JLINK_IsHalted()  returns FALSE (0002ms, 10256ms total)
T1F70 987:547 JLINK_IsHalted()  returns FALSE (0001ms, 10255ms total)
T1F70 988:188 JLINK_IsHalted()  returns FALSE (0001ms, 10255ms total)
T1F70 988:829 JLINK_IsHalted()  returns FALSE (0001ms, 10255ms total)
T1F70 989:470 JLINK_IsHalted()  returns FALSE (0001ms, 10255ms total)
T1F70 990:111 JLINK_IsHalted()  returns FALSE (0001ms, 10255ms total)
T1F70 990:752 JLINK_IsHalted()  returns FALSE (0001ms, 10255ms total)
T1F70 991:393 JLINK_IsHalted()  returns FALSE (0001ms, 10255ms total)
T1F70 992:034 JLINK_IsHalted()  returns FALSE (0001ms, 10255ms total)
T1F70 992:675 JLINK_IsHalted()  returns FALSE (0001ms, 10255ms total)
T1F70 993:316 JLINK_IsHalted()  returns FALSE (0001ms, 10255ms total)
T1F70 993:957 JLINK_IsHalted()  returns FALSE (0001ms, 10255ms total)
T1F70 994:598 JLINK_IsHalted()  returns FALSE (0001ms, 10255ms total)
T1F70 995:239 JLINK_IsHalted()  returns FALSE (0000ms, 10254ms total)
T1F70 995:879 JLINK_IsHalted()  returns FALSE (0001ms, 10255ms total)
T1F70 996:520 JLINK_IsHalted()  returns FALSE (0001ms, 10255ms total)
T1F70 997:161 JLINK_IsHalted()  returns FALSE (0001ms, 10255ms total)
T1F70 997:802 JLINK_IsHalted()  returns FALSE (0001ms, 10255ms total)
T1F70 998:443 JLINK_IsHalted()  returns FALSE (0001ms, 10255ms total)
T24B0 998:551 JLINK_Halt()  returns 0x00 (0004ms, 10258ms total)
T1F70 999:084 JLINK_IsHalted()  returns TRUE (0000ms, 10258ms total)
T1F70 999:084 JLINK_GetMOEs(...) -- CPU_ReadMem(4 bytes @ 0xE000ED30) -- CPU_WriteMem(4 bytes @ 0xE000ED30)  returns 0x01 (0002ms, 10260ms total)
T1F70 999:086 JLINK_ReadReg(R15 (PC))  returns 0x00401692 (0000ms, 10260ms total)
T21B0 999:087 JLINK_ResetPullsRESET(ON) (0000ms, 10260ms total)
T21B0 999:087 JLINK_ResetNoHalt() >0x2F8 JTAG>TotalIRLen = 4, IRPrint = 0x01 >0x30 JTAG> >0x210 JTAG> >0x70 JTAG> >0x40 JTAG> >0x40 JTAG> >0x40 JTAG> >0x48 JTAG> >0x78 JTAG> >0x40 JTAG> >0x30 JTAG> >0x40 JTAG> >0x40 JTAG> >0x30 JTAG> >0x40 JTAG> >0x48 JTAG>Found Cortex-M4 r0p1, Little endian. -- CPU_WriteMem(4 bytes @ 0xE0002000) -- CPU_ReadMem(4 bytes @ 0xE000EDF0) -- CPU_ReadMem(4 bytes @ 0xE0002000)FPUnit: 6 code (BP) slots and 2 literal slots -- CPU_ReadMem(4 bytes @ 0xE000EDFC)
 -- CPU_ReadMem(4 bytes @ 0xE0001000) -- CPU_ReadMem(4 bytes @ 0xE000ED88) -- CPU_WriteMem(4 bytes @ 0xE000ED88) -- CPU_ReadMem(4 bytes @ 0xE000ED88) -- CPU_WriteMem(4 bytes @ 0xE000ED88)CoreSight components:ROMTbl 0 @ E00FF000 -- CPU_ReadMem(16 bytes @ 0xE00FF000) -- CPU_ReadMem(16 bytes @ 0xE000EFF0) -- CPU_ReadMem(16 bytes @ 0xE000EFE0)ROMTbl 0 [0]: FFF0F000, CID: B105E00D, PID: 000BB000 SCS -- CPU_WriteMem(4 bytes @ 0xE0001000) -- CPU_ReadMem(16 bytes @ 0xE0001FF0)
 -- CPU_ReadMem(16 bytes @ 0xE0001FE0)ROMTbl 0 [1]: FFF02000, CID: B105E00D, PID: 003BB002 DWT -- CPU_ReadMem(16 bytes @ 0xE0002FF0) -- CPU_ReadMem(16 bytes @ 0xE0002FE0)ROMTbl 0 [2]: FFF03000, CID: B105E00D, PID: 002BB003 FPB -- CPU_ReadMem(16 bytes @ 0xE0000FF0) -- CPU_ReadMem(16 bytes @ 0xE0000FE0)ROMTbl 0 [3]: FFF01000, CID: B105E00D, PID: 003BB001 ITM -- CPU_ReadMem(16 bytes @ 0xE00FF010) -- CPU_ReadMem(16 bytes @ 0xE0040FF0) -- CPU_ReadMem(16 bytes @ 0xE0040FE0)
ROMTbl 0 [4]: FFF41000, CID: B105900D, PID: 000BB9A1 TPIU
                JLINK_Reset() -- CPU_ReadMem(16 bytes @ 0x20000000) -- CPU_WriteMem(16 bytes @ 0x20000000) -- CPU_ReadMem(4 bytes @ 0xE000EDFC) -- CPU_WriteMem(4 bytes @ 0xE000EDFC) -- CPU_ReadMem(4 bytes @ 0xE0001000) -- CPU_WriteMem(4 bytes @ 0xE000EDFC) -- CPU_WriteMem(16 bytes @ 0x20000000) -- CPU_WriteMem(4 bytes @ 0xE0002000) -- CPU_ReadMem(4 bytes @ 0xE000EDFC) -- CPU_ReadMem(4 bytes @ 0xE0001000) (0023ms, 0023ms total)
                JLINK_Go() -- CPU_ReadMem(4 bytes @ 0xE0001000) -- CPU_WriteMem(4 bytes @ 0xE0002008) -- CPU_WriteMem(4 bytes @ 0xE000200C) -- CPU_WriteMem(4 bytes @ 0xE0002010) -- CPU_WriteMem(4 bytes @ 0xE0002014) -- CPU_WriteMem(4 bytes @ 0xE0002018) -- CPU_WriteMem(4 bytes @ 0xE000201C) -- CPU_WriteMem(4 bytes @ 0xE0001004) (0004ms, 0027ms total)
               (0053ms, 10313ms total)
T21B0 999:146 JLINK_Close() -- CPU is running -- CPU_WriteMem(4 bytes @ 0xE0002008) -- CPU is running -- CPU_WriteMem(4 bytes @ 0xE000200C) -- CPU is running -- CPU_WriteMem(4 bytes @ 0xE0002010) -- CPU is running -- CPU_WriteMem(4 bytes @ 0xE0002014) -- CPU is running -- CPU_WriteMem(4 bytes @ 0xE0002018) -- CPU is running -- CPU_WriteMem(4 bytes @ 0xE000201C) >0x78 JTAG> >0x08 JTAG> (0005ms, 10318ms total)
T21B0 999:146  (0005ms, 10318ms total)
T21B0 999:146 Closed (0005ms, 10318ms total)
